 line   address	contents
    1                      ; Linked by DLX-LD.
    2                      ; MemSize 24576
    3                      ; Data size: 407
    4                      ; Text size: 5828
    5                      ; Stack size: 8192
    6  00000000          	.text 0x1000
    7  00001000          	.data 0x3000
    8                      ; Compiled by GCC
    9  00003000          	.text
   10  00001000          	.align 2
   11  00001000          	.proc _isspace
   12  00001000          	.global _isspace
   13  00001000          	_isspace:
   14                      ;  Function 'isspace'; 0 bytes of locals, 1 regs to save.
   15  00001000  afbefffc	sw	-4(r29),r30; push fp
   16  00001004  001df020	add	r30,r0,r29; fp = sp
   17  00001008  afbffff8	sw	-8(r29),r31; push ret addr
   18  0000100c  2fbd0010	subui	r29,r29,#16; alloc local storage
   19  00001010  afa20000	sw	0(r29),r2
   20  00001014  83c20003	lb	r2,3(r30)
   21  00001018  201f0000	addi	r31,r0,#0
   22  0000101c  304100ff	andi	r1,r2,#0x00ff
   23  00001020  60210020	seqi	r1,r1,#32
   24  00001024  14200018	bnez	r1,L6_LF0
   25  00001028  54000000	nop; not filled.
   26  0000102c  2041fff7	addi	r1,r2,#-9
   27  00001030  302100ff	andi	r1,r1,#0x00ff
   28  00001034  70210001	sleui	r1,r1,#1
   29  00001038  10200008	beqz	r1,L5_LF0
   30  0000103c  54000000	nop; not filled.
   31  00001040          	L6_LF0:
   32  00001040  201f0001	addi	r31,r0,#1
   33  00001044          	L5_LF0:
   34  00001044  001f0820	add	r1,r0,r31
   35  00001048  8fa20000	lw	r2,0(r29)
   36  0000104c  8fdffff8	lw	r31,-8(r30)
   37  00001050  001ee820	add	r29,r0,r30
   38  00001054  8fdefffc	lw	r30,-4(r30)
   39  00001058  4be00000	jr	r31
   40  0000105c  54000000	nop
   41  00001060          	.endproc _isspace
   42  00001060          	.align 2
   43  00001060          	.proc _isxdigit
   44  00001060          	.global _isxdigit
   45  00001060          	_isxdigit:
   46                      ;  Function 'isxdigit'; 0 bytes of locals, 1 regs to save.
   47  00001060  afbefffc	sw	-4(r29),r30; push fp
   48  00001064  001df020	add	r30,r0,r29; fp = sp
   49  00001068  afbffff8	sw	-8(r29),r31; push ret addr
   50  0000106c  2fbd0010	subui	r29,r29,#16; alloc local storage
   51  00001070  afa20000	sw	0(r29),r2
   52  00001074  83df0003	lb	r31,3(r30)
   53  00001078  20020000	addi	r2,r0,#0
   54  0000107c  23e1ffd0	addi	r1,r31,#-48
   55  00001080  302100ff	andi	r1,r1,#0x00ff
   56  00001084  70210009	sleui	r1,r1,#9
   57  00001088  14200028	bnez	r1,L12_LF0
   58  0000108c  54000000	nop; not filled.
   59  00001090  23e1ff9f	addi	r1,r31,#-97
   60  00001094  302100ff	andi	r1,r1,#0x00ff
   61  00001098  70210005	sleui	r1,r1,#5
   62  0000109c  14200014	bnez	r1,L12_LF0
   63  000010a0  54000000	nop; not filled.
   64  000010a4  33e100ff	andi	r1,r31,#0x00ff
   65  000010a8  64210041	snei	r1,r1,#65
   66  000010ac  14200008	bnez	r1,L11_LF0
   67  000010b0  54000000	nop; not filled.
   68  000010b4          	L12_LF0:
   69  000010b4  20020001	addi	r2,r0,#1
   70  000010b8          	L11_LF0:
   71  000010b8  00020820	add	r1,r0,r2
   72  000010bc  8fa20000	lw	r2,0(r29)
   73  000010c0  8fdffff8	lw	r31,-8(r30)
   74  000010c4  001ee820	add	r29,r0,r30
   75  000010c8  8fdefffc	lw	r30,-4(r30)
   76  000010cc  4be00000	jr	r31
   77  000010d0  54000000	nop
   78  000010d4          	.endproc _isxdigit
   79  000010d4          	.data
   80  00003000          	.align 2
   81  00003000          	LC0_LF0:
   82  00003000  3100    	.ascii "1\000"
   83  00003002          	.align 2
   84  00003004          	LC1_LF0:
   85  00003004  3200    	.ascii "2\000"
   86  00003006          	.align 2
   87  00003008          	LC2_LF0:
   88  00003008  3300    	.ascii "3\000"
   89  0000300a          	.align 2
   90  0000300c          	LC3_LF0:
   91  0000300c  4552524f	.ascii "ERROR: makeprocs {number of S2} {number of CO}\n\000"
   91  00003010  523a206d	
   91  00003014  616b6570	
   91  00003018  726f6373	
   91  0000301c  207b6e75	
   91  00003020  6d626572	
   91  00003024  206f6620	
   91  00003028  53327d20	
   91  0000302c  7b6e756d	
   91  00003030  62657220	
   91  00003034  6f662043	
   91  00003038  4f7d0a00	
   92  0000303c          	.align 2
   93  0000303c          	LC4_LF0:
   94  0000303c  46415441	.ascii "FATAL ERROR: %s mbox create faild\n\000"
   94  00003040  4c204552	
   94  00003044  524f523a	
   94  00003048  20257320	
   94  0000304c  6d626f78	
   94  00003050  20637265	
   94  00003054  61746520	
   94  00003058  6661696c	
   94  0000305c  640a00  	
   95  0000305f          	.align 2
   96  00003060          	LC5_LF0:
   97  00003060  46415441	.ascii "FATAL ERROR: %s makeprocs mbox open faild\n\000"
   97  00003064  4c204552	
   97  00003068  524f523a	
   97  0000306c  20257320	
   97  00003070  6d616b65	
   97  00003074  70726f63	
   97  00003078  73206d62	
   97  0000307c  6f78206f	
   97  00003080  70656e20	
   97  00003084  6661696c	
   97  00003088  640a00  	
   98  0000308b          	.align 2
   99  0000308c          	LC6_LF0:
  100  0000308c  4d4d4d4d	.ascii "MMMMMMMMMMMMMM: max_proc = %d, reac S2 = %d, reac CO = %d, SO4 = %d\n\000"
  100  00003090  4d4d4d4d	
  100  00003094  4d4d4d4d	
  100  00003098  4d4d3a20	
  100  0000309c  6d61785f	
  100  000030a0  70726f63	
  100  000030a4  203d2025	
  100  000030a8  642c2072	
  100  000030ac  65616320	
  100  000030b0  5332203d	
  100  000030b4  2025642c	
  100  000030b8  20726561	
  100  000030bc  6320434f	
  100  000030c0  203d2025	
  100  000030c4  642c2053	
  100  000030c8  4f34203d	
  100  000030cc  2025640a	
  100  000030d0  00      	
  101  000030d1          	.align 2
  102  000030d4          	LC7_LF0:
  103  000030d4  46415441	.ascii "FATAL ERROR: makeprocs create sem faild\n\000"
  103  000030d8  4c204552	
  103  000030dc  524f523a	
  103  000030e0  206d616b	
  103  000030e4  6570726f	
  103  000030e8  63732063	
  103  000030ec  72656174	
  103  000030f0  65207365	
  103  000030f4  6d206661	
  103  000030f8  696c640a	
  103  000030fc  00      	
  104  000030fd          	.align 2
  105  00003100          	LC8_LF0:
  106  00003100  696e6a65	.ascii "inject.dlx.obj\000"
  106  00003104  63742e64	
  106  00003108  6c782e6f	
  106  0000310c  626a00  	
  107  0000310f          	.align 2
  108  00003110          	LC9_LF0:
  109  00003110  72656163	.ascii "reaction.dlx.obj\000"
  109  00003114  74696f6e	
  109  00003118  2e646c78	
  109  0000311c  2e6f626a	
  109  00003120  00      	
  110  00003121          	.align 2
  111  00003124          	LC10_LF0:
  112  00003124  46415441	.ascii "FATAL ERROR: makeprocs wait sem process remain faild\n\000"
  112  00003128  4c204552	
  112  0000312c  524f523a	
  112  00003130  206d616b	
  112  00003134  6570726f	
  112  00003138  63732077	
  112  0000313c  61697420	
  112  00003140  73656d20	
  112  00003144  70726f63	
  112  00003148  65737320	
  112  0000314c  72656d61	
  112  00003150  696e2066	
  112  00003154  61696c64	
  112  00003158  0a00    	
  113  0000315a          	.align 2
  114  0000315c          	LC11_LF0:
  115  0000315c  4552524f	.ascii "ERROR: makeprocs some mbox close faild\n\000"
  115  00003160  523a206d	
  115  00003164  616b6570	
  115  00003168  726f6373	
  115  0000316c  20736f6d	
  115  00003170  65206d62	
  115  00003174  6f782063	
  115  00003178  6c6f7365	
  115  0000317c  20666169	
  115  00003180  6c640a00	
  116  00003184          	.align 2
  117  00003184          	LC12_LF0:
  118  00003184  52656163	.ascii "Reaction completed\000"
  118  00003188  74696f6e	
  118  0000318c  20636f6d	
  118  00003190  706c6574	
  118  00003194  656400  	
  119  00003197          	.text
  120  000010d4          	.align 2
  121  000010d4          	.proc _main
  122  000010d4          	.global _main
  123  000010d4          	_main:
  124                      ;  Function 'main'; 192 bytes of locals, 0 regs to save.
  125  000010d4  afbefffc	sw	-4(r29),r30; push fp
  126  000010d8  001df020	add	r30,r0,r29; fp = sp
  127  000010dc  afbffff8	sw	-8(r29),r31; push ret addr
  128  000010e0  2fbd00c8	subui	r29,r29,#200; alloc local storage
  129  000010e4  8fc20000	lw	r2,(r30)
  130  000010e8  8fc30004	lw	r3,4(r30)
  131  000010ec  0c0015cc	jal	___main
  132  000010f0  54000000	nop; not filled.
  133  000010f4  3c010000	lhi	r1,((LC0_LF0)>>16)&0xffff
  134  000010f8  24213000	addui	r1,r1,(LC0_LF0)&0xffff
  135  000010fc  80370000	lb	r23,(r1)
  136  00001100  a3d7fff0	sb	-16(r30),r23
  137  00001104  80210001	lb	r1,1(r1)
  138  00001108  a3c1fff1	sb	-15(r30),r1
  139  0000110c  3c010000	lhi	r1,((LC1_LF0)>>16)&0xffff
  140  00001110  24213004	addui	r1,r1,(LC1_LF0)&0xffff
  141  00001114  80370000	lb	r23,(r1)
  142  00001118  a3d7ffe8	sb	-24(r30),r23
  143  0000111c  80210001	lb	r1,1(r1)
  144  00001120  a3c1ffe9	sb	-23(r30),r1
  145  00001124  3c010000	lhi	r1,((LC2_LF0)>>16)&0xffff
  146  00001128  24213008	addui	r1,r1,(LC2_LF0)&0xffff
  147  0000112c  80370000	lb	r23,(r1)
  148  00001130  a3d7ffe0	sb	-32(r30),r23
  149  00001134  80210001	lb	r1,1(r1)
  150  00001138  a3c1ffe1	sb	-31(r30),r1
  151  0000113c  64410003	snei	r1,r2,#3
  152  00001140  1020002c	beqz	r1,L14_LF0
  153  00001144  54000000	nop; not filled.
  154  00001148  23bdfff8	addi	r29,r29,#-8
  155  0000114c  3c170000	lhi	r23,((LC3_LF0)>>16)&0xffff
  156  00001150  26f7300c	addui	r23,r23,(LC3_LF0)&0xffff
  157  00001154  afb70000	sw	(r29),r23
  158  00001158  0c0006b0	jal	_Printf
  159  0000115c  54000000	nop; not filled.
  160  00001160  20010000	addi	r1,r0,#0
  161  00001164  23bd0008	addi	r29,r29,#8
  162  00001168  08000650	j	L13_LF0
  163  0000116c  54000000	nop; not filled.
  164  00001170          	L14_LF0:
  165  00001170  23bdfff0	addi	r29,r29,#-16
  166  00001174  8c770004	lw	r23,4(r3)
  167  00001178  afb70000	sw	(r29),r23
  168  0000117c  20170000	addi	r23,r0,#0
  169  00001180  afb70004	sw	4(r29),r23
  170  00001184  2017000a	addi	r23,r0,#10
  171  00001188  afb70008	sw	8(r29),r23
  172  0000118c  0c001030	jal	_dstrtol
  173  00001190  54000000	nop; not filled.
  174  00001194  00012020	add	r4,r0,r1
  175  00001198  8c770008	lw	r23,8(r3)
  176  0000119c  afb70000	sw	(r29),r23
  177  000011a0  20170000	addi	r23,r0,#0
  178  000011a4  afb70004	sw	4(r29),r23
  179  000011a8  2017000a	addi	r23,r0,#10
  180  000011ac  afb70008	sw	8(r29),r23
  181  000011b0  0c00100c	jal	_dstrtol
  182  000011b4  54000000	nop; not filled.
  183  000011b8  00011020	add	r2,r0,r1
  184  000011bc  0c000700	jal	_mbox_create
  185  000011c0  54000000	nop; not filled.
  186  000011c4  00018820	add	r17,r0,r1
  187  000011c8  23bd0010	addi	r29,r29,#16
  188  000011cc  6221ffff	seqi	r1,r17,#-1
  189  000011d0  1420007c	bnez	r1,L16_LF0
  190  000011d4  54000000	nop; not filled.
  191  000011d8  0c0006e4	jal	_mbox_create
  192  000011dc  54000000	nop; not filled.
  193  000011e0  00019020	add	r18,r0,r1
  194  000011e4  6241ffff	seqi	r1,r18,#-1
  195  000011e8  14200064	bnez	r1,L16_LF0
  196  000011ec  54000000	nop; not filled.
  197  000011f0  0c0006cc	jal	_mbox_create
  198  000011f4  54000000	nop; not filled.
  199  000011f8  00019820	add	r19,r0,r1
  200  000011fc  6261ffff	seqi	r1,r19,#-1
  201  00001200  1420004c	bnez	r1,L16_LF0
  202  00001204  54000000	nop; not filled.
  203  00001208  0c0006b4	jal	_mbox_create
  204  0000120c  54000000	nop; not filled.
  205  00001210  0001a020	add	r20,r0,r1
  206  00001214  6281ffff	seqi	r1,r20,#-1
  207  00001218  14200034	bnez	r1,L16_LF0
  208  0000121c  54000000	nop; not filled.
  209  00001220  0c00069c	jal	_mbox_create
  210  00001224  54000000	nop; not filled.
  211  00001228  0001a820	add	r21,r0,r1
  212  0000122c  62a1ffff	seqi	r1,r21,#-1
  213  00001230  1420001c	bnez	r1,L16_LF0
  214  00001234  54000000	nop; not filled.
  215  00001238  0c000684	jal	_mbox_create
  216  0000123c  54000000	nop; not filled.
  217  00001240  0001b020	add	r22,r0,r1
  218  00001244  62c1ffff	seqi	r1,r22,#-1
  219  00001248  10200030	beqz	r1,L15_LF0
  220  0000124c  54000000	nop; not filled.
  221  00001250          	L16_LF0:
  222  00001250  23bdfff8	addi	r29,r29,#-8
  223  00001254  3c170000	lhi	r23,((LC4_LF0)>>16)&0xffff
  224  00001258  26f7303c	addui	r23,r23,(LC4_LF0)&0xffff
  225  0000125c  afb70000	sw	(r29),r23
  226  00001260  8c610000	lw	r1,(r3)
  227  00001264  afa10004	sw	4(r29),r1
  228  00001268  0c0005a0	jal	_Printf
  229  0000126c  54000000	nop; not filled.
  230  00001270  0c0006a0	jal	_Exit
  231  00001274  54000000	nop; not filled.
  232  00001278  23bd0008	addi	r29,r29,#8
  233  0000127c          	L15_LF0:
  234  0000127c  23bdfff8	addi	r29,r29,#-8
  235  00001280  afb10000	sw	(r29),r17
  236  00001284  0c000644	jal	_mbox_open
  237  00001288  54000000	nop; not filled.
  238  0000128c  23bd0008	addi	r29,r29,#8
  239  00001290  6021ffff	seqi	r1,r1,#-1
  240  00001294  142000a4	bnez	r1,L18_LF0
  241  00001298  54000000	nop; not filled.
  242  0000129c  23bdfff8	addi	r29,r29,#-8
  243  000012a0  afb20000	sw	(r29),r18
  244  000012a4  0c000624	jal	_mbox_open
  245  000012a8  54000000	nop; not filled.
  246  000012ac  23bd0008	addi	r29,r29,#8
  247  000012b0  6021ffff	seqi	r1,r1,#-1
  248  000012b4  14200084	bnez	r1,L18_LF0
  249  000012b8  54000000	nop; not filled.
  250  000012bc  23bdfff8	addi	r29,r29,#-8
  251  000012c0  afb30000	sw	(r29),r19
  252  000012c4  0c000604	jal	_mbox_open
  253  000012c8  54000000	nop; not filled.
  254  000012cc  23bd0008	addi	r29,r29,#8
  255  000012d0  6021ffff	seqi	r1,r1,#-1
  256  000012d4  14200064	bnez	r1,L18_LF0
  257  000012d8  54000000	nop; not filled.
  258  000012dc  23bdfff8	addi	r29,r29,#-8
  259  000012e0  afb40000	sw	(r29),r20
  260  000012e4  0c0005e4	jal	_mbox_open
  261  000012e8  54000000	nop; not filled.
  262  000012ec  23bd0008	addi	r29,r29,#8
  263  000012f0  6021ffff	seqi	r1,r1,#-1
  264  000012f4  14200044	bnez	r1,L18_LF0
  265  000012f8  54000000	nop; not filled.
  266  000012fc  23bdfff8	addi	r29,r29,#-8
  267  00001300  afb50000	sw	(r29),r21
  268  00001304  0c0005c4	jal	_mbox_open
  269  00001308  54000000	nop; not filled.
  270  0000130c  23bd0008	addi	r29,r29,#8
  271  00001310  6021ffff	seqi	r1,r1,#-1
  272  00001314  14200024	bnez	r1,L18_LF0
  273  00001318  54000000	nop; not filled.
  274  0000131c  23bdfff8	addi	r29,r29,#-8
  275  00001320  afb60000	sw	(r29),r22
  276  00001324  0c0005a4	jal	_mbox_open
  277  00001328  54000000	nop; not filled.
  278  0000132c  23bd0008	addi	r29,r29,#8
  279  00001330  6021ffff	seqi	r1,r1,#-1
  280  00001334  10200030	beqz	r1,L17_LF0
  281  00001338  54000000	nop; not filled.
  282  0000133c          	L18_LF0:
  283  0000133c  23bdfff8	addi	r29,r29,#-8
  284  00001340  3c170000	lhi	r23,((LC5_LF0)>>16)&0xffff
  285  00001344  26f73060	addui	r23,r23,(LC5_LF0)&0xffff
  286  00001348  afb70000	sw	(r29),r23
  287  0000134c  8c610000	lw	r1,(r3)
  288  00001350  afa10004	sw	4(r29),r1
  289  00001354  0c0004b4	jal	_Printf
  290  00001358  54000000	nop; not filled.
  291  0000135c  0c0005b4	jal	_Exit
  292  00001360  54000000	nop; not filled.
  293  00001364  23bd0008	addi	r29,r29,#8
  294  00001368          	L17_LF0:
  295  00001368  00048020	add	r16,r0,r4
  296  0000136c  74410000	sgei	r1,r2,#0
  297  00001370  14200008	bnez	r1,L19_LF0
  298  00001374  54000000	nop; not filled.
  299  00001378  20420003	addi	r2,r2,#3
  300  0000137c          	L19_LF0:
  301  0000137c  5c4f0002	srai	r15,r2,#0x2
  302  00001380  00103020	add	r6,r0,r16
  303  00001384  000f2820	add	r5,r0,r15
  304  00001388  23bdfff8	addi	r29,r29,#-8
  305  0000138c  afa50000	sw	(r29),r5
  306  00001390  50c10001	slli	r1,r6,#0x1
  307  00001394  afa10004	sw	4(r29),r1
  308  00001398  0c00126c	jal	_min
  309  0000139c  54000000	nop; not filled.
  310  000013a0  00016820	add	r13,r0,r1
  311  000013a4  afa60000	sw	(r29),r6
  312  000013a8  afa50004	sw	4(r29),r5
  313  000013ac  0c0012ac	jal	_max
  314  000013b0  54000000	nop; not filled.
  315  000013b4  afa10000	sw	(r29),r1
  316  000013b8  afad0004	sw	4(r29),r13
  317  000013bc  0c00129c	jal	_max
  318  000013c0  54000000	nop; not filled.
  319  000013c4  00016020	add	r12,r0,r1
  320  000013c8  23bdfff0	addi	r29,r29,#-16
  321  000013cc  3c170000	lhi	r23,((LC6_LF0)>>16)&0xffff
  322  000013d0  26f7308c	addui	r23,r23,(LC6_LF0)&0xffff
  323  000013d4  afb70000	sw	(r29),r23
  324  000013d8  afac0004	sw	4(r29),r12
  325  000013dc  afa60008	sw	8(r29),r6
  326  000013e0  afa5000c	sw	12(r29),r5
  327  000013e4  afad0010	sw	16(r29),r13
  328  000013e8  0c000420	jal	_Printf
  329  000013ec  54000000	nop; not filled.
  330  000013f0  00060822	sub	r1,r0,r6
  331  000013f4  00250822	sub	r1,r1,r5
  332  000013f8  00260822	sub	r1,r1,r6
  333  000013fc  00250822	sub	r1,r1,r5
  334  00001400  002d0822	sub	r1,r1,r13
  335  00001404  20210001	addi	r1,r1,#1
  336  00001408  afa10000	sw	(r29),r1
  337  0000140c  0c000438	jal	_sem_create
  338  00001410  54000000	nop; not filled.
  339  00001414  00017020	add	r14,r0,r1
  340  00001418  23bd0018	addi	r29,r29,#24
  341  0000141c  61c1ffff	seqi	r1,r14,#-1
  342  00001420  10200028	beqz	r1,L21_LF0
  343  00001424  54000000	nop; not filled.
  344  00001428  23bdfff8	addi	r29,r29,#-8
  345  0000142c  3c170000	lhi	r23,((LC7_LF0)>>16)&0xffff
  346  00001430  26f730d4	addui	r23,r23,(LC7_LF0)&0xffff
  347  00001434  afb70000	sw	(r29),r23
  348  00001438  0c0003d0	jal	_Printf
  349  0000143c  54000000	nop; not filled.
  350  00001440  0c0004d0	jal	_Exit
  351  00001444  54000000	nop; not filled.
  352  00001448  23bd0008	addi	r29,r29,#8
  353  0000144c          	L21_LF0:
  354  0000144c  23bdfff8	addi	r29,r29,#-8
  355  00001450  afb10000	sw	(r29),r17
  356  00001454  23c9ffc8	addi	r9,r30,#-56
  357  00001458  afa90004	sw	4(r29),r9
  358  0000145c  0c000bd4	jal	_ditoa
  359  00001460  54000000	nop; not filled.
  360  00001464  afb20000	sw	(r29),r18
  361  00001468  23c8ffb0	addi	r8,r30,#-80
  362  0000146c  afa80004	sw	4(r29),r8
  363  00001470  0c000bc0	jal	_ditoa
  364  00001474  54000000	nop; not filled.
  365  00001478  afb30000	sw	(r29),r19
  366  0000147c  23c4ff98	addi	r4,r30,#-104
  367  00001480  afa40004	sw	4(r29),r4
  368  00001484  0c000bac	jal	_ditoa
  369  00001488  54000000	nop; not filled.
  370  0000148c  afb40000	sw	(r29),r20
  371  00001490  23c7ff80	addi	r7,r30,#-128
  372  00001494  afa70004	sw	4(r29),r7
  373  00001498  0c000b98	jal	_ditoa
  374  0000149c  54000000	nop; not filled.
  375  000014a0  afb50000	sw	(r29),r21
  376  000014a4  23c1ff68	addi	r1,r30,#-152
  377  000014a8  afa10004	sw	4(r29),r1
  378  000014ac  0c000b84	jal	_ditoa
  379  000014b0  54000000	nop; not filled.
  380  000014b4  afb60000	sw	(r29),r22
  381  000014b8  23c1ff50	addi	r1,r30,#-176
  382  000014bc  afa10004	sw	4(r29),r1
  383  000014c0  0c000b70	jal	_ditoa
  384  000014c4  54000000	nop; not filled.
  385  000014c8  afae0000	sw	(r29),r14
  386  000014cc  23c3ff38	addi	r3,r30,#-200
  387  000014d0  afa30004	sw	4(r29),r3
  388  000014d4  0c000b5c	jal	_ditoa
  389  000014d8  54000000	nop; not filled.
  390  000014dc  20020000	addi	r2,r0,#0
  391  000014e0  23bd0008	addi	r29,r29,#8
  392  000014e4  004c082a	slt	r1,r2,r12
  393  000014e8  10200198	beqz	r1,L23_LF0
  394  000014ec  54000000	nop; not filled.
  395  000014f0  23cbfff0	addi	r11,r30,#-16
  396  000014f4  00095020	add	r10,r0,r9
  397  000014f8  23c9ffe8	addi	r9,r30,#-24
  398  000014fc          	L25_LF0:
  399  000014fc  0050082a	slt	r1,r2,r16
  400  00001500  1020003c	beqz	r1,L26_LF0
  401  00001504  54000000	nop; not filled.
  402  00001508  23bdffe0	addi	r29,r29,#-32
  403  0000150c  3c170000	lhi	r23,((LC8_LF0)>>16)&0xffff
  404  00001510  26f73100	addui	r23,r23,(LC8_LF0)&0xffff
  405  00001514  afb70000	sw	(r29),r23
  406  00001518  20170000	addi	r23,r0,#0
  407  0000151c  afb70004	sw	4(r29),r23
  408  00001520  afb70008	sw	8(r29),r23
  409  00001524  afab000c	sw	12(r29),r11
  410  00001528  afaa0010	sw	16(r29),r10
  411  0000152c  afa30014	sw	20(r29),r3
  412  00001530  afb70018	sw	24(r29),r23
  413  00001534  0c0002ec	jal	_process_create
  414  00001538  54000000	nop; not filled.
  415  0000153c  23bd0020	addi	r29,r29,#32
  416  00001540          	L26_LF0:
  417  00001540  004f082a	slt	r1,r2,r15
  418  00001544  1020003c	beqz	r1,L27_LF0
  419  00001548  54000000	nop; not filled.
  420  0000154c  23bdffe0	addi	r29,r29,#-32
  421  00001550  3c170000	lhi	r23,((LC8_LF0)>>16)&0xffff
  422  00001554  26f73100	addui	r23,r23,(LC8_LF0)&0xffff
  423  00001558  afb70000	sw	(r29),r23
  424  0000155c  20170000	addi	r23,r0,#0
  425  00001560  afb70004	sw	4(r29),r23
  426  00001564  afb70008	sw	8(r29),r23
  427  00001568  afa9000c	sw	12(r29),r9
  428  0000156c  afa80010	sw	16(r29),r8
  429  00001570  afa30014	sw	20(r29),r3
  430  00001574  afb70018	sw	24(r29),r23
  431  00001578  0c0002a8	jal	_process_create
  432  0000157c  54000000	nop; not filled.
  433  00001580  23bd0020	addi	r29,r29,#32
  434  00001584          	L27_LF0:
  435  00001584  0046082a	slt	r1,r2,r6
  436  00001588  10200044	beqz	r1,L28_LF0
  437  0000158c  54000000	nop; not filled.
  438  00001590  23bdffd8	addi	r29,r29,#-40
  439  00001594  3c170000	lhi	r23,((LC9_LF0)>>16)&0xffff
  440  00001598  26f73110	addui	r23,r23,(LC9_LF0)&0xffff
  441  0000159c  afb70000	sw	(r29),r23
  442  000015a0  20170000	addi	r23,r0,#0
  443  000015a4  afb70004	sw	4(r29),r23
  444  000015a8  afb70008	sw	8(r29),r23
  445  000015ac  afab000c	sw	12(r29),r11
  446  000015b0  afaa0010	sw	16(r29),r10
  447  000015b4  afa40014	sw	20(r29),r4
  448  000015b8  afa40018	sw	24(r29),r4
  449  000015bc  afa3001c	sw	28(r29),r3
  450  000015c0  afb70020	sw	32(r29),r23
  451  000015c4  0c00025c	jal	_process_create
  452  000015c8  54000000	nop; not filled.
  453  000015cc  23bd0028	addi	r29,r29,#40
  454  000015d0          	L28_LF0:
  455  000015d0  0045082a	slt	r1,r2,r5
  456  000015d4  10200048	beqz	r1,L29_LF0
  457  000015d8  54000000	nop; not filled.
  458  000015dc  23bdffd8	addi	r29,r29,#-40
  459  000015e0  3c170000	lhi	r23,((LC9_LF0)>>16)&0xffff
  460  000015e4  26f73110	addui	r23,r23,(LC9_LF0)&0xffff
  461  000015e8  afb70000	sw	(r29),r23
  462  000015ec  20170000	addi	r23,r0,#0
  463  000015f0  afb70004	sw	4(r29),r23
  464  000015f4  afb70008	sw	8(r29),r23
  465  000015f8  afa9000c	sw	12(r29),r9
  466  000015fc  afa80010	sw	16(r29),r8
  467  00001600  afa70014	sw	20(r29),r7
  468  00001604  23c1ff68	addi	r1,r30,#-152
  469  00001608  afa10018	sw	24(r29),r1
  470  0000160c  afa3001c	sw	28(r29),r3
  471  00001610  afb70020	sw	32(r29),r23
  472  00001614  0c00020c	jal	_process_create
  473  00001618  54000000	nop; not filled.
  474  0000161c  23bd0028	addi	r29,r29,#40
  475  00001620          	L29_LF0:
  476  00001620  004d082a	slt	r1,r2,r13
  477  00001624  1020004c	beqz	r1,L24_LF0
  478  00001628  54000000	nop; not filled.
  479  0000162c  23bdffd8	addi	r29,r29,#-40
  480  00001630  3c170000	lhi	r23,((LC9_LF0)>>16)&0xffff
  481  00001634  26f73110	addui	r23,r23,(LC9_LF0)&0xffff
  482  00001638  afb70000	sw	(r29),r23
  483  0000163c  20170000	addi	r23,r0,#0
  484  00001640  afb70004	sw	4(r29),r23
  485  00001644  afb70008	sw	8(r29),r23
  486  00001648  23c1ffe0	addi	r1,r30,#-32
  487  0000164c  afa1000c	sw	12(r29),r1
  488  00001650  afa40010	sw	16(r29),r4
  489  00001654  afa70014	sw	20(r29),r7
  490  00001658  23c1ff50	addi	r1,r30,#-176
  491  0000165c  afa10018	sw	24(r29),r1
  492  00001660  afa3001c	sw	28(r29),r3
  493  00001664  afb70020	sw	32(r29),r23
  494  00001668  0c0001b8	jal	_process_create
  495  0000166c  54000000	nop; not filled.
  496  00001670  23bd0028	addi	r29,r29,#40
  497  00001674          	L24_LF0:
  498  00001674  20420001	addi	r2,r2,#1
  499  00001678  004c082a	slt	r1,r2,r12
  500  0000167c  1420fe7c	bnez	r1,L25_LF0
  501  00001680  54000000	nop; not filled.
  502  00001684          	L23_LF0:
  503  00001684  23bdfff8	addi	r29,r29,#-8
  504  00001688  afae0000	sw	(r29),r14
  505  0000168c  0c0001c4	jal	_sem_wait
  506  00001690  54000000	nop; not filled.
  507  00001694  23bd0008	addi	r29,r29,#8
  508  00001698  64210001	snei	r1,r1,#1
  509  0000169c  10200028	beqz	r1,L32_LF0
  510  000016a0  54000000	nop; not filled.
  511  000016a4  23bdfff8	addi	r29,r29,#-8
  512  000016a8  3c170000	lhi	r23,((LC10_LF0)>>16)&0xffff
  513  000016ac  26f73124	addui	r23,r23,(LC10_LF0)&0xffff
  514  000016b0  afb70000	sw	(r29),r23
  515  000016b4  0c000154	jal	_Printf
  516  000016b8  54000000	nop; not filled.
  517  000016bc  0c000254	jal	_Exit
  518  000016c0  54000000	nop; not filled.
  519  000016c4  23bd0008	addi	r29,r29,#8
  520  000016c8          	L32_LF0:
  521  000016c8  23bdfff8	addi	r29,r29,#-8
  522  000016cc  afb10000	sw	(r29),r17
  523  000016d0  0c000204	jal	_mbox_close
  524  000016d4  54000000	nop; not filled.
  525  000016d8  23bd0008	addi	r29,r29,#8
  526  000016dc  6021ffff	seqi	r1,r1,#-1
  527  000016e0  142000a4	bnez	r1,L34_LF0
  528  000016e4  54000000	nop; not filled.
  529  000016e8  23bdfff8	addi	r29,r29,#-8
  530  000016ec  afb20000	sw	(r29),r18
  531  000016f0  0c0001e4	jal	_mbox_close
  532  000016f4  54000000	nop; not filled.
  533  000016f8  23bd0008	addi	r29,r29,#8
  534  000016fc  6021ffff	seqi	r1,r1,#-1
  535  00001700  14200084	bnez	r1,L34_LF0
  536  00001704  54000000	nop; not filled.
  537  00001708  23bdfff8	addi	r29,r29,#-8
  538  0000170c  afb30000	sw	(r29),r19
  539  00001710  0c0001c4	jal	_mbox_close
  540  00001714  54000000	nop; not filled.
  541  00001718  23bd0008	addi	r29,r29,#8
  542  0000171c  6021ffff	seqi	r1,r1,#-1
  543  00001720  14200064	bnez	r1,L34_LF0
  544  00001724  54000000	nop; not filled.
  545  00001728  23bdfff8	addi	r29,r29,#-8
  546  0000172c  afb40000	sw	(r29),r20
  547  00001730  0c0001a4	jal	_mbox_close
  548  00001734  54000000	nop; not filled.
  549  00001738  23bd0008	addi	r29,r29,#8
  550  0000173c  6021ffff	seqi	r1,r1,#-1
  551  00001740  14200044	bnez	r1,L34_LF0
  552  00001744  54000000	nop; not filled.
  553  00001748  23bdfff8	addi	r29,r29,#-8
  554  0000174c  afb50000	sw	(r29),r21
  555  00001750  0c000184	jal	_mbox_close
  556  00001754  54000000	nop; not filled.
  557  00001758  23bd0008	addi	r29,r29,#8
  558  0000175c  6021ffff	seqi	r1,r1,#-1
  559  00001760  14200024	bnez	r1,L34_LF0
  560  00001764  54000000	nop; not filled.
  561  00001768  23bdfff8	addi	r29,r29,#-8
  562  0000176c  afb60000	sw	(r29),r22
  563  00001770  0c000164	jal	_mbox_close
  564  00001774  54000000	nop; not filled.
  565  00001778  23bd0008	addi	r29,r29,#8
  566  0000177c  6021ffff	seqi	r1,r1,#-1
  567  00001780  10200018	beqz	r1,L33_LF0
  568  00001784  54000000	nop; not filled.
  569  00001788          	L34_LF0:
  570  00001788  23bdfff8	addi	r29,r29,#-8
  571  0000178c  3c170000	lhi	r23,((LC11_LF0)>>16)&0xffff
  572  00001790  26f7315c	addui	r23,r23,(LC11_LF0)&0xffff
  573  00001794  08000010	j	L36_LF0
  574  00001798  54000000	nop; not filled.
  575  0000179c          	L33_LF0:
  576  0000179c  23bdfff8	addi	r29,r29,#-8
  577  000017a0  3c170000	lhi	r23,((LC12_LF0)>>16)&0xffff
  578  000017a4  26f73184	addui	r23,r23,(LC12_LF0)&0xffff
  579  000017a8          	L36_LF0:
  580  000017a8  afb70000	sw	(r29),r23
  581  000017ac  0c00005c	jal	_Printf
  582  000017b0  54000000	nop; not filled.
  583  000017b4  23bd0008	addi	r29,r29,#8
  584  000017b8  20010000	addi	r1,r0,#0
  585  000017bc          	L13_LF0:
  586  000017bc  0c000ef0	jal	_exit
  587  000017c0  54000000	nop
  588  000017c4          	.endproc _main
  589                      ;;;
  590                      ;;; Stub functions for DLX traps.
  591                      ;;;
  592                      ;;; Ethan L. Miller, 1999.  Released to the public domain.
  593                      ;;;
  594                      ;;; The traps such as Open and Close
  595                      ;;; (note the capital letters) are for use by user programs.  The traps
  596                      ;;; with names such as open and close (lower case) are for use by the OS.
  597                      ;;;
  600  000017c4          	.align 2
  602                      ;;; The following are the traps to be used by user-level programs
  603                      ;;;
  605  000017c4          	.align 2
  606  000017c4          	.proc _Open
  607  000017c4          	.global _Open
  608  000017c4          	_Open:
  609                      ;;; Note that trap #0x213 actually causes a trap vector in the OS of
  610                      ;;; 0x1213.  The same is true for other user traps.  Thus, a user trap
  611                      ;;; with trap #0x240 will result in a trap vector of 0x1240 in the OS.
  612  000017c4  44000213	trap	#0x213
  613  000017c8  4be00000	jr	r31
  614  000017cc  54000000	nop
  615  000017d0          	.endproc _Open
  617  000017d0          	.proc _Close
  618  000017d0          	.global _Close
  619  000017d0          	_Close:
  620  000017d0  44000214	trap	#0x214
  621  000017d4  4be00000	jr	r31
  622  000017d8  54000000	nop
  623  000017dc          	.endproc _Close
  625  000017dc          	.proc _Read
  626  000017dc          	.global _Read
  627  000017dc          	_Read:
  628  000017dc  44000210	trap	#0x210
  629  000017e0  4be00000	jr	r31
  630  000017e4  54000000	nop
  631  000017e8          	.endproc _Read
  633  000017e8          	.proc _Write
  634  000017e8          	.global _Write
  635  000017e8          	_Write:
  636  000017e8  44000211	trap	#0x211
  637  000017ec  4be00000	jr	r31
  638  000017f0  54000000	nop
  639  000017f4          	.endproc _Write
  641  000017f4          	.proc _Lseek
  642  000017f4          	.global _Lseek
  643  000017f4          	_Lseek:
  644  000017f4  44000212	trap	#0x212
  645  000017f8  4be00000	jr	r31
  646  000017fc  54000000	nop
  647  00001800          	.endproc _Lseek
  649  00001800          	.proc _Putchar
  650  00001800          	.global _Putchar
  651  00001800          	_Putchar:
  652  00001800  44000280	trap	#0x280
  653  00001804  4be00000	jr	r31
  654  00001808  54000000	nop
  655  0000180c          	.endproc _Putchar
  657  0000180c          	.proc _Printf
  658  0000180c          	.global _Printf
  659  0000180c          	_Printf:
  660  0000180c  44000201	trap	#0x201
  661  00001810  4be00000	jr	r31
  662  00001814  54000000	nop
  663  00001818          	.endproc _Printf
  665  00001818          	.proc _getpid
  666  00001818          	.global _getpid
  667  00001818          	_getpid:
  668  00001818  44000431	trap	#0x431
  669  0000181c  4be00000	jr	r31
  670  00001820  54000000	nop
  671  00001824          	.endproc _getpid
  673  00001824          	.proc _process_create
  674  00001824          	.global _process_create
  675  00001824          	_process_create:
  676  00001824  44000432	trap	#0x432
  677  00001828  4be00000	jr	r31
  678  0000182c  54000000	nop
  679  00001830          	.endproc _process_create
  681  00001830          	.proc _shmget
  682  00001830          	.global _shmget
  683  00001830          	_shmget:
  684  00001830  44000440	trap	#0x440
  685  00001834  4be00000	jr	r31
  686  00001838  54000000	nop
  687  0000183c          	.endproc _shmget
  689  0000183c          	.proc _shmat
  690  0000183c          	.global _shmat
  691  0000183c          	_shmat:
  692  0000183c  44000441	trap	#0x441
  693  00001840  4be00000	jr	r31
  694  00001844  54000000	nop
  695  00001848          	.endproc _shmat
  697  00001848          	.proc _sem_create
  698  00001848          	.global _sem_create
  699  00001848          	_sem_create:
  700  00001848  44000450	trap	#0x450
  701  0000184c  4be00000	jr	r31
  702  00001850  54000000	nop
  703  00001854          	.endproc _sem_create
  705  00001854          	.proc _sem_wait
  706  00001854          	.global _sem_wait
  707  00001854          	_sem_wait:
  708  00001854  44000451	trap	#0x451
  709  00001858  4be00000	jr	r31
  710  0000185c  54000000	nop
  711  00001860          	.endproc _sem_wait
  713  00001860          	.proc _sem_signal
  714  00001860          	.global _sem_signal
  715  00001860          	_sem_signal:
  716  00001860  44000452	trap	#0x452
  717  00001864  4be00000	jr	r31
  718  00001868  54000000	nop
  719  0000186c          	.endproc _sem_signal
  721  0000186c          	.proc _lock_create
  722  0000186c          	.global _lock_create
  723  0000186c          	_lock_create:
  724  0000186c  44000453	trap	#0x453
  725  00001870  4be00000	jr	r31
  726  00001874  54000000	nop
  727  00001878          	.endproc _lock_create
  729  00001878          	.proc _lock_acquire
  730  00001878          	.global _lock_acquire
  731  00001878          	_lock_acquire:
  732  00001878  44000454	trap	#0x454
  733  0000187c  4be00000	jr	r31
  734  00001880  54000000	nop
  735  00001884          	.endproc _lock_acquire
  737  00001884          	.proc _lock_release
  738  00001884          	.global _lock_release
  739  00001884          	_lock_release:
  740  00001884  44000455	trap	#0x455
  741  00001888  4be00000	jr	r31
  742  0000188c  54000000	nop
  743  00001890          	.endproc _lock_release
  745  00001890          	.proc _cond_create
  746  00001890          	.global _cond_create
  747  00001890          	_cond_create:
  748  00001890  44000456	trap	#0x456
  749  00001894  4be00000	jr	r31
  750  00001898  54000000	nop
  751  0000189c          	.endproc _cond_create
  753  0000189c          	.proc _cond_wait
  754  0000189c          	.global _cond_wait
  755  0000189c          	_cond_wait:
  756  0000189c  44000457	trap	#0x457
  757  000018a0  4be00000	jr	r31
  758  000018a4  54000000	nop
  759  000018a8          	.endproc _cond_wait
  761  000018a8          	.proc _cond_signal
  762  000018a8          	.global _cond_signal
  763  000018a8          	_cond_signal:
  764  000018a8  44000458	trap	#0x458
  765  000018ac  4be00000	jr	r31
  766  000018b0  54000000	nop
  767  000018b4          	.endproc _cond_signal
  769  000018b4          	.proc _cond_broadcast
  770  000018b4          	.global _cond_broadcast
  771  000018b4          	_cond_broadcast:
  772  000018b4  44000459	trap	#0x459
  773  000018b8  4be00000	jr	r31
  774  000018bc  54000000	nop
  775  000018c0          	.endproc _cond_broadcast
  777  000018c0          	.proc _mbox_create
  778  000018c0          	.global _mbox_create
  779  000018c0          	_mbox_create:
  780  000018c0  44000460	trap	#0x460
  781  000018c4  4be00000	jr	r31
  782  000018c8  54000000	nop
  783  000018cc          	.endproc _mbox_create
  785  000018cc          	.proc _mbox_open
  786  000018cc          	.global _mbox_open
  787  000018cc          	_mbox_open:
  788  000018cc  44000461	trap	#0x461
  789  000018d0  4be00000	jr	r31
  790  000018d4  54000000	nop
  791  000018d8          	.endproc _mbox_open
  793  000018d8          	.proc _mbox_close
  794  000018d8          	.global _mbox_close
  795  000018d8          	_mbox_close:
  796  000018d8  44000462	trap	#0x462
  797  000018dc  4be00000	jr	r31
  798  000018e0  54000000	nop
  799  000018e4          	.endproc _mbox_close
  801  000018e4          	.proc _mbox_send
  802  000018e4          	.global _mbox_send
  803  000018e4          	_mbox_send:
  804  000018e4  44000463	trap	#0x463
  805  000018e8  4be00000	jr	r31
  806  000018ec  54000000	nop
  807  000018f0          	.endproc _mbox_send
  809  000018f0          	.proc _mbox_recv
  810  000018f0          	.global _mbox_recv
  811  000018f0          	_mbox_recv:
  812  000018f0  44000464	trap	#0x464
  813  000018f4  4be00000	jr	r31
  814  000018f8  54000000	nop
  815  000018fc          	.endproc _mbox_recv
  817  000018fc          	.proc _sleep
  818  000018fc          	.global _sleep
  819  000018fc          	_sleep:
  820  000018fc  44000465	trap	#0x465
  821  00001900  4be00000	jr	r31
  822  00001904  54000000	nop
  823  00001908          	.endproc _sleep
  825  00001908          	.proc _yield
  826  00001908          	.global _yield
  827  00001908          	_yield:
  828  00001908  44000466	trap	#0x466
  829  0000190c  4be00000	jr	r31
  830  00001910  54000000	nop
  831  00001914          	.endproc _yield
  834  00001914          	.proc _Exit
  835  00001914          	.global _Exit
  836  00001914          	_Exit:
  837  00001914  44000500	trap	#0x500
  838  00001918  4be00000	jr	r31
  839  0000191c  54000000	nop
  840  00001920          	.endproc _Exit
  841                      ; Compiled by GCC
  843  00001920          	.align 2
  844  00001920          	.proc _isspace
  845  00001920          	.global _isspace
  846  00001920          	_isspace:
  847                      ;  Function 'isspace'; 0 bytes of locals, 3 regs to save.
  848  00001920  afbefffc	sw	-4(r29),r30; push fp
  849  00001924  001df020	add	r30,r0,r29; fp = sp
  850  00001928  afbffff8	sw	-8(r29),r31; push ret addr
  851  0000192c  2fbd0018	subui	r29,r29,#24; alloc local storage
  852  00001930  afa20000	sw	0(r29),r2
  853  00001934  afa30004	sw	4(r29),r3
  854  00001938  afa40008	sw	8(r29),r4
  855  0000193c  83c20003	lb	r2,3(r30)
  856  00001940  20010000	addi	r1,r0,#0
  857  00001944  304300ff	andi	r3,r2,#0x00ff
  858  00001948  60640020	seqi	r4,r3,#32
  859  0000194c  1480002c	bnez	r4,L3_LF2
  860  00001950  54000000	nop; delay slot nop
  861  00001954  304300ff	andi	r3,r2,#0x00ff
  862  00001958  60640009	seqi	r4,r3,#9
  863  0000195c  1480001c	bnez	r4,L3_LF2
  864  00001960  54000000	nop; delay slot nop
  865  00001964  304300ff	andi	r3,r2,#0x00ff
  866  00001968  6064000a	seqi	r4,r3,#10
  867  0000196c  1480000c	bnez	r4,L3_LF2
  868  00001970  54000000	nop; delay slot nop
  869  00001974  08000008	j	L2_LF2
  870  00001978  54000000	nop; delay slot nop
  871  0000197c          	L3_LF2:
  872  0000197c  20010001	addi	r1,r0,#1
  873  00001980          	L2_LF2:
  874  00001980  08000004	j	L1_LF2
  875  00001984  54000000	nop; delay slot nop
  876  00001988          	L1_LF2:
  877  00001988  8fa20000	lw	r2,0(r29)
  878  0000198c  8fa30004	lw	r3,4(r29)
  879  00001990  8fa40008	lw	r4,8(r29)
  880  00001994  8fdffff8	lw	r31,-8(r30)
  881  00001998  001ee820	add	r29,r0,r30
  882  0000199c  8fdefffc	lw	r30,-4(r30)
  883  000019a0  4be00000	jr	r31
  884  000019a4  54000000	nop
  885  000019a8          	.endproc _isspace
  886  000019a8          	.align 2
  887  000019a8          	.proc _isxdigit
  888  000019a8          	.global _isxdigit
  889  000019a8          	_isxdigit:
  890                      ;  Function 'isxdigit'; 0 bytes of locals, 3 regs to save.
  891  000019a8  afbefffc	sw	-4(r29),r30; push fp
  892  000019ac  001df020	add	r30,r0,r29; fp = sp
  893  000019b0  afbffff8	sw	-8(r29),r31; push ret addr
  894  000019b4  2fbd0018	subui	r29,r29,#24; alloc local storage
  895  000019b8  afa20000	sw	0(r29),r2
  896  000019bc  afa30004	sw	4(r29),r3
  897  000019c0  afa40008	sw	8(r29),r4
  898  000019c4  83c20003	lb	r2,3(r30)
  899  000019c8  20010000	addi	r1,r0,#0
  900  000019cc  304300ff	andi	r3,r2,#0x00ff
  901  000019d0  6c64002f	sgtui	r4,r3,#47
  902  000019d4  1080001c	beqz	r4,L7_LF2
  903  000019d8  54000000	nop; delay slot nop
  904  000019dc  304300ff	andi	r3,r2,#0x00ff
  905  000019e0  70640039	sleui	r4,r3,#57
  906  000019e4  1480005c	bnez	r4,L6_LF2
  907  000019e8  54000000	nop; delay slot nop
  908  000019ec  08000004	j	L7_LF2
  909  000019f0  54000000	nop; delay slot nop
  910  000019f4          	L7_LF2:
  911  000019f4  304300ff	andi	r3,r2,#0x00ff
  912  000019f8  6c640060	sgtui	r4,r3,#96
  913  000019fc  1080001c	beqz	r4,L8_LF2
  914  00001a00  54000000	nop; delay slot nop
  915  00001a04  304300ff	andi	r3,r2,#0x00ff
  916  00001a08  70640066	sleui	r4,r3,#102
  917  00001a0c  14800034	bnez	r4,L6_LF2
  918  00001a10  54000000	nop; delay slot nop
  919  00001a14  08000004	j	L8_LF2
  920  00001a18  54000000	nop; delay slot nop
  921  00001a1c          	L8_LF2:
  922  00001a1c  304300ff	andi	r3,r2,#0x00ff
  923  00001a20  6c640040	sgtui	r4,r3,#64
  924  00001a24  10800020	beqz	r4,L5_LF2
  925  00001a28  54000000	nop; delay slot nop
  926  00001a2c  304300ff	andi	r3,r2,#0x00ff
  927  00001a30  70640041	sleui	r4,r3,#65
  928  00001a34  1480000c	bnez	r4,L6_LF2
  929  00001a38  54000000	nop; delay slot nop
  930  00001a3c  08000008	j	L5_LF2
  931  00001a40  54000000	nop; delay slot nop
  932  00001a44          	L6_LF2:
  933  00001a44  20010001	addi	r1,r0,#1
  934  00001a48          	L5_LF2:
  935  00001a48  08000004	j	L4_LF2
  936  00001a4c  54000000	nop; delay slot nop
  937  00001a50          	L4_LF2:
  938  00001a50  8fa20000	lw	r2,0(r29)
  939  00001a54  8fa30004	lw	r3,4(r29)
  940  00001a58  8fa40008	lw	r4,8(r29)
  941  00001a5c  8fdffff8	lw	r31,-8(r30)
  942  00001a60  001ee820	add	r29,r0,r30
  943  00001a64  8fdefffc	lw	r30,-4(r30)
  944  00001a68  4be00000	jr	r31
  945  00001a6c  54000000	nop
  946  00001a70          	.endproc _isxdigit
  947  00001a70          	.align 2
  948  00001a70          	.proc _dstrcpy
  949  00001a70          	.global _dstrcpy
  950  00001a70          	_dstrcpy:
  951                      ;  Function 'dstrcpy'; 8 bytes of locals, 2 regs to save.
  952  00001a70  afbefffc	sw	-4(r29),r30; push fp
  953  00001a74  001df020	add	r30,r0,r29; fp = sp
  954  00001a78  afbffff8	sw	-8(r29),r31; push ret addr
  955  00001a7c  2fbd0018	subui	r29,r29,#24; alloc local storage
  956  00001a80  afa20000	sw	0(r29),r2
  957  00001a84  afa30004	sw	4(r29),r3
  958  00001a88  8fc10000	lw	r1,(r30)
  959  00001a8c  afc1fff4	sw	-12(r30),r1
  960  00001a90          	L10_LF2:
  961  00001a90  8fc10000	lw	r1,(r30)
  962  00001a94  20220001	addi	r2,r1,#1
  963  00001a98  afc20000	sw	(r30),r2
  964  00001a9c  8fc20004	lw	r2,4(r30)
  965  00001aa0  20430001	addi	r3,r2,#1
  966  00001aa4  afc30004	sw	4(r30),r3
  967  00001aa8  80420000	lb	r2,(r2)
  968  00001aac  a0220000	sb	(r1),r2
  969  00001ab0  a3c2fff3	sb	-13(r30),r2
  970  00001ab4          	L12_LF2:
  971  00001ab4  93c1fff3	lbu	r1,-13(r30)
  972  00001ab8  64220000	snei	r2,r1,#0
  973  00001abc  1440000c	bnez	r2,L13_LF2
  974  00001ac0  54000000	nop; delay slot nop
  975  00001ac4  0800000c	j	L11_LF2
  976  00001ac8  54000000	nop; delay slot nop
  977  00001acc          	L13_LF2:
  978  00001acc  0bffffc0	j	L10_LF2
  979  00001ad0  54000000	nop; delay slot nop
  980  00001ad4          	L11_LF2:
  981  00001ad4  8fc1fff4	lw	r1,-12(r30)
  982  00001ad8  08000004	j	L9_LF2
  983  00001adc  54000000	nop; delay slot nop
  984  00001ae0          	L9_LF2:
  985  00001ae0  8fa20000	lw	r2,0(r29)
  986  00001ae4  8fa30004	lw	r3,4(r29)
  987  00001ae8  8fdffff8	lw	r31,-8(r30)
  988  00001aec  001ee820	add	r29,r0,r30
  989  00001af0  8fdefffc	lw	r30,-4(r30)
  990  00001af4  4be00000	jr	r31
  991  00001af8  54000000	nop
  992  00001afc          	.endproc _dstrcpy
  993  00001afc          	.align 2
  994  00001afc          	.proc _dstrncpy
  995  00001afc          	.global _dstrncpy
  996  00001afc          	_dstrncpy:
  997                      ;  Function 'dstrncpy'; 8 bytes of locals, 2 regs to save.
  998  00001afc  afbefffc	sw	-4(r29),r30; push fp
  999  00001b00  001df020	add	r30,r0,r29; fp = sp
 1000  00001b04  afbffff8	sw	-8(r29),r31; push ret addr
 1001  00001b08  2fbd0018	subui	r29,r29,#24; alloc local storage
 1002  00001b0c  afa20000	sw	0(r29),r2
 1003  00001b10  afa30004	sw	4(r29),r3
 1004  00001b14  8fc10000	lw	r1,(r30)
 1005  00001b18  afc1fff4	sw	-12(r30),r1
 1006  00001b1c          	L15_LF2:
 1007  00001b1c  8fc10008	lw	r1,8(r30)
 1008  00001b20  2022ffff	addi	r2,r1,#-1
 1009  00001b24  afc20008	sw	8(r30),r2
 1010  00001b28  70210000	slei	r1,r1,#0
 1011  00001b2c  1020000c	beqz	r1,L18_LF2
 1012  00001b30  54000000	nop; delay slot nop
 1013  00001b34  08000048	j	L16_LF2
 1014  00001b38  54000000	nop; delay slot nop
 1015  00001b3c          	L18_LF2:
 1016  00001b3c  8fc10000	lw	r1,(r30)
 1017  00001b40  20220001	addi	r2,r1,#1
 1018  00001b44  afc20000	sw	(r30),r2
 1019  00001b48  8fc20004	lw	r2,4(r30)
 1020  00001b4c  20430001	addi	r3,r2,#1
 1021  00001b50  afc30004	sw	4(r30),r3
 1022  00001b54  80420000	lb	r2,(r2)
 1023  00001b58  a0220000	sb	(r1),r2
 1024  00001b5c  a3c2fff3	sb	-13(r30),r2
 1025  00001b60          	L17_LF2:
 1026  00001b60  93c1fff3	lbu	r1,-13(r30)
 1027  00001b64  64220000	snei	r2,r1,#0
 1028  00001b68  1440000c	bnez	r2,L19_LF2
 1029  00001b6c  54000000	nop; delay slot nop
 1030  00001b70  0800000c	j	L16_LF2
 1031  00001b74  54000000	nop; delay slot nop
 1032  00001b78          	L19_LF2:
 1033  00001b78  0bffffa0	j	L15_LF2
 1034  00001b7c  54000000	nop; delay slot nop
 1035  00001b80          	L16_LF2:
 1036  00001b80  8fc1fff4	lw	r1,-12(r30)
 1037  00001b84  08000004	j	L14_LF2
 1038  00001b88  54000000	nop; delay slot nop
 1039  00001b8c          	L14_LF2:
 1040  00001b8c  8fa20000	lw	r2,0(r29)
 1041  00001b90  8fa30004	lw	r3,4(r29)
 1042  00001b94  8fdffff8	lw	r31,-8(r30)
 1043  00001b98  001ee820	add	r29,r0,r30
 1044  00001b9c  8fdefffc	lw	r30,-4(r30)
 1045  00001ba0  4be00000	jr	r31
 1046  00001ba4  54000000	nop
 1047  00001ba8          	.endproc _dstrncpy
 1048  00001ba8          	.align 2
 1049  00001ba8          	.proc _dstrcat
 1050  00001ba8          	.global _dstrcat
 1051  00001ba8          	_dstrcat:
 1052                      ;  Function 'dstrcat'; 8 bytes of locals, 1 regs to save.
 1053  00001ba8  afbefffc	sw	-4(r29),r30; push fp
 1054  00001bac  001df020	add	r30,r0,r29; fp = sp
 1055  00001bb0  afbffff8	sw	-8(r29),r31; push ret addr
 1056  00001bb4  2fbd0018	subui	r29,r29,#24; alloc local storage
 1057  00001bb8  afa20000	sw	0(r29),r2
 1058  00001bbc  8fc10000	lw	r1,(r30)
 1059  00001bc0  afc1fff4	sw	-12(r30),r1
 1060  00001bc4          	L21_LF2:
 1061  00001bc4  8fc10000	lw	r1,(r30)
 1062  00001bc8  90220000	lbu	r2,(r1)
 1063  00001bcc  64410000	snei	r1,r2,#0
 1064  00001bd0  1420000c	bnez	r1,L23_LF2
 1065  00001bd4  54000000	nop; delay slot nop
 1066  00001bd8  0800001c	j	L22_LF2
 1067  00001bdc  54000000	nop; delay slot nop
 1068  00001be0          	L23_LF2:
 1069  00001be0  8fc20000	lw	r2,(r30)
 1070  00001be4  20410001	addi	r1,r2,#1
 1071  00001be8  00011020	add	r2,r0,r1
 1072  00001bec  afc20000	sw	(r30),r2
 1073  00001bf0  0bffffd0	j	L21_LF2
 1074  00001bf4  54000000	nop; delay slot nop
 1075  00001bf8          	L22_LF2:
 1076  00001bf8  23bdfff8	addi	r29,r29,#-8
 1077  00001bfc  001d0820	add	r1,r0,r29
 1078  00001c00  8fc20000	lw	r2,(r30)
 1079  00001c04  ac220000	sw	(r1),r2
 1080  00001c08  8fc20004	lw	r2,4(r30)
 1081  00001c0c  ac220004	sw	4(r1),r2
 1082  00001c10  0ffffe5c	jal	_dstrcpy
 1083  00001c14  54000000	nop; delay slot nop
 1084  00001c18  23bd0008	addi	r29,r29,#8
 1085  00001c1c  8fc1fff4	lw	r1,-12(r30)
 1086  00001c20  08000004	j	L20_LF2
 1087  00001c24  54000000	nop; delay slot nop
 1088  00001c28          	L20_LF2:
 1089  00001c28  8fa20000	lw	r2,0(r29)
 1090  00001c2c  8fdffff8	lw	r31,-8(r30)
 1091  00001c30  001ee820	add	r29,r0,r30
 1092  00001c34  8fdefffc	lw	r30,-4(r30)
 1093  00001c38  4be00000	jr	r31
 1094  00001c3c  54000000	nop
 1095  00001c40          	.endproc _dstrcat
 1096  00001c40          	.align 2
 1097  00001c40          	.proc _dstrncmp
 1098  00001c40          	.global _dstrncmp
 1099  00001c40          	_dstrncmp:
 1100                      ;  Function 'dstrncmp'; 8 bytes of locals, 2 regs to save.
 1101  00001c40  afbefffc	sw	-4(r29),r30; push fp
 1102  00001c44  001df020	add	r30,r0,r29; fp = sp
 1103  00001c48  afbffff8	sw	-8(r29),r31; push ret addr
 1104  00001c4c  2fbd0018	subui	r29,r29,#24; alloc local storage
 1105  00001c50  afa20000	sw	0(r29),r2
 1106  00001c54  afa30004	sw	4(r29),r3
 1107  00001c58  54000000	nop
 1108  00001c5c  20010000	addi	r1,r0,#0
 1109  00001c60  afc1fff4	sw	-12(r30),r1
 1110  00001c64          	L25_LF2:
 1111  00001c64  8fc1fff4	lw	r1,-12(r30)
 1112  00001c68  8fc20008	lw	r2,8(r30)
 1113  00001c6c  0022082a	slt	r1,r1,r2
 1114  00001c70  1420000c	bnez	r1,L28_LF2
 1115  00001c74  54000000	nop; delay slot nop
 1116  00001c78  08000088	j	L26_LF2
 1117  00001c7c  54000000	nop; delay slot nop
 1118  00001c80          	L28_LF2:
 1119  00001c80  8fc10004	lw	r1,4(r30)
 1120  00001c84  90220000	lbu	r2,(r1)
 1121  00001c88  64410000	snei	r1,r2,#0
 1122  00001c8c  14200018	bnez	r1,L29_LF2
 1123  00001c90  54000000	nop; delay slot nop
 1124  00001c94  20010000	addi	r1,r0,#0
 1125  00001c98  080000d8	j	L24_LF2
 1126  00001c9c  54000000	nop; delay slot nop
 1127  00001ca0  08000028	j	L30_LF2
 1128  00001ca4  54000000	nop; delay slot nop
 1129  00001ca8          	L29_LF2:
 1130  00001ca8  8fc10000	lw	r1,(r30)
 1131  00001cac  8fc20004	lw	r2,4(r30)
 1132  00001cb0  90210000	lbu	r1,(r1)
 1133  00001cb4  90420000	lbu	r2,(r2)
 1134  00001cb8  00220829	sne	r1,r1,r2
 1135  00001cbc  1020000c	beqz	r1,L30_LF2
 1136  00001cc0  54000000	nop; delay slot nop
 1137  00001cc4  0800003c	j	L26_LF2
 1138  00001cc8  54000000	nop; delay slot nop
 1139  00001ccc          	L31_LF2:
 1140  00001ccc          	L30_LF2:
 1141  00001ccc  8fc20000	lw	r2,(r30)
 1142  00001cd0  20410001	addi	r1,r2,#1
 1143  00001cd4  00011020	add	r2,r0,r1
 1144  00001cd8  afc20000	sw	(r30),r2
 1145  00001cdc  8fc20004	lw	r2,4(r30)
 1146  00001ce0  20410001	addi	r1,r2,#1
 1147  00001ce4  00011020	add	r2,r0,r1
 1148  00001ce8  afc20004	sw	4(r30),r2
 1149  00001cec          	L27_LF2:
 1150  00001cec  8fc2fff4	lw	r2,-12(r30)
 1151  00001cf0  20410001	addi	r1,r2,#1
 1152  00001cf4  00011020	add	r2,r0,r1
 1153  00001cf8  afc2fff4	sw	-12(r30),r2
 1154  00001cfc  0bffff64	j	L25_LF2
 1155  00001d00  54000000	nop; delay slot nop
 1156  00001d04          	L26_LF2:
 1157  00001d04  8fc1fff4	lw	r1,-12(r30)
 1158  00001d08  8fc20008	lw	r2,8(r30)
 1159  00001d0c  00220828	seq	r1,r1,r2
 1160  00001d10  10200018	beqz	r1,L32_LF2
 1161  00001d14  54000000	nop; delay slot nop
 1162  00001d18  20010000	addi	r1,r0,#0
 1163  00001d1c  08000054	j	L24_LF2
 1164  00001d20  54000000	nop; delay slot nop
 1165  00001d24  0800004c	j	L33_LF2
 1166  00001d28  54000000	nop; delay slot nop
 1167  00001d2c          	L32_LF2:
 1168  00001d2c  8fc20000	lw	r2,(r30)
 1169  00001d30  90410000	lbu	r1,(r2)
 1170  00001d34  8fc20004	lw	r2,4(r30)
 1171  00001d38  90430000	lbu	r3,(r2)
 1172  00001d3c  00230822	sub	r1,r1,r3
 1173  00001d40  74220000	sgei	r2,r1,#0
 1174  00001d44  10400020	beqz	r2,L34_LF2
 1175  00001d48  54000000	nop; delay slot nop
 1176  00001d4c  8fc10000	lw	r1,(r30)
 1177  00001d50  8fc20004	lw	r2,4(r30)
 1178  00001d54  90210000	lbu	r1,(r1)
 1179  00001d58  90420000	lbu	r2,(r2)
 1180  00001d5c  00220829	sne	r1,r1,r2
 1181  00001d60  08000008	j	L35_LF2
 1182  00001d64  54000000	nop; delay slot nop
 1183  00001d68          	L34_LF2:
 1184  00001d68  2001ffff	addi	r1,r0,#-1
 1185  00001d6c          	L35_LF2:
 1186  00001d6c  08000004	j	L24_LF2
 1187  00001d70  54000000	nop; delay slot nop
 1188  00001d74          	L33_LF2:
 1189  00001d74          	L24_LF2:
 1190  00001d74  8fa20000	lw	r2,0(r29)
 1191  00001d78  8fa30004	lw	r3,4(r29)
 1192  00001d7c  8fdffff8	lw	r31,-8(r30)
 1193  00001d80  001ee820	add	r29,r0,r30
 1194  00001d84  8fdefffc	lw	r30,-4(r30)
 1195  00001d88  4be00000	jr	r31
 1196  00001d8c  54000000	nop
 1197  00001d90          	.endproc _dstrncmp
 1198  00001d90          	.align 2
 1199  00001d90          	.proc _dstrlen
 1200  00001d90          	.global _dstrlen
 1201  00001d90          	_dstrlen:
 1202                      ;  Function 'dstrlen'; 8 bytes of locals, 1 regs to save.
 1203  00001d90  afbefffc	sw	-4(r29),r30; push fp
 1204  00001d94  001df020	add	r30,r0,r29; fp = sp
 1205  00001d98  afbffff8	sw	-8(r29),r31; push ret addr
 1206  00001d9c  2fbd0018	subui	r29,r29,#24; alloc local storage
 1207  00001da0  afa20000	sw	0(r29),r2
 1208  00001da4  20010000	addi	r1,r0,#0
 1209  00001da8  afc1fff4	sw	-12(r30),r1
 1210  00001dac          	L37_LF2:
 1211  00001dac  8fc10000	lw	r1,(r30)
 1212  00001db0  20220001	addi	r2,r1,#1
 1213  00001db4  afc20000	sw	(r30),r2
 1214  00001db8  90210000	lbu	r1,(r1)
 1215  00001dbc  64220000	snei	r2,r1,#0
 1216  00001dc0  1440000c	bnez	r2,L39_LF2
 1217  00001dc4  54000000	nop; delay slot nop
 1218  00001dc8  0800001c	j	L38_LF2
 1219  00001dcc  54000000	nop; delay slot nop
 1220  00001dd0          	L39_LF2:
 1221  00001dd0  8fc2fff4	lw	r2,-12(r30)
 1222  00001dd4  20410001	addi	r1,r2,#1
 1223  00001dd8  00011020	add	r2,r0,r1
 1224  00001ddc  afc2fff4	sw	-12(r30),r2
 1225  00001de0  0bffffc8	j	L37_LF2
 1226  00001de4  54000000	nop; delay slot nop
 1227  00001de8          	L38_LF2:
 1228  00001de8  8fc1fff4	lw	r1,-12(r30)
 1229  00001dec  08000004	j	L36_LF2
 1230  00001df0  54000000	nop; delay slot nop
 1231  00001df4          	L36_LF2:
 1232  00001df4  8fa20000	lw	r2,0(r29)
 1233  00001df8  8fdffff8	lw	r31,-8(r30)
 1234  00001dfc  001ee820	add	r29,r0,r30
 1235  00001e00  8fdefffc	lw	r30,-4(r30)
 1236  00001e04  4be00000	jr	r31
 1237  00001e08  54000000	nop
 1238  00001e0c          	.endproc _dstrlen
 1239  00001e0c          	.align 2
 1240  00001e0c          	.proc _dstrstr
 1241  00001e0c          	.global _dstrstr
 1242  00001e0c          	_dstrstr:
 1243                      ;  Function 'dstrstr'; 8 bytes of locals, 1 regs to save.
 1244  00001e0c  afbefffc	sw	-4(r29),r30; push fp
 1245  00001e10  001df020	add	r30,r0,r29; fp = sp
 1246  00001e14  afbffff8	sw	-8(r29),r31; push ret addr
 1247  00001e18  2fbd0018	subui	r29,r29,#24; alloc local storage
 1248  00001e1c  afa20000	sw	0(r29),r2
 1249  00001e20  23bdfff8	addi	r29,r29,#-8
 1250  00001e24  001d0820	add	r1,r0,r29
 1251  00001e28  8fc20004	lw	r2,4(r30)
 1252  00001e2c  ac220000	sw	(r1),r2
 1253  00001e30  0fffff5c	jal	_dstrlen
 1254  00001e34  54000000	nop; delay slot nop
 1255  00001e38  23bd0008	addi	r29,r29,#8
 1256  00001e3c  afc1fff4	sw	-12(r30),r1
 1257  00001e40          	L41_LF2:
 1258  00001e40  8fc10000	lw	r1,(r30)
 1259  00001e44  90220000	lbu	r2,(r1)
 1260  00001e48  64410000	snei	r1,r2,#0
 1261  00001e4c  1420000c	bnez	r1,L43_LF2
 1262  00001e50  54000000	nop; delay slot nop
 1263  00001e54  08000060	j	L42_LF2
 1264  00001e58  54000000	nop; delay slot nop
 1265  00001e5c          	L43_LF2:
 1266  00001e5c  23bdfff0	addi	r29,r29,#-16
 1267  00001e60  001d0820	add	r1,r0,r29
 1268  00001e64  8fc20000	lw	r2,(r30)
 1269  00001e68  ac220000	sw	(r1),r2
 1270  00001e6c  8fc20004	lw	r2,4(r30)
 1271  00001e70  ac220004	sw	4(r1),r2
 1272  00001e74  8fc2fff4	lw	r2,-12(r30)
 1273  00001e78  ac220008	sw	8(r1),r2
 1274  00001e7c  0ffffdc0	jal	_dstrncmp
 1275  00001e80  54000000	nop; delay slot nop
 1276  00001e84  23bd0010	addi	r29,r29,#16
 1277  00001e88  64220000	snei	r2,r1,#0
 1278  00001e8c  14400010	bnez	r2,L44_LF2
 1279  00001e90  54000000	nop; delay slot nop
 1280  00001e94  8fc10000	lw	r1,(r30)
 1281  00001e98  08000028	j	L40_LF2
 1282  00001e9c  54000000	nop; delay slot nop
 1283  00001ea0          	L44_LF2:
 1284  00001ea0  8fc20000	lw	r2,(r30)
 1285  00001ea4  20410001	addi	r1,r2,#1
 1286  00001ea8  00011020	add	r2,r0,r1
 1287  00001eac  afc20000	sw	(r30),r2
 1288  00001eb0  0bffff8c	j	L41_LF2
 1289  00001eb4  54000000	nop; delay slot nop
 1290  00001eb8          	L42_LF2:
 1291  00001eb8  20010000	addi	r1,r0,#0
 1292  00001ebc  08000004	j	L40_LF2
 1293  00001ec0  54000000	nop; delay slot nop
 1294  00001ec4          	L40_LF2:
 1295  00001ec4  8fa20000	lw	r2,0(r29)
 1296  00001ec8  8fdffff8	lw	r31,-8(r30)
 1297  00001ecc  001ee820	add	r29,r0,r30
 1298  00001ed0  8fdefffc	lw	r30,-4(r30)
 1299  00001ed4  4be00000	jr	r31
 1300  00001ed8  54000000	nop
 1301  00001edc          	.endproc _dstrstr
 1302  00001edc          	.align 2
 1303  00001edc          	.proc _dmindex
 1304  00001edc          	.global _dmindex
 1305  00001edc          	_dmindex:
 1306                      ;  Function 'dmindex'; 8 bytes of locals, 1 regs to save.
 1307  00001edc  afbefffc	sw	-4(r29),r30; push fp
 1308  00001ee0  001df020	add	r30,r0,r29; fp = sp
 1309  00001ee4  afbffff8	sw	-8(r29),r31; push ret addr
 1310  00001ee8  2fbd0018	subui	r29,r29,#24; alloc local storage
 1311  00001eec  afa20000	sw	0(r29),r2
 1312  00001ef0  54000000	nop
 1313  00001ef4          	L46_LF2:
 1314  00001ef4  8fc10000	lw	r1,(r30)
 1315  00001ef8  90220000	lbu	r2,(r1)
 1316  00001efc  64410000	snei	r1,r2,#0
 1317  00001f00  1420000c	bnez	r1,L48_LF2
 1318  00001f04  54000000	nop; delay slot nop
 1319  00001f08  08000070	j	L47_LF2
 1320  00001f0c  54000000	nop; delay slot nop
 1321  00001f10          	L48_LF2:
 1322  00001f10  8fc10004	lw	r1,4(r30)
 1323  00001f14  afc1fff4	sw	-12(r30),r1
 1324  00001f18          	L49_LF2:
 1325  00001f18  8fc1fff4	lw	r1,-12(r30)
 1326  00001f1c  90220000	lbu	r2,(r1)
 1327  00001f20  64410000	snei	r1,r2,#0
 1328  00001f24  1420000c	bnez	r1,L52_LF2
 1329  00001f28  54000000	nop; delay slot nop
 1330  00001f2c  08000044	j	L50_LF2
 1331  00001f30  54000000	nop; delay slot nop
 1332  00001f34          	L52_LF2:
 1333  00001f34  8fc10000	lw	r1,(r30)
 1334  00001f38  8fc2fff4	lw	r2,-12(r30)
 1335  00001f3c  90210000	lbu	r1,(r1)
 1336  00001f40  90420000	lbu	r2,(r2)
 1337  00001f44  00220828	seq	r1,r1,r2
 1338  00001f48  10200010	beqz	r1,L51_LF2
 1339  00001f4c  54000000	nop; delay slot nop
 1340  00001f50  8fc10000	lw	r1,(r30)
 1341  00001f54  08000030	j	L45_LF2
 1342  00001f58  54000000	nop; delay slot nop
 1343  00001f5c          	L53_LF2:
 1344  00001f5c          	L51_LF2:
 1345  00001f5c  8fc2fff4	lw	r2,-12(r30)
 1346  00001f60  20410001	addi	r1,r2,#1
 1347  00001f64  00011020	add	r2,r0,r1
 1348  00001f68  afc2fff4	sw	-12(r30),r2
 1349  00001f6c  0bffffa8	j	L49_LF2
 1350  00001f70  54000000	nop; delay slot nop
 1351  00001f74          	L50_LF2:
 1352  00001f74  0bffff7c	j	L46_LF2
 1353  00001f78  54000000	nop; delay slot nop
 1354  00001f7c          	L47_LF2:
 1355  00001f7c  20010000	addi	r1,r0,#0
 1356  00001f80  08000004	j	L45_LF2
 1357  00001f84  54000000	nop; delay slot nop
 1358  00001f88          	L45_LF2:
 1359  00001f88  8fa20000	lw	r2,0(r29)
 1360  00001f8c  8fdffff8	lw	r31,-8(r30)
 1361  00001f90  001ee820	add	r29,r0,r30
 1362  00001f94  8fdefffc	lw	r30,-4(r30)
 1363  00001f98  4be00000	jr	r31
 1364  00001f9c  54000000	nop
 1365  00001fa0          	.endproc _dmindex
 1366  00001fa0          	.align 2
 1367  00001fa0          	.proc _dindex
 1368  00001fa0          	.global _dindex
 1369  00001fa0          	_dindex:
 1370                      ;  Function 'dindex'; 0 bytes of locals, 1 regs to save.
 1371  00001fa0  afbefffc	sw	-4(r29),r30; push fp
 1372  00001fa4  001df020	add	r30,r0,r29; fp = sp
 1373  00001fa8  afbffff8	sw	-8(r29),r31; push ret addr
 1374  00001fac  2fbd0010	subui	r29,r29,#16; alloc local storage
 1375  00001fb0  afa20000	sw	0(r29),r2
 1376  00001fb4  54000000	nop
 1377  00001fb8          	L55_LF2:
 1378  00001fb8  8fc10000	lw	r1,(r30)
 1379  00001fbc  90220000	lbu	r2,(r1)
 1380  00001fc0  64410000	snei	r1,r2,#0
 1381  00001fc4  1420000c	bnez	r1,L57_LF2
 1382  00001fc8  54000000	nop; delay slot nop
 1383  00001fcc  08000040	j	L56_LF2
 1384  00001fd0  54000000	nop; delay slot nop
 1385  00001fd4          	L57_LF2:
 1386  00001fd4  8fc10000	lw	r1,(r30)
 1387  00001fd8  90220000	lbu	r2,(r1)
 1388  00001fdc  8fc10004	lw	r1,4(r30)
 1389  00001fe0  00411028	seq	r2,r2,r1
 1390  00001fe4  10400010	beqz	r2,L58_LF2
 1391  00001fe8  54000000	nop; delay slot nop
 1392  00001fec  8fc10000	lw	r1,(r30)
 1393  00001ff0  08000028	j	L54_LF2
 1394  00001ff4  54000000	nop; delay slot nop
 1395  00001ff8          	L58_LF2:
 1396  00001ff8  8fc20000	lw	r2,(r30)
 1397  00001ffc  20410001	addi	r1,r2,#1
 1398  00002000  00011020	add	r2,r0,r1
 1399  00002004  afc20000	sw	(r30),r2
 1400  00002008  0bffffac	j	L55_LF2
 1401  0000200c  54000000	nop; delay slot nop
 1402  00002010          	L56_LF2:
 1403  00002010  20010000	addi	r1,r0,#0
 1404  00002014  08000004	j	L54_LF2
 1405  00002018  54000000	nop; delay slot nop
 1406  0000201c          	L54_LF2:
 1407  0000201c  8fa20000	lw	r2,0(r29)
 1408  00002020  8fdffff8	lw	r31,-8(r30)
 1409  00002024  001ee820	add	r29,r0,r30
 1410  00002028  8fdefffc	lw	r30,-4(r30)
 1411  0000202c  4be00000	jr	r31
 1412  00002030  54000000	nop
 1413  00002034          	.endproc _dindex
 1414  00002034          	.align 2
 1415  00002034          	.proc _ditoa
 1416  00002034          	.global _ditoa
 1417  00002034          	_ditoa:
 1418                      ;  Function 'ditoa'; 8 bytes of locals, 2 regs to save.
 1419  00002034  afbefffc	sw	-4(r29),r30; push fp
 1420  00002038  001df020	add	r30,r0,r29; fp = sp
 1421  0000203c  afbffff8	sw	-8(r29),r31; push ret addr
 1422  00002040  2fbd0018	subui	r29,r29,#24; alloc local storage
 1423  00002044  afa20000	sw	0(r29),r2
 1424  00002048  afa30004	sw	4(r29),r3
 1425  0000204c  8fc10000	lw	r1,(r30)
 1426  00002050  68220000	slti	r2,r1,#0
 1427  00002054  1040002c	beqz	r2,L60_LF2
 1428  00002058  54000000	nop; delay slot nop
 1429  0000205c  8fc10004	lw	r1,4(r30)
 1430  00002060  20220001	addi	r2,r1,#1
 1431  00002064  afc20004	sw	4(r30),r2
 1432  00002068  2002002d	addi	r2,r0,(#0x2d)&0xff
 1433  0000206c  a0220000	sb	(r1),r2
 1434  00002070  8fc10000	lw	r1,(r30)
 1435  00002074  00011022	sub	r2,r0,r1
 1436  00002078  afc20000	sw	(r30),r2
 1437  0000207c  08000118	j	L61_LF2
 1438  00002080  54000000	nop; delay slot nop
 1439  00002084          	L60_LF2:
 1440  00002084  8fc10000	lw	r1,(r30)
 1441  00002088  64220000	snei	r2,r1,#0
 1442  0000208c  14400020	bnez	r2,L62_LF2
 1443  00002090  54000000	nop; delay slot nop
 1444  00002094  8fc10004	lw	r1,4(r30)
 1445  00002098  20220001	addi	r2,r1,#1
 1446  0000209c  afc20004	sw	4(r30),r2
 1447  000020a0  20020030	addi	r2,r0,(#0x30)&0xff
 1448  000020a4  a0220000	sb	(r1),r2
 1449  000020a8  080000ec	j	L61_LF2
 1450  000020ac  54000000	nop; delay slot nop
 1451  000020b0          	L62_LF2:
 1452  000020b0  20010001	addi	r1,r0,#1
 1453  000020b4  afc1fff4	sw	-12(r30),r1
 1454  000020b8          	L64_LF2:
 1455  000020b8  8fc1fff4	lw	r1,-12(r30)
 1456  000020bc  8fc20000	lw	r2,(r30)
 1457  000020c0  0022082c	sle	r1,r1,r2
 1458  000020c4  1420000c	bnez	r1,L66_LF2
 1459  000020c8  54000000	nop; delay slot nop
 1460  000020cc  08000024	j	L65_LF2
 1461  000020d0  54000000	nop; delay slot nop
 1462  000020d4          	L67_LF2:
 1463  000020d4          	L66_LF2:
 1464  000020d4  8fc1fff4	lw	r1,-12(r30)
 1465  000020d8  00011820	add	r3,r0,r1
 1466  000020dc  50620002	slli	r2,r3,#0x2
 1467  000020e0  00411020	add	r2,r2,r1
 1468  000020e4  50410001	slli	r1,r2,#0x1
 1469  000020e8  afc1fff4	sw	-12(r30),r1
 1470  000020ec  0bffffc8	j	L64_LF2
 1471  000020f0  54000000	nop; delay slot nop
 1472  000020f4          	L65_LF2:
 1473  000020f4  54000000	nop
 1474  000020f8          	L68_LF2:
 1475  000020f8  8fc1fff4	lw	r1,-12(r30)
 1476  000020fc  2002000a	addi	r2,r0,#10
 1477  00002100  00200035	movi2fp	f0,r1
 1478  00002104  00400835	movi2fp	f1,r2
 1479  00002108  0401000f	div	f0,f0,f1
 1480  0000210c  00000834	movfp2i	r1,f0
 1481  00002110  afc1fff4	sw	-12(r30),r1
 1482  00002114  8fc10004	lw	r1,4(r30)
 1483  00002118  20220001	addi	r2,r1,#1
 1484  0000211c  afc20004	sw	4(r30),r2
 1485  00002120  8fc20000	lw	r2,(r30)
 1486  00002124  8fc3fff4	lw	r3,-12(r30)
 1487  00002128  00400035	movi2fp	f0,r2
 1488  0000212c  00600835	movi2fp	f1,r3
 1489  00002130  0401000f	div	f0,f0,f1
 1490  00002134  00001034	movfp2i	r2,f0
 1491  00002138  00021820	add	r3,r0,r2
 1492  0000213c  20620030	addi	r2,r3,#48
 1493  00002140  a0220000	sb	(r1),r2
 1494  00002144  8fc10000	lw	r1,(r30)
 1495  00002148  8fc3fff4	lw	r3,-12(r30)
 1496  0000214c  00200035	movi2fp	f0,r1
 1497  00002150  00600835	movi2fp	f1,r3
 1498  00002154  0401000f	div	f0,f0,f1
 1499  00002158  00001034	movfp2i	r2,f0
 1500  0000215c  8fc3fff4	lw	r3,-12(r30)
 1501  00002160  00400035	movi2fp	f0,r2
 1502  00002164  00600835	movi2fp	f1,r3
 1503  00002168  0401000e	mult	f0,f0,f1
 1504  0000216c  00001034	movfp2i	r2,f0
 1505  00002170  00220822	sub	r1,r1,r2
 1506  00002174  afc10000	sw	(r30),r1
 1507  00002178          	L70_LF2:
 1508  00002178  8fc1fff4	lw	r1,-12(r30)
 1509  0000217c  6c220001	sgti	r2,r1,#1
 1510  00002180  1440000c	bnez	r2,L71_LF2
 1511  00002184  54000000	nop; delay slot nop
 1512  00002188  0800000c	j	L61_LF2
 1513  0000218c  54000000	nop; delay slot nop
 1514  00002190          	L71_LF2:
 1515  00002190  0bffff64	j	L68_LF2
 1516  00002194  54000000	nop; delay slot nop
 1517  00002198          	L69_LF2:
 1518  00002198          	L63_LF2:
 1519  00002198          	L61_LF2:
 1520  00002198  8fc10004	lw	r1,4(r30)
 1521  0000219c  20020000	addi	r2,r0,(#0x0)&0xff
 1522  000021a0  a0220000	sb	(r1),r2
 1523  000021a4          	L59_LF2:
 1524  000021a4  8fa20000	lw	r2,0(r29)
 1525  000021a8  8fa30004	lw	r3,4(r29)
 1526  000021ac  8fdffff8	lw	r31,-8(r30)
 1527  000021b0  001ee820	add	r29,r0,r30
 1528  000021b4  8fdefffc	lw	r30,-4(r30)
 1529  000021b8  4be00000	jr	r31
 1530  000021bc  54000000	nop
 1531  000021c0          	.endproc _ditoa
 1532  000021c0          	.align 2
 1533  000021c0          	.proc _dstrtol
 1534  000021c0          	.global _dstrtol
 1535  000021c0          	_dstrtol:
 1536                      ;  Function 'dstrtol'; 16 bytes of locals, 1 regs to save.
 1537  000021c0  afbefffc	sw	-4(r29),r30; push fp
 1538  000021c4  001df020	add	r30,r0,r29; fp = sp
 1539  000021c8  afbffff8	sw	-8(r29),r31; push ret addr
 1540  000021cc  2fbd0020	subui	r29,r29,#32; alloc local storage
 1541  000021d0  afa20000	sw	0(r29),r2
 1542  000021d4  20010000	addi	r1,r0,#0
 1543  000021d8  afc1fff4	sw	-12(r30),r1
 1544  000021dc          	L73_LF2:
 1545  000021dc  8fc10000	lw	r1,(r30)
 1546  000021e0  90220000	lbu	r2,(r1)
 1547  000021e4  60410020	seqi	r1,r2,#32
 1548  000021e8  14200034	bnez	r1,L75_LF2
 1549  000021ec  54000000	nop; delay slot nop
 1550  000021f0  8fc10000	lw	r1,(r30)
 1551  000021f4  90220000	lbu	r2,(r1)
 1552  000021f8  60410009	seqi	r1,r2,#9
 1553  000021fc  14200020	bnez	r1,L75_LF2
 1554  00002200  54000000	nop; delay slot nop
 1555  00002204  8fc10000	lw	r1,(r30)
 1556  00002208  90220000	lbu	r2,(r1)
 1557  0000220c  6041000a	seqi	r1,r2,#10
 1558  00002210  1420000c	bnez	r1,L75_LF2
 1559  00002214  54000000	nop; delay slot nop
 1560  00002218  0800001c	j	L74_LF2
 1561  0000221c  54000000	nop; delay slot nop
 1562  00002220          	L75_LF2:
 1563  00002220  8fc20000	lw	r2,(r30)
 1564  00002224  20410001	addi	r1,r2,#1
 1565  00002228  00011020	add	r2,r0,r1
 1566  0000222c  afc20000	sw	(r30),r2
 1567  00002230  0bffffa8	j	L73_LF2
 1568  00002234  54000000	nop; delay slot nop
 1569  00002238          	L74_LF2:
 1570  00002238  8fc10004	lw	r1,4(r30)
 1571  0000223c  64220000	snei	r2,r1,#0
 1572  00002240  10400010	beqz	r2,L76_LF2
 1573  00002244  54000000	nop; delay slot nop
 1574  00002248  8fc10004	lw	r1,4(r30)
 1575  0000224c  8fc20000	lw	r2,(r30)
 1576  00002250  ac220000	sw	(r1),r2
 1577  00002254          	L76_LF2:
 1578  00002254  8fc10000	lw	r1,(r30)
 1579  00002258  90220000	lbu	r2,(r1)
 1580  0000225c  64410000	snei	r1,r2,#0
 1581  00002260  14200010	bnez	r1,L77_LF2
 1582  00002264  54000000	nop; delay slot nop
 1583  00002268  8fc1fff4	lw	r1,-12(r30)
 1584  0000226c  08000294	j	L72_LF2
 1585  00002270  54000000	nop; delay slot nop
 1586  00002274          	L77_LF2:
 1587  00002274  8fc10000	lw	r1,(r30)
 1588  00002278  90220000	lbu	r2,(r1)
 1589  0000227c  6041002d	seqi	r1,r2,#45
 1590  00002280  10200024	beqz	r1,L78_LF2
 1591  00002284  54000000	nop; delay slot nop
 1592  00002288  2001ffff	addi	r1,r0,#-1
 1593  0000228c  afc1ffec	sw	-20(r30),r1
 1594  00002290  8fc20000	lw	r2,(r30)
 1595  00002294  20410001	addi	r1,r2,#1
 1596  00002298  00011020	add	r2,r0,r1
 1597  0000229c  afc20000	sw	(r30),r2
 1598  000022a0  0800000c	j	L79_LF2
 1599  000022a4  54000000	nop; delay slot nop
 1600  000022a8          	L78_LF2:
 1601  000022a8  20010001	addi	r1,r0,#1
 1602  000022ac  afc1ffec	sw	-20(r30),r1
 1603  000022b0          	L79_LF2:
 1604  000022b0  8fc10008	lw	r1,8(r30)
 1605  000022b4  64220000	snei	r2,r1,#0
 1606  000022b8  14400090	bnez	r2,L80_LF2
 1607  000022bc  54000000	nop; delay slot nop
 1608  000022c0  8fc10000	lw	r1,(r30)
 1609  000022c4  90220000	lbu	r2,(r1)
 1610  000022c8  60410030	seqi	r1,r2,#48
 1611  000022cc  10200074	beqz	r1,L81_LF2
 1612  000022d0  54000000	nop; delay slot nop
 1613  000022d4  8fc20000	lw	r2,(r30)
 1614  000022d8  20410001	addi	r1,r2,#1
 1615  000022dc  00011020	add	r2,r0,r1
 1616  000022e0  afc20000	sw	(r30),r2
 1617  000022e4  8fc10000	lw	r1,(r30)
 1618  000022e8  90220000	lbu	r2,(r1)
 1619  000022ec  60410078	seqi	r1,r2,#120
 1620  000022f0  14200020	bnez	r1,L83_LF2
 1621  000022f4  54000000	nop; delay slot nop
 1622  000022f8  8fc10000	lw	r1,(r30)
 1623  000022fc  90220000	lbu	r2,(r1)
 1624  00002300  60410058	seqi	r1,r2,#88
 1625  00002304  1420000c	bnez	r1,L83_LF2
 1626  00002308  54000000	nop; delay slot nop
 1627  0000230c  08000024	j	L82_LF2
 1628  00002310  54000000	nop; delay slot nop
 1629  00002314          	L83_LF2:
 1630  00002314  20010010	addi	r1,r0,#16
 1631  00002318  afc10008	sw	8(r30),r1
 1632  0000231c  8fc20000	lw	r2,(r30)
 1633  00002320  20410001	addi	r1,r2,#1
 1634  00002324  00011020	add	r2,r0,r1
 1635  00002328  afc20000	sw	(r30),r2
 1636  0000232c  0800000c	j	L84_LF2
 1637  00002330  54000000	nop; delay slot nop
 1638  00002334          	L82_LF2:
 1639  00002334  20010008	addi	r1,r0,#8
 1640  00002338  afc10008	sw	8(r30),r1
 1641  0000233c          	L84_LF2:
 1642  0000233c  0800000c	j	L80_LF2
 1643  00002340  54000000	nop; delay slot nop
 1644  00002344          	L81_LF2:
 1645  00002344  2001000a	addi	r1,r0,#10
 1646  00002348  afc10008	sw	8(r30),r1
 1647  0000234c          	L85_LF2:
 1648  0000234c          	L80_LF2:
 1649  0000234c  8fc10008	lw	r1,8(r30)
 1650  00002350  70220000	slei	r2,r1,#0
 1651  00002354  1440001c	bnez	r2,L87_LF2
 1652  00002358  54000000	nop; delay slot nop
 1653  0000235c  8fc10008	lw	r1,8(r30)
 1654  00002360  6c220010	sgti	r2,r1,#16
 1655  00002364  1440000c	bnez	r2,L87_LF2
 1656  00002368  54000000	nop; delay slot nop
 1657  0000236c  08000010	j	L86_LF2
 1658  00002370  54000000	nop; delay slot nop
 1659  00002374          	L87_LF2:
 1660  00002374  8fc1fff4	lw	r1,-12(r30)
 1661  00002378  08000188	j	L72_LF2
 1662  0000237c  54000000	nop; delay slot nop
 1663  00002380          	L86_LF2:
 1664  00002380  54000000	nop
 1665  00002384          	L88_LF2:
 1666  00002384  8fc10000	lw	r1,(r30)
 1667  00002388  90220000	lbu	r2,(r1)
 1668  0000238c  6c41002f	sgtui	r1,r2,#47
 1669  00002390  10200030	beqz	r1,L91_LF2
 1670  00002394  54000000	nop; delay slot nop
 1671  00002398  8fc10000	lw	r1,(r30)
 1672  0000239c  90220000	lbu	r2,(r1)
 1673  000023a0  70410039	sleui	r1,r2,#57
 1674  000023a4  1020001c	beqz	r1,L91_LF2
 1675  000023a8  54000000	nop; delay slot nop
 1676  000023ac  8fc10000	lw	r1,(r30)
 1677  000023b0  90220000	lbu	r2,(r1)
 1678  000023b4  2041ffd0	addi	r1,r2,#-48
 1679  000023b8  afc1fff0	sw	-16(r30),r1
 1680  000023bc  0800008c	j	L92_LF2
 1681  000023c0  54000000	nop; delay slot nop
 1682  000023c4          	L91_LF2:
 1683  000023c4  8fc10000	lw	r1,(r30)
 1684  000023c8  90220000	lbu	r2,(r1)
 1685  000023cc  6c410060	sgtui	r1,r2,#96
 1686  000023d0  10200030	beqz	r1,L93_LF2
 1687  000023d4  54000000	nop; delay slot nop
 1688  000023d8  8fc10000	lw	r1,(r30)
 1689  000023dc  90220000	lbu	r2,(r1)
 1690  000023e0  7041007a	sleui	r1,r2,#122
 1691  000023e4  1020001c	beqz	r1,L93_LF2
 1692  000023e8  54000000	nop; delay slot nop
 1693  000023ec  8fc10000	lw	r1,(r30)
 1694  000023f0  90220000	lbu	r2,(r1)
 1695  000023f4  2041ffa9	addi	r1,r2,#-87
 1696  000023f8  afc1fff0	sw	-16(r30),r1
 1697  000023fc  0800004c	j	L92_LF2
 1698  00002400  54000000	nop; delay slot nop
 1699  00002404          	L93_LF2:
 1700  00002404  8fc10000	lw	r1,(r30)
 1701  00002408  90220000	lbu	r2,(r1)
 1702  0000240c  6c410040	sgtui	r1,r2,#64
 1703  00002410  10200030	beqz	r1,L95_LF2
 1704  00002414  54000000	nop; delay slot nop
 1705  00002418  8fc10000	lw	r1,(r30)
 1706  0000241c  90220000	lbu	r2,(r1)
 1707  00002420  7041005a	sleui	r1,r2,#90
 1708  00002424  1020001c	beqz	r1,L95_LF2
 1709  00002428  54000000	nop; delay slot nop
 1710  0000242c  8fc10000	lw	r1,(r30)
 1711  00002430  90220000	lbu	r2,(r1)
 1712  00002434  2041ffc9	addi	r1,r2,#-55
 1713  00002438  afc1fff0	sw	-16(r30),r1
 1714  0000243c  0800000c	j	L92_LF2
 1715  00002440  54000000	nop; delay slot nop
 1716  00002444          	L95_LF2:
 1717  00002444  200103e8	addi	r1,r0,#1000
 1718  00002448  afc1fff0	sw	-16(r30),r1
 1719  0000244c          	L96_LF2:
 1720  0000244c          	L94_LF2:
 1721  0000244c          	L92_LF2:
 1722  0000244c  8fc1fff0	lw	r1,-16(r30)
 1723  00002450  8fc20008	lw	r2,8(r30)
 1724  00002454  0022082a	slt	r1,r1,r2
 1725  00002458  10200040	beqz	r1,L90_LF2
 1726  0000245c  54000000	nop; delay slot nop
 1727  00002460  8fc1fff4	lw	r1,-12(r30)
 1728  00002464  8fc20008	lw	r2,8(r30)
 1729  00002468  00200035	movi2fp	f0,r1
 1730  0000246c  00400835	movi2fp	f1,r2
 1731  00002470  0401000e	mult	f0,f0,f1
 1732  00002474  00000834	movfp2i	r1,f0
 1733  00002478  afc1fff4	sw	-12(r30),r1
 1734  0000247c  8fc1fff4	lw	r1,-12(r30)
 1735  00002480  8fc2fff0	lw	r2,-16(r30)
 1736  00002484  00220820	add	r1,r1,r2
 1737  00002488  afc1fff4	sw	-12(r30),r1
 1738  0000248c  8fc20000	lw	r2,(r30)
 1739  00002490  20410001	addi	r1,r2,#1
 1740  00002494  00011020	add	r2,r0,r1
 1741  00002498  afc20000	sw	(r30),r2
 1742  0000249c          	L97_LF2:
 1743  0000249c          	L90_LF2:
 1744  0000249c  8fc1fff0	lw	r1,-16(r30)
 1745  000024a0  8fc20008	lw	r2,8(r30)
 1746  000024a4  0022082a	slt	r1,r1,r2
 1747  000024a8  1420000c	bnez	r1,L98_LF2
 1748  000024ac  54000000	nop; delay slot nop
 1749  000024b0  0800000c	j	L89_LF2
 1750  000024b4  54000000	nop; delay slot nop
 1751  000024b8          	L98_LF2:
 1752  000024b8  0bfffec8	j	L88_LF2
 1753  000024bc  54000000	nop; delay slot nop
 1754  000024c0          	L89_LF2:
 1755  000024c0  8fc10004	lw	r1,4(r30)
 1756  000024c4  64220000	snei	r2,r1,#0
 1757  000024c8  10400010	beqz	r2,L99_LF2
 1758  000024cc  54000000	nop; delay slot nop
 1759  000024d0  8fc10004	lw	r1,4(r30)
 1760  000024d4  8fc20000	lw	r2,(r30)
 1761  000024d8  ac220000	sw	(r1),r2
 1762  000024dc          	L99_LF2:
 1763  000024dc  8fc1fff4	lw	r1,-12(r30)
 1764  000024e0  8fc2ffec	lw	r2,-20(r30)
 1765  000024e4  00200035	movi2fp	f0,r1
 1766  000024e8  00400835	movi2fp	f1,r2
 1767  000024ec  0401000e	mult	f0,f0,f1
 1768  000024f0  00000834	movfp2i	r1,f0
 1769  000024f4  afc1fff4	sw	-12(r30),r1
 1770  000024f8  8fc1fff4	lw	r1,-12(r30)
 1771  000024fc  08000004	j	L72_LF2
 1772  00002500  54000000	nop; delay slot nop
 1773  00002504          	L72_LF2:
 1774  00002504  8fa20000	lw	r2,0(r29)
 1775  00002508  8fdffff8	lw	r31,-8(r30)
 1776  0000250c  001ee820	add	r29,r0,r30
 1777  00002510  8fdefffc	lw	r30,-4(r30)
 1778  00002514  4be00000	jr	r31
 1779  00002518  54000000	nop
 1780  0000251c          	.endproc _dstrtol
 1781  0000251c          	.align 2
 1782  0000251c          	.proc _bcopy
 1783  0000251c          	.global _bcopy
 1784  0000251c          	_bcopy:
 1785                      ;  Function 'bcopy'; 0 bytes of locals, 2 regs to save.
 1786  0000251c  afbefffc	sw	-4(r29),r30; push fp
 1787  00002520  001df020	add	r30,r0,r29; fp = sp
 1788  00002524  afbffff8	sw	-8(r29),r31; push ret addr
 1789  00002528  2fbd0010	subui	r29,r29,#16; alloc local storage
 1790  0000252c  afa20000	sw	0(r29),r2
 1791  00002530  afa30004	sw	4(r29),r3
 1792  00002534  54000000	nop
 1793  00002538          	L101_LF2:
 1794  00002538  8fc10008	lw	r1,8(r30)
 1795  0000253c  2022ffff	addi	r2,r1,#-1
 1796  00002540  afc20008	sw	8(r30),r2
 1797  00002544  6c210000	sgti	r1,r1,#0
 1798  00002548  1420000c	bnez	r1,L103_LF2
 1799  0000254c  54000000	nop; delay slot nop
 1800  00002550  0800002c	j	L102_LF2
 1801  00002554  54000000	nop; delay slot nop
 1802  00002558          	L103_LF2:
 1803  00002558  8fc10004	lw	r1,4(r30)
 1804  0000255c  20220001	addi	r2,r1,#1
 1805  00002560  afc20004	sw	4(r30),r2
 1806  00002564  8fc20000	lw	r2,(r30)
 1807  00002568  20430001	addi	r3,r2,#1
 1808  0000256c  afc30000	sw	(r30),r3
 1809  00002570  80420000	lb	r2,(r2)
 1810  00002574  a0220000	sb	(r1),r2
 1811  00002578  0bffffbc	j	L101_LF2
 1812  0000257c  54000000	nop; delay slot nop
 1813  00002580          	L102_LF2:
 1814  00002580          	L100_LF2:
 1815  00002580  8fa20000	lw	r2,0(r29)
 1816  00002584  8fa30004	lw	r3,4(r29)
 1817  00002588  8fdffff8	lw	r31,-8(r30)
 1818  0000258c  001ee820	add	r29,r0,r30
 1819  00002590  8fdefffc	lw	r30,-4(r30)
 1820  00002594  4be00000	jr	r31
 1821  00002598  54000000	nop
 1822  0000259c          	.endproc _bcopy
 1823  0000259c          	.align 2
 1824  0000259c          	.proc _bzero
 1825  0000259c          	.global _bzero
 1826  0000259c          	_bzero:
 1827                      ;  Function 'bzero'; 0 bytes of locals, 1 regs to save.
 1828  0000259c  afbefffc	sw	-4(r29),r30; push fp
 1829  000025a0  001df020	add	r30,r0,r29; fp = sp
 1830  000025a4  afbffff8	sw	-8(r29),r31; push ret addr
 1831  000025a8  2fbd0010	subui	r29,r29,#16; alloc local storage
 1832  000025ac  afa20000	sw	0(r29),r2
 1833  000025b0  54000000	nop
 1834  000025b4          	L105_LF2:
 1835  000025b4  8fc10004	lw	r1,4(r30)
 1836  000025b8  2022ffff	addi	r2,r1,#-1
 1837  000025bc  afc20004	sw	4(r30),r2
 1838  000025c0  6c210000	sgti	r1,r1,#0
 1839  000025c4  1420000c	bnez	r1,L107_LF2
 1840  000025c8  54000000	nop; delay slot nop
 1841  000025cc  08000020	j	L106_LF2
 1842  000025d0  54000000	nop; delay slot nop
 1843  000025d4          	L107_LF2:
 1844  000025d4  8fc10000	lw	r1,(r30)
 1845  000025d8  20220001	addi	r2,r1,#1
 1846  000025dc  afc20000	sw	(r30),r2
 1847  000025e0  20020000	addi	r2,r0,(#0x0)&0xff
 1848  000025e4  a0220000	sb	(r1),r2
 1849  000025e8  0bffffc8	j	L105_LF2
 1850  000025ec  54000000	nop; delay slot nop
 1851  000025f0          	L106_LF2:
 1852  000025f0          	L104_LF2:
 1853  000025f0  8fa20000	lw	r2,0(r29)
 1854  000025f4  8fdffff8	lw	r31,-8(r30)
 1855  000025f8  001ee820	add	r29,r0,r30
 1856  000025fc  8fdefffc	lw	r30,-4(r30)
 1857  00002600  4be00000	jr	r31
 1858  00002604  54000000	nop
 1859  00002608          	.endproc _bzero
 1860  00002608          	.align 2
 1861  00002608          	.proc _min
 1862  00002608          	.global _min
 1863  00002608          	_min:
 1864                      ;  Function 'min'; 0 bytes of locals, 2 regs to save.
 1865  00002608  afbefffc	sw	-4(r29),r30; push fp
 1866  0000260c  001df020	add	r30,r0,r29; fp = sp
 1867  00002610  afbffff8	sw	-8(r29),r31; push ret addr
 1868  00002614  2fbd0010	subui	r29,r29,#16; alloc local storage
 1869  00002618  afa20000	sw	0(r29),r2
 1870  0000261c  afa30004	sw	4(r29),r3
 1871  00002620  8fc10000	lw	r1,(r30)
 1872  00002624  8fc20004	lw	r2,4(r30)
 1873  00002628  0022182c	sle	r3,r1,r2
 1874  0000262c  14600008	bnez	r3,L109_LF2
 1875  00002630  54000000	nop; delay slot nop
 1876  00002634  8fc10004	lw	r1,4(r30)
 1877  00002638          	L109_LF2:
 1878  00002638  08000004	j	L108_LF2
 1879  0000263c  54000000	nop; delay slot nop
 1880  00002640          	L108_LF2:
 1881  00002640  8fa20000	lw	r2,0(r29)
 1882  00002644  8fa30004	lw	r3,4(r29)
 1883  00002648  8fdffff8	lw	r31,-8(r30)
 1884  0000264c  001ee820	add	r29,r0,r30
 1885  00002650  8fdefffc	lw	r30,-4(r30)
 1886  00002654  4be00000	jr	r31
 1887  00002658  54000000	nop
 1888  0000265c          	.endproc _min
 1889  0000265c          	.align 2
 1890  0000265c          	.proc _max
 1891  0000265c          	.global _max
 1892  0000265c          	_max:
 1893                      ;  Function 'max'; 0 bytes of locals, 2 regs to save.
 1894  0000265c  afbefffc	sw	-4(r29),r30; push fp
 1895  00002660  001df020	add	r30,r0,r29; fp = sp
 1896  00002664  afbffff8	sw	-8(r29),r31; push ret addr
 1897  00002668  2fbd0010	subui	r29,r29,#16; alloc local storage
 1898  0000266c  afa20000	sw	0(r29),r2
 1899  00002670  afa30004	sw	4(r29),r3
 1900  00002674  8fc10000	lw	r1,(r30)
 1901  00002678  8fc20004	lw	r2,4(r30)
 1902  0000267c  0022182d	sge	r3,r1,r2
 1903  00002680  14600008	bnez	r3,L111_LF2
 1904  00002684  54000000	nop; delay slot nop
 1905  00002688  8fc10004	lw	r1,4(r30)
 1906  0000268c          	L111_LF2:
 1907  0000268c  08000004	j	L110_LF2
 1908  00002690  54000000	nop; delay slot nop
 1909  00002694          	L110_LF2:
 1910  00002694  8fa20000	lw	r2,0(r29)
 1911  00002698  8fa30004	lw	r3,4(r29)
 1912  0000269c  8fdffff8	lw	r31,-8(r30)
 1913  000026a0  001ee820	add	r29,r0,r30
 1914  000026a4  8fdefffc	lw	r30,-4(r30)
 1915  000026a8  4be00000	jr	r31
 1916  000026ac  54000000	nop
 1917  000026b0          	.endproc _max
 1918                      ;;; Ethan L. Miller, 1999.  Released to the public domain
 1919                      ;;;
 1920                      ;;; Most of the traps are called in files from libtraps.
 1923  000026b0          	.align 2
 1924  000026b0          	.proc _exit
 1925  000026b0          	.global _exit
 1926  000026b0          	_exit:
 1927  000026b0  44000300	trap	#0x300
 1928  000026b4  4be00000	jr	r31
 1929  000026b8  54000000	nop
 1930  000026bc          	.endproc _exit
 1932                      ; for the benefit of gcc.
 1933  000026bc          	.proc ___main
 1934  000026bc          	.global ___main
 1935  000026bc          	___main:
 1936  000026bc  4be00000	jr	r31
 1937  000026c0  54000000	nop
 1938  000026c4          	.endproc ___main
 1939  000026c4          	.text
 1940  000026c4          	.global _etext
 1941  000026c4          	_etext:
 1942  000026c4          	.align 3
 1943  000026c8          	.data
 1944  00003197          	.global _edata
 1945  00003197          	_edata:
