 line   address	contents
    1                      ; Linked by DLX-LD.
    2                      ; MemSize 24576
    3                      ; Data size: 937
    4                      ; Text size: 5884
    5                      ; Stack size: 8192
    6  00000000          	.text 0x1000
    7  00001000          	.data 0x3000
    8                      ; Compiled by GCC
    9  00003000          	.text
   10  00001000          	.align 2
   11  00001000          	.proc _isspace
   12  00001000          	.global _isspace
   13  00001000          	_isspace:
   14                      ;  Function 'isspace'; 0 bytes of locals, 1 regs to save.
   15  00001000  afbefffc	sw	-4(r29),r30; push fp
   16  00001004  001df020	add	r30,r0,r29; fp = sp
   17  00001008  afbffff8	sw	-8(r29),r31; push ret addr
   18  0000100c  2fbd0010	subui	r29,r29,#16; alloc local storage
   19  00001010  afa20000	sw	0(r29),r2
   20  00001014  83c20003	lb	r2,3(r30)
   21  00001018  201f0000	addi	r31,r0,#0
   22  0000101c  304100ff	andi	r1,r2,#0x00ff
   23  00001020  60210020	seqi	r1,r1,#32
   24  00001024  14200018	bnez	r1,L6_LF0
   25  00001028  54000000	nop; not filled.
   26  0000102c  2041fff7	addi	r1,r2,#-9
   27  00001030  302100ff	andi	r1,r1,#0x00ff
   28  00001034  70210001	sleui	r1,r1,#1
   29  00001038  10200008	beqz	r1,L5_LF0
   30  0000103c  54000000	nop; not filled.
   31  00001040          	L6_LF0:
   32  00001040  201f0001	addi	r31,r0,#1
   33  00001044          	L5_LF0:
   34  00001044  001f0820	add	r1,r0,r31
   35  00001048  8fa20000	lw	r2,0(r29)
   36  0000104c  8fdffff8	lw	r31,-8(r30)
   37  00001050  001ee820	add	r29,r0,r30
   38  00001054  8fdefffc	lw	r30,-4(r30)
   39  00001058  4be00000	jr	r31
   40  0000105c  54000000	nop
   41  00001060          	.endproc _isspace
   42  00001060          	.align 2
   43  00001060          	.proc _isxdigit
   44  00001060          	.global _isxdigit
   45  00001060          	_isxdigit:
   46                      ;  Function 'isxdigit'; 0 bytes of locals, 1 regs to save.
   47  00001060  afbefffc	sw	-4(r29),r30; push fp
   48  00001064  001df020	add	r30,r0,r29; fp = sp
   49  00001068  afbffff8	sw	-8(r29),r31; push ret addr
   50  0000106c  2fbd0010	subui	r29,r29,#16; alloc local storage
   51  00001070  afa20000	sw	0(r29),r2
   52  00001074  83df0003	lb	r31,3(r30)
   53  00001078  20020000	addi	r2,r0,#0
   54  0000107c  23e1ffd0	addi	r1,r31,#-48
   55  00001080  302100ff	andi	r1,r1,#0x00ff
   56  00001084  70210009	sleui	r1,r1,#9
   57  00001088  14200028	bnez	r1,L12_LF0
   58  0000108c  54000000	nop; not filled.
   59  00001090  23e1ff9f	addi	r1,r31,#-97
   60  00001094  302100ff	andi	r1,r1,#0x00ff
   61  00001098  70210005	sleui	r1,r1,#5
   62  0000109c  14200014	bnez	r1,L12_LF0
   63  000010a0  54000000	nop; not filled.
   64  000010a4  33e100ff	andi	r1,r31,#0x00ff
   65  000010a8  64210041	snei	r1,r1,#65
   66  000010ac  14200008	bnez	r1,L11_LF0
   67  000010b0  54000000	nop; not filled.
   68  000010b4          	L12_LF0:
   69  000010b4  20020001	addi	r2,r0,#1
   70  000010b8          	L11_LF0:
   71  000010b8  00020820	add	r1,r0,r2
   72  000010bc  8fa20000	lw	r2,0(r29)
   73  000010c0  8fdffff8	lw	r31,-8(r30)
   74  000010c4  001ee820	add	r29,r0,r30
   75  000010c8  8fdefffc	lw	r30,-4(r30)
   76  000010cc  4be00000	jr	r31
   77  000010d0  54000000	nop
   78  000010d4          	.endproc _isxdigit
   79  000010d4          	.data
   80  00003000          	.align 2
   81  00003000          	LC0_LF0:
   82  00003000  5300    	.ascii "S\000"
   83  00003002          	.align 2
   84  00003004          	LC1_LF0:
   85  00003004  324f3200	.ascii "2O2\000"
   86  00003008          	.align 2
   87  00003008          	LC2_LF0:
   88  00003008  32433200	.ascii "2C2\000"
   89  0000300c          	.align 2
   90  0000300c          	LC3_LF0:
   91  0000300c  534f3400	.ascii "SO4\000"
   92  00003010          	.align 2
   93  00003010          	LC4_LF0:
   94  00003010  46415441	.ascii "FATAL ERROR: pid: %d, reaction param size error\n\000"
   94  00003014  4c204552	
   94  00003018  524f523a	
   94  0000301c  20706964	
   94  00003020  3a202564	
   94  00003024  2c207265	
   94  00003028  61637469	
   94  0000302c  6f6e2070	
   94  00003030  6172616d	
   94  00003034  2073697a	
   94  00003038  65206572	
   94  0000303c  726f720a	
   94  00003040  00      	
   95  00003041          	.align 2
   96  00003044          	LC5_LF0:
   97  00003044  456e7465	.ascii "Enter reaction %d, pid = %d\n\000"
   97  00003048  72207265	
   97  0000304c  61637469	
   97  00003050  6f6e2025	
   97  00003054  642c2070	
   97  00003058  6964203d	
   97  0000305c  2025640a	
   97  00003060  00      	
   98  00003061          	.align 2
   99  00003064          	LC6_LF0:
  100  00003064  46415441	.ascii "FATAL ERROR: pid: %d, reaction open mbox error\n\000"
  100  00003068  4c204552	
  100  0000306c  524f523a	
  100  00003070  20706964	
  100  00003074  3a202564	
  100  00003078  2c207265	
  100  0000307c  61637469	
  100  00003080  6f6e206f	
  100  00003084  70656e20	
  100  00003088  6d626f78	
  100  0000308c  20657272	
  100  00003090  6f720a00	
  101  00003094          	.align 2
  102  00003094          	LC7_LF0:
  103  00003094  72656163	.ascii "reac opend in pid : %d\n\000"
  103  00003098  206f7065	
  103  0000309c  6e642069	
  103  000030a0  6e207069	
  103  000030a4  64203a20	
  103  000030a8  25640a00	
  104  000030ac          	.align 2
  105  000030ac          	LC8_LF0:
  106  000030ac  46415441	.ascii "FATAL ERROR: pid: %d, reaction 1 (S2 -> S + S) recv S2 mbox error\n\000"
  106  000030b0  4c204552	
  106  000030b4  524f523a	
  106  000030b8  20706964	
  106  000030bc  3a202564	
  106  000030c0  2c207265	
  106  000030c4  61637469	
  106  000030c8  6f6e2031	
  106  000030cc  20285332	
  106  000030d0  202d3e20	
  106  000030d4  53202b20	
  106  000030d8  53292072	
  106  000030dc  65637620	
  106  000030e0  5332206d	
  106  000030e4  626f7820	
  106  000030e8  6572726f	
  106  000030ec  720a00  	
  107  000030ef          	.align 2
  108  000030f0          	LC9_LF0:
  109  000030f0  46415441	.ascii "FATAL ERROR: pid: %d, reaction 1 (S2 -> S + S) send S mbox error\n\000"
  109  000030f4  4c204552	
  109  000030f8  524f523a	
  109  000030fc  20706964	
  109  00003100  3a202564	
  109  00003104  2c207265	
  109  00003108  61637469	
  109  0000310c  6f6e2031	
  109  00003110  20285332	
  109  00003114  202d3e20	
  109  00003118  53202b20	
  109  0000311c  53292073	
  109  00003120  656e6420	
  109  00003124  53206d62	
  109  00003128  6f782065	
  109  0000312c  72726f72	
  109  00003130  0a00    	
  110  00003132          	.align 2
  111  00003134          	LC10_LF0:
  112  00003134  4d455353	.ascii "MESSAGE: pid %d, reaction 1 (S2 -> S + S) successful\n\000"
  112  00003138  4147453a	
  112  0000313c  20706964	
  112  00003140  2025642c	
  112  00003144  20726561	
  112  00003148  6374696f	
  112  0000314c  6e203120	
  112  00003150  28533220	
  112  00003154  2d3e2053	
  112  00003158  202b2053	
  112  0000315c  29207375	
  112  00003160  63636573	
  112  00003164  7366756c	
  112  00003168  0a00    	
  113  0000316a          	.align 2
  114  0000316c          	LC11_LF0:
  115  0000316c  46415441	.ascii "FATAL ERROR: pid: %d, reaction 2 (4CO -> 2O2 + 2C2) recv 4CO mbox erro"
  115  00003170  4c204552	
  115  00003174  524f523a	
  115  00003178  20706964	
  115  0000317c  3a202564	
  115  00003180  2c207265	
  115  00003184  61637469	
  115  00003188  6f6e2032	
  115  0000318c  20283443	
  115  00003190  4f202d3e	
  115  00003194  20324f32	
  115  00003198  202b2032	
  115  0000319c  43322920	
  115  000031a0  72656376	
  115  000031a4  2034434f	
  115  000031a8  206d626f	
  115  000031ac  78206572	
  115  000031b0  726f    	
  116  000031b2  720a00  	.ascii "r\n\000"
  117  000031b5          	.align 2
  118  000031b8          	LC12_LF0:
  119  000031b8  46415441	.ascii "FATAL ERROR: pid: %d, reaction 2 (4CO -> 2O2 + 2C2) send 2O2 or 2C2 mb"
  119  000031bc  4c204552	
  119  000031c0  524f523a	
  119  000031c4  20706964	
  119  000031c8  3a202564	
  119  000031cc  2c207265	
  119  000031d0  61637469	
  119  000031d4  6f6e2032	
  119  000031d8  20283443	
  119  000031dc  4f202d3e	
  119  000031e0  20324f32	
  119  000031e4  202b2032	
  119  000031e8  43322920	
  119  000031ec  73656e64	
  119  000031f0  20324f32	
  119  000031f4  206f7220	
  119  000031f8  32433220	
  119  000031fc  6d62    	
  120  000031fe  6f782065	.ascii "ox error\n\000"
  120  00003202  72726f72	
  120  00003206  0a00    	
  121  00003208          	.align 2
  122  00003208          	LC13_LF0:
  123  00003208  4d455353	.ascii "MESSAGE: pid %d, reaction 2 (4CO -> 2O2 + 2C2) successful\n\000"
  123  0000320c  4147453a	
  123  00003210  20706964	
  123  00003214  2025642c	
  123  00003218  20726561	
  123  0000321c  6374696f	
  123  00003220  6e203220	
  123  00003224  2834434f	
  123  00003228  202d3e20	
  123  0000322c  324f3220	
  123  00003230  2b203243	
  123  00003234  32292073	
  123  00003238  75636365	
  123  0000323c  73736675	
  123  00003240  6c0a00  	
  124  00003243          	.align 2
  125  00003244          	LC14_LF0:
  126  00003244  46415441	.ascii "FATAL ERROR: pid: %d, reaction 3 (S + 2O2 -> SO4) recv S or 2O2 mbox e"
  126  00003248  4c204552	
  126  0000324c  524f523a	
  126  00003250  20706964	
  126  00003254  3a202564	
  126  00003258  2c207265	
  126  0000325c  61637469	
  126  00003260  6f6e2033	
  126  00003264  20285320	
  126  00003268  2b20324f	
  126  0000326c  32202d3e	
  126  00003270  20534f34	
  126  00003274  29207265	
  126  00003278  63762053	
  126  0000327c  206f7220	
  126  00003280  324f3220	
  126  00003284  6d626f78	
  126  00003288  2065    	
  127  0000328a  72726f72	.ascii "rror\n\000"
  127  0000328e  0a00    	
  128  00003290          	.align 2
  129  00003290          	LC15_LF0:
  130  00003290  46415441	.ascii "FATAL ERROR: pid: %d, reaction 3 (S + 2O2 -> SO4) send SO4 mbox error\n"
  130  00003294  4c204552	
  130  00003298  524f523a	
  130  0000329c  20706964	
  130  000032a0  3a202564	
  130  000032a4  2c207265	
  130  000032a8  61637469	
  130  000032ac  6f6e2033	
  130  000032b0  20285320	
  130  000032b4  2b20324f	
  130  000032b8  32202d3e	
  130  000032bc  20534f34	
  130  000032c0  29207365	
  130  000032c4  6e642053	
  130  000032c8  4f34206d	
  130  000032cc  626f7820	
  130  000032d0  6572726f	
  130  000032d4  720a    	
  131  000032d6  00      	.ascii "\000"
  132  000032d7          	.align 2
  133  000032d8          	LC16_LF0:
  134  000032d8  4d455353	.ascii "MESSAGE: pid %d, reaction 3 (S + 2O2 -> SO4) successful\n\000"
  134  000032dc  4147453a	
  134  000032e0  20706964	
  134  000032e4  2025642c	
  134  000032e8  20726561	
  134  000032ec  6374696f	
  134  000032f0  6e203320	
  134  000032f4  2853202b	
  134  000032f8  20324f32	
  134  000032fc  202d3e20	
  134  00003300  534f3429	
  134  00003304  20737563	
  134  00003308  63657373	
  134  0000330c  66756c0a	
  134  00003310  00      	
  135  00003311          	.align 2
  136  00003314          	LC17_LF0:
  137  00003314  72656163	.ascii "reac send in pid %d\n\000"
  137  00003318  2073656e	
  137  0000331c  6420696e	
  137  00003320  20706964	
  137  00003324  2025640a	
  137  00003328  00      	
  138  00003329          	.align 2
  139  0000332c          	LC18_LF0:
  140  0000332c  46415441	.ascii "FATAL ERROR: pid: %d, reaction close mbox error\n\000"
  140  00003330  4c204552	
  140  00003334  524f523a	
  140  00003338  20706964	
  140  0000333c  3a202564	
  140  00003340  2c207265	
  140  00003344  61637469	
  140  00003348  6f6e2063	
  140  0000334c  6c6f7365	
  140  00003350  206d626f	
  140  00003354  78206572	
  140  00003358  726f720a	
  140  0000335c  00      	
  141  0000335d          	.align 2
  142  00003360          	LC19_LF0:
  143  00003360  72656163	.ascii "reac closed in pid %d\n\000"
  143  00003364  20636c6f	
  143  00003368  73656420	
  143  0000336c  696e2070	
  143  00003370  69642025	
  143  00003374  640a00  	
  144  00003377          	.align 2
  145  00003378          	LC20_LF0:
  146  00003378  46415441	.ascii "FATAL ERROR: pid: %d, reaction sem signal error\n\000"
  146  0000337c  4c204552	
  146  00003380  524f523a	
  146  00003384  20706964	
  146  00003388  3a202564	
  146  0000338c  2c207265	
  146  00003390  61637469	
  146  00003394  6f6e2073	
  146  00003398  656d2073	
  146  0000339c  69676e61	
  146  000033a0  6c206572	
  146  000033a4  726f720a	
  146  000033a8  00      	
  147  000033a9          	.text
  148  000010d4          	.align 2
  149  000010d4          	.proc _main
  150  000010d4          	.global _main
  151  000010d4          	_main:
  152                      ;  Function 'main'; 96 bytes of locals, 0 regs to save.
  153  000010d4  afbefffc	sw	-4(r29),r30; push fp
  154  000010d8  001df020	add	r30,r0,r29; fp = sp
  155  000010dc  afbffff8	sw	-8(r29),r31; push ret addr
  156  000010e0  2fbd0068	subui	r29,r29,#104; alloc local storage
  157  000010e4  8fc20000	lw	r2,(r30)
  158  000010e8  8fc30004	lw	r3,4(r30)
  159  000010ec  0c001604	jal	___main
  160  000010f0  54000000	nop; not filled.
  161  000010f4  3c010000	lhi	r1,((LC0_LF0)>>16)&0xffff
  162  000010f8  24213000	addui	r1,r1,(LC0_LF0)&0xffff
  163  000010fc  80280000	lb	r8,(r1)
  164  00001100  a3c8fff0	sb	-16(r30),r8
  165  00001104  80210001	lb	r1,1(r1)
  166  00001108  a3c1fff1	sb	-15(r30),r1
  167  0000110c  3c010000	lhi	r1,((LC1_LF0)>>16)&0xffff
  168  00001110  24213004	addui	r1,r1,(LC1_LF0)&0xffff
  169  00001114  80280000	lb	r8,(r1)
  170  00001118  a3c8ffe8	sb	-24(r30),r8
  171  0000111c  80280001	lb	r8,1(r1)
  172  00001120  a3c8ffe9	sb	-23(r30),r8
  173  00001124  80280002	lb	r8,2(r1)
  174  00001128  a3c8ffea	sb	-22(r30),r8
  175  0000112c  80210003	lb	r1,3(r1)
  176  00001130  a3c1ffeb	sb	-21(r30),r1
  177  00001134  3c010000	lhi	r1,((LC2_LF0)>>16)&0xffff
  178  00001138  24213008	addui	r1,r1,(LC2_LF0)&0xffff
  179  0000113c  80280000	lb	r8,(r1)
  180  00001140  a3c8ffe0	sb	-32(r30),r8
  181  00001144  80280001	lb	r8,1(r1)
  182  00001148  a3c8ffe1	sb	-31(r30),r8
  183  0000114c  80280002	lb	r8,2(r1)
  184  00001150  a3c8ffe2	sb	-30(r30),r8
  185  00001154  80210003	lb	r1,3(r1)
  186  00001158  a3c1ffe3	sb	-29(r30),r1
  187  0000115c  3c010000	lhi	r1,((LC3_LF0)>>16)&0xffff
  188  00001160  2421300c	addui	r1,r1,(LC3_LF0)&0xffff
  189  00001164  80280000	lb	r8,(r1)
  190  00001168  a3c8ffd8	sb	-40(r30),r8
  191  0000116c  80280001	lb	r8,1(r1)
  192  00001170  a3c8ffd9	sb	-39(r30),r8
  193  00001174  80280002	lb	r8,2(r1)
  194  00001178  a3c8ffda	sb	-38(r30),r8
  195  0000117c  80210003	lb	r1,3(r1)
  196  00001180  a3c1ffdb	sb	-37(r30),r1
  197  00001184  0c0006c8	jal	_getpid
  198  00001188  54000000	nop; not filled.
  199  0000118c  00012820	add	r5,r0,r1
  200  00001190  64410006	snei	r1,r2,#6
  201  00001194  1020002c	beqz	r1,L14_LF0
  202  00001198  54000000	nop; not filled.
  203  0000119c  23bdfff8	addi	r29,r29,#-8
  204  000011a0  3c080000	lhi	r8,((LC4_LF0)>>16)&0xffff
  205  000011a4  25083010	addui	r8,r8,(LC4_LF0)&0xffff
  206  000011a8  afa80000	sw	(r29),r8
  207  000011ac  afa50004	sw	4(r29),r5
  208  000011b0  0c000690	jal	_Printf
  209  000011b4  54000000	nop; not filled.
  210  000011b8  0c000790	jal	_Exit
  211  000011bc  54000000	nop; not filled.
  212  000011c0  23bd0008	addi	r29,r29,#8
  213  000011c4          	L14_LF0:
  214  000011c4  23bdfff0	addi	r29,r29,#-16
  215  000011c8  8c680004	lw	r8,4(r3)
  216  000011cc  afa80000	sw	(r29),r8
  217  000011d0  20080000	addi	r8,r0,#0
  218  000011d4  afa80004	sw	4(r29),r8
  219  000011d8  2008000a	addi	r8,r0,#10
  220  000011dc  afa80008	sw	8(r29),r8
  221  000011e0  0c001014	jal	_dstrtol
  222  000011e4  54000000	nop; not filled.
  223  000011e8  00013020	add	r6,r0,r1
  224  000011ec  8c680014	lw	r8,20(r3)
  225  000011f0  afa80000	sw	(r29),r8
  226  000011f4  20080000	addi	r8,r0,#0
  227  000011f8  afa80004	sw	4(r29),r8
  228  000011fc  2008000a	addi	r8,r0,#10
  229  00001200  afa80008	sw	8(r29),r8
  230  00001204  0c000ff0	jal	_dstrtol
  231  00001208  54000000	nop; not filled.
  232  0000120c  00013820	add	r7,r0,r1
  233  00001210  3c080000	lhi	r8,((LC5_LF0)>>16)&0xffff
  234  00001214  25083044	addui	r8,r8,(LC5_LF0)&0xffff
  235  00001218  afa80000	sw	(r29),r8
  236  0000121c  afa60004	sw	4(r29),r6
  237  00001220  afa50008	sw	8(r29),r5
  238  00001224  0c00061c	jal	_Printf
  239  00001228  54000000	nop; not filled.
  240  0000122c  20020002	addi	r2,r0,#2
  241  00001230  23bd0010	addi	r29,r29,#16
  242  00001234  23c4ffc8	addi	r4,r30,#-56
  243  00001238  20630008	addi	r3,r3,#8
  244  0000123c          	L18_LF0:
  245  0000123c  23bdfff0	addi	r29,r29,#-16
  246  00001240  8c680000	lw	r8,(r3)
  247  00001244  afa80000	sw	(r29),r8
  248  00001248  20080000	addi	r8,r0,#0
  249  0000124c  afa80004	sw	4(r29),r8
  250  00001250  2008000a	addi	r8,r0,#10
  251  00001254  afa80008	sw	8(r29),r8
  252  00001258  0c000f9c	jal	_dstrtol
  253  0000125c  54000000	nop; not filled.
  254  00001260  ac810000	sw	(r4),r1
  255  00001264  23bd0010	addi	r29,r29,#16
  256  00001268  20840004	addi	r4,r4,#4
  257  0000126c  20630004	addi	r3,r3,#4
  258  00001270  20420001	addi	r2,r2,#1
  259  00001274  70410004	slei	r1,r2,#4
  260  00001278  1420ffc0	bnez	r1,L18_LF0
  261  0000127c  54000000	nop; not filled.
  262  00001280  20040001	addi	r4,r0,#1
  263  00001284  60c10001	seqi	r1,r6,#1
  264  00001288  10200058	beqz	r1,L20_LF0
  265  0000128c  54000000	nop; not filled.
  266  00001290  20020000	addi	r2,r0,#0
  267  00001294  23c3fff8	addi	r3,r30,#-8
  268  00001298          	L24_LF0:
  269  00001298  23bdfff8	addi	r29,r29,#-8
  270  0000129c  8c68ffd0	lw	r8,-48(r3)
  271  000012a0  afa80000	sw	(r29),r8
  272  000012a4  0c00065c	jal	_mbox_open
  273  000012a8  54000000	nop; not filled.
  274  000012ac  23bd0008	addi	r29,r29,#8
  275  000012b0  6021ffff	seqi	r1,r1,#-1
  276  000012b4  14200020	bnez	r1,L65_LF0
  277  000012b8  54000000	nop; not filled.
  278  000012bc  20630004	addi	r3,r3,#4
  279  000012c0  20420001	addi	r2,r2,#1
  280  000012c4  70410001	slei	r1,r2,#1
  281  000012c8  10200058	beqz	r1,L27_LF0
  282  000012cc  54000000	nop; not filled.
  283  000012d0  0bffffc4	j	L24_LF0
  284  000012d4  54000000	nop; not filled.
  285  000012d8          	L65_LF0:
  286  000012d8  20040000	addi	r4,r0,#0
  287  000012dc  08000044	j	L27_LF0
  288  000012e0  54000000	nop; not filled.
  289  000012e4          	L20_LF0:
  290  000012e4  20020000	addi	r2,r0,#0
  291  000012e8  23c3fff8	addi	r3,r30,#-8
  292  000012ec          	L31_LF0:
  293  000012ec  23bdfff8	addi	r29,r29,#-8
  294  000012f0  8c68ffd0	lw	r8,-48(r3)
  295  000012f4  afa80000	sw	(r29),r8
  296  000012f8  0c000608	jal	_mbox_open
  297  000012fc  54000000	nop; not filled.
  298  00001300  23bd0008	addi	r29,r29,#8
  299  00001304  6021ffff	seqi	r1,r1,#-1
  300  00001308  1420ffcc	bnez	r1,L65_LF0
  301  0000130c  54000000	nop; not filled.
  302  00001310  20630004	addi	r3,r3,#4
  303  00001314  20420001	addi	r2,r2,#1
  304  00001318  70410002	slei	r1,r2,#2
  305  0000131c  1420ffcc	bnez	r1,L31_LF0
  306  00001320  54000000	nop; not filled.
  307  00001324          	L27_LF0:
  308  00001324  64810000	snei	r1,r4,#0
  309  00001328  1420002c	bnez	r1,L34_LF0
  310  0000132c  54000000	nop; not filled.
  311  00001330  23bdfff8	addi	r29,r29,#-8
  312  00001334  3c080000	lhi	r8,((LC6_LF0)>>16)&0xffff
  313  00001338  25083064	addui	r8,r8,(LC6_LF0)&0xffff
  314  0000133c  afa80000	sw	(r29),r8
  315  00001340  afa50004	sw	4(r29),r5
  316  00001344  0c0004fc	jal	_Printf
  317  00001348  54000000	nop; not filled.
  318  0000134c  0c0005fc	jal	_Exit
  319  00001350  54000000	nop; not filled.
  320  00001354  23bd0008	addi	r29,r29,#8
  321  00001358          	L34_LF0:
  322  00001358  23bdfff8	addi	r29,r29,#-8
  323  0000135c  3c080000	lhi	r8,((LC7_LF0)>>16)&0xffff
  324  00001360  25083094	addui	r8,r8,(LC7_LF0)&0xffff
  325  00001364  afa80000	sw	(r29),r8
  326  00001368  afa50004	sw	4(r29),r5
  327  0000136c  0c0004d4	jal	_Printf
  328  00001370  54000000	nop; not filled.
  329  00001374  23bd0008	addi	r29,r29,#8
  330  00001378  60c10001	seqi	r1,r6,#1
  331  0000137c  10200100	beqz	r1,L35_LF0
  332  00001380  54000000	nop; not filled.
  333  00001384  23bdfff0	addi	r29,r29,#-16
  334  00001388  8fc8ffc8	lw	r8,-56(r30)
  335  0000138c  afa80000	sw	(r29),r8
  336  00001390  20080014	addi	r8,r0,#20
  337  00001394  afa80004	sw	4(r29),r8
  338  00001398  23c1ffb0	addi	r1,r30,#-80
  339  0000139c  afa10008	sw	8(r29),r1
  340  000013a0  0c000584	jal	_mbox_recv
  341  000013a4  54000000	nop; not filled.
  342  000013a8  23bd0010	addi	r29,r29,#16
  343  000013ac  6021ffff	seqi	r1,r1,#-1
  344  000013b0  1020002c	beqz	r1,L36_LF0
  345  000013b4  54000000	nop; not filled.
  346  000013b8  23bdfff8	addi	r29,r29,#-8
  347  000013bc  3c080000	lhi	r8,((LC8_LF0)>>16)&0xffff
  348  000013c0  250830ac	addui	r8,r8,(LC8_LF0)&0xffff
  349  000013c4  afa80000	sw	(r29),r8
  350  000013c8  afa50004	sw	4(r29),r5
  351  000013cc  0c000474	jal	_Printf
  352  000013d0  54000000	nop; not filled.
  353  000013d4  0c000574	jal	_Exit
  354  000013d8  54000000	nop; not filled.
  355  000013dc  23bd0008	addi	r29,r29,#8
  356  000013e0          	L36_LF0:
  357  000013e0  23bdfff0	addi	r29,r29,#-16
  358  000013e4  8fc8ffcc	lw	r8,-52(r30)
  359  000013e8  afa80000	sw	(r29),r8
  360  000013ec  20080002	addi	r8,r0,#2
  361  000013f0  afa80004	sw	4(r29),r8
  362  000013f4  23c2fff0	addi	r2,r30,#-16
  363  000013f8  afa20008	sw	8(r29),r2
  364  000013fc  0c00051c	jal	_mbox_send
  365  00001400  54000000	nop; not filled.
  366  00001404  23bd0010	addi	r29,r29,#16
  367  00001408  6021ffff	seqi	r1,r1,#-1
  368  0000140c  14200034	bnez	r1,L38_LF0
  369  00001410  54000000	nop; not filled.
  370  00001414  23bdfff0	addi	r29,r29,#-16
  371  00001418  8fc8ffcc	lw	r8,-52(r30)
  372  0000141c  afa80000	sw	(r29),r8
  373  00001420  20080002	addi	r8,r0,#2
  374  00001424  afa80004	sw	4(r29),r8
  375  00001428  afa20008	sw	8(r29),r2
  376  0000142c  0c0004ec	jal	_mbox_send
  377  00001430  54000000	nop; not filled.
  378  00001434  23bd0010	addi	r29,r29,#16
  379  00001438  6021ffff	seqi	r1,r1,#-1
  380  0000143c  1020002c	beqz	r1,L37_LF0
  381  00001440  54000000	nop; not filled.
  382  00001444          	L38_LF0:
  383  00001444  23bdfff8	addi	r29,r29,#-8
  384  00001448  3c080000	lhi	r8,((LC9_LF0)>>16)&0xffff
  385  0000144c  250830f0	addui	r8,r8,(LC9_LF0)&0xffff
  386  00001450  afa80000	sw	(r29),r8
  387  00001454  afa50004	sw	4(r29),r5
  388  00001458  0c0003e8	jal	_Printf
  389  0000145c  54000000	nop; not filled.
  390  00001460  0c0004e8	jal	_Exit
  391  00001464  54000000	nop; not filled.
  392  00001468  23bd0008	addi	r29,r29,#8
  393  0000146c          	L37_LF0:
  394  0000146c  23bdfff8	addi	r29,r29,#-8
  395  00001470  3c080000	lhi	r8,((LC10_LF0)>>16)&0xffff
  396  00001474  25083134	addui	r8,r8,(LC10_LF0)&0xffff
  397  00001478  08000208	j	L68_LF0
  398  0000147c  54000000	nop; not filled.
  399  00001480          	L35_LF0:
  400  00001480  60c10002	seqi	r1,r6,#2
  401  00001484  10200104	beqz	r1,L40_LF0
  402  00001488  54000000	nop; not filled.
  403  0000148c  23bdfff0	addi	r29,r29,#-16
  404  00001490  8fc8ffc8	lw	r8,-56(r30)
  405  00001494  afa80000	sw	(r29),r8
  406  00001498  20080014	addi	r8,r0,#20
  407  0000149c  afa80004	sw	4(r29),r8
  408  000014a0  23c1ffb0	addi	r1,r30,#-80
  409  000014a4  afa10008	sw	8(r29),r1
  410  000014a8  0c00047c	jal	_mbox_recv
  411  000014ac  54000000	nop; not filled.
  412  000014b0  23bd0010	addi	r29,r29,#16
  413  000014b4  6021ffff	seqi	r1,r1,#-1
  414  000014b8  1020002c	beqz	r1,L41_LF0
  415  000014bc  54000000	nop; not filled.
  416  000014c0  23bdfff8	addi	r29,r29,#-8
  417  000014c4  3c080000	lhi	r8,((LC11_LF0)>>16)&0xffff
  418  000014c8  2508316c	addui	r8,r8,(LC11_LF0)&0xffff
  419  000014cc  afa80000	sw	(r29),r8
  420  000014d0  afa50004	sw	4(r29),r5
  421  000014d4  0c00036c	jal	_Printf
  422  000014d8  54000000	nop; not filled.
  423  000014dc  0c00046c	jal	_Exit
  424  000014e0  54000000	nop; not filled.
  425  000014e4  23bd0008	addi	r29,r29,#8
  426  000014e8          	L41_LF0:
  427  000014e8  23bdfff0	addi	r29,r29,#-16
  428  000014ec  8fc8ffcc	lw	r8,-52(r30)
  429  000014f0  afa80000	sw	(r29),r8
  430  000014f4  20080004	addi	r8,r0,#4
  431  000014f8  afa80004	sw	4(r29),r8
  432  000014fc  23c1ffe8	addi	r1,r30,#-24
  433  00001500  afa10008	sw	8(r29),r1
  434  00001504  0c000414	jal	_mbox_send
  435  00001508  54000000	nop; not filled.
  436  0000150c  23bd0010	addi	r29,r29,#16
  437  00001510  6021ffff	seqi	r1,r1,#-1
  438  00001514  14200038	bnez	r1,L43_LF0
  439  00001518  54000000	nop; not filled.
  440  0000151c  23bdfff0	addi	r29,r29,#-16
  441  00001520  8fc8ffd0	lw	r8,-48(r30)
  442  00001524  afa80000	sw	(r29),r8
  443  00001528  20080004	addi	r8,r0,#4
  444  0000152c  afa80004	sw	4(r29),r8
  445  00001530  23c1ffe0	addi	r1,r30,#-32
  446  00001534  afa10008	sw	8(r29),r1
  447  00001538  0c0003e0	jal	_mbox_send
  448  0000153c  54000000	nop; not filled.
  449  00001540  23bd0010	addi	r29,r29,#16
  450  00001544  6021ffff	seqi	r1,r1,#-1
  451  00001548  1020002c	beqz	r1,L42_LF0
  452  0000154c  54000000	nop; not filled.
  453  00001550          	L43_LF0:
  454  00001550  23bdfff8	addi	r29,r29,#-8
  455  00001554  3c080000	lhi	r8,((LC12_LF0)>>16)&0xffff
  456  00001558  250831b8	addui	r8,r8,(LC12_LF0)&0xffff
  457  0000155c  afa80000	sw	(r29),r8
  458  00001560  afa50004	sw	4(r29),r5
  459  00001564  0c0002dc	jal	_Printf
  460  00001568  54000000	nop; not filled.
  461  0000156c  0c0003dc	jal	_Exit
  462  00001570  54000000	nop; not filled.
  463  00001574  23bd0008	addi	r29,r29,#8
  464  00001578          	L42_LF0:
  465  00001578  23bdfff8	addi	r29,r29,#-8
  466  0000157c  3c080000	lhi	r8,((LC13_LF0)>>16)&0xffff
  467  00001580  25083208	addui	r8,r8,(LC13_LF0)&0xffff
  468  00001584  080000fc	j	L68_LF0
  469  00001588  54000000	nop; not filled.
  470  0000158c          	L40_LF0:
  471  0000158c  23bdfff0	addi	r29,r29,#-16
  472  00001590  8fc8ffc8	lw	r8,-56(r30)
  473  00001594  afa80000	sw	(r29),r8
  474  00001598  20080014	addi	r8,r0,#20
  475  0000159c  afa80004	sw	4(r29),r8
  476  000015a0  23c1ffb0	addi	r1,r30,#-80
  477  000015a4  afa10008	sw	8(r29),r1
  478  000015a8  0c00037c	jal	_mbox_recv
  479  000015ac  54000000	nop; not filled.
  480  000015b0  23bd0010	addi	r29,r29,#16
  481  000015b4  6021ffff	seqi	r1,r1,#-1
  482  000015b8  14200038	bnez	r1,L46_LF0
  483  000015bc  54000000	nop; not filled.
  484  000015c0  23bdfff0	addi	r29,r29,#-16
  485  000015c4  8fc8ffcc	lw	r8,-52(r30)
  486  000015c8  afa80000	sw	(r29),r8
  487  000015cc  20080014	addi	r8,r0,#20
  488  000015d0  afa80004	sw	4(r29),r8
  489  000015d4  23c1ff98	addi	r1,r30,#-104
  490  000015d8  afa10008	sw	8(r29),r1
  491  000015dc  0c000348	jal	_mbox_recv
  492  000015e0  54000000	nop; not filled.
  493  000015e4  23bd0010	addi	r29,r29,#16
  494  000015e8  6021ffff	seqi	r1,r1,#-1
  495  000015ec  1020002c	beqz	r1,L45_LF0
  496  000015f0  54000000	nop; not filled.
  497  000015f4          	L46_LF0:
  498  000015f4  23bdfff8	addi	r29,r29,#-8
  499  000015f8  3c080000	lhi	r8,((LC14_LF0)>>16)&0xffff
  500  000015fc  25083244	addui	r8,r8,(LC14_LF0)&0xffff
  501  00001600  afa80000	sw	(r29),r8
  502  00001604  afa50004	sw	4(r29),r5
  503  00001608  0c000238	jal	_Printf
  504  0000160c  54000000	nop; not filled.
  505  00001610  0c000338	jal	_Exit
  506  00001614  54000000	nop; not filled.
  507  00001618  23bd0008	addi	r29,r29,#8
  508  0000161c          	L45_LF0:
  509  0000161c  23bdfff0	addi	r29,r29,#-16
  510  00001620  8fc8ffd0	lw	r8,-48(r30)
  511  00001624  afa80000	sw	(r29),r8
  512  00001628  20080004	addi	r8,r0,#4
  513  0000162c  afa80004	sw	4(r29),r8
  514  00001630  23c1ffd8	addi	r1,r30,#-40
  515  00001634  afa10008	sw	8(r29),r1
  516  00001638  0c0002e0	jal	_mbox_send
  517  0000163c  54000000	nop; not filled.
  518  00001640  23bd0010	addi	r29,r29,#16
  519  00001644  6021ffff	seqi	r1,r1,#-1
  520  00001648  1020002c	beqz	r1,L47_LF0
  521  0000164c  54000000	nop; not filled.
  522  00001650  23bdfff8	addi	r29,r29,#-8
  523  00001654  3c080000	lhi	r8,((LC15_LF0)>>16)&0xffff
  524  00001658  25083290	addui	r8,r8,(LC15_LF0)&0xffff
  525  0000165c  afa80000	sw	(r29),r8
  526  00001660  afa50004	sw	4(r29),r5
  527  00001664  0c0001dc	jal	_Printf
  528  00001668  54000000	nop; not filled.
  529  0000166c  0c0002dc	jal	_Exit
  530  00001670  54000000	nop; not filled.
  531  00001674  23bd0008	addi	r29,r29,#8
  532  00001678          	L47_LF0:
  533  00001678  23bdfff8	addi	r29,r29,#-8
  534  0000167c  3c080000	lhi	r8,((LC16_LF0)>>16)&0xffff
  535  00001680  250832d8	addui	r8,r8,(LC16_LF0)&0xffff
  536  00001684          	L68_LF0:
  537  00001684  afa80000	sw	(r29),r8
  538  00001688  afa50004	sw	4(r29),r5
  539  0000168c  0c0001b4	jal	_Printf
  540  00001690  54000000	nop; not filled.
  541  00001694  23bd0008	addi	r29,r29,#8
  542  00001698  23bdfff8	addi	r29,r29,#-8
  543  0000169c  3c080000	lhi	r8,((LC17_LF0)>>16)&0xffff
  544  000016a0  25083314	addui	r8,r8,(LC17_LF0)&0xffff
  545  000016a4  afa80000	sw	(r29),r8
  546  000016a8  afa50004	sw	4(r29),r5
  547  000016ac  0c000194	jal	_Printf
  548  000016b0  54000000	nop; not filled.
  549  000016b4  20040001	addi	r4,r0,#1
  550  000016b8  23bd0008	addi	r29,r29,#8
  551  000016bc  60c10001	seqi	r1,r6,#1
  552  000016c0  10200058	beqz	r1,L48_LF0
  553  000016c4  54000000	nop; not filled.
  554  000016c8  20020000	addi	r2,r0,#0
  555  000016cc  23c3fff8	addi	r3,r30,#-8
  556  000016d0          	L52_LF0:
  557  000016d0  23bdfff8	addi	r29,r29,#-8
  558  000016d4  8c68ffd0	lw	r8,-48(r3)
  559  000016d8  afa80000	sw	(r29),r8
  560  000016dc  0c000230	jal	_mbox_close
  561  000016e0  54000000	nop; not filled.
  562  000016e4  23bd0008	addi	r29,r29,#8
  563  000016e8  6021ffff	seqi	r1,r1,#-1
  564  000016ec  14200020	bnez	r1,L67_LF0
  565  000016f0  54000000	nop; not filled.
  566  000016f4  20630004	addi	r3,r3,#4
  567  000016f8  20420001	addi	r2,r2,#1
  568  000016fc  70410001	slei	r1,r2,#1
  569  00001700  10200058	beqz	r1,L55_LF0
  570  00001704  54000000	nop; not filled.
  571  00001708  0bffffc4	j	L52_LF0
  572  0000170c  54000000	nop; not filled.
  573  00001710          	L67_LF0:
  574  00001710  20040000	addi	r4,r0,#0
  575  00001714  08000044	j	L55_LF0
  576  00001718  54000000	nop; not filled.
  577  0000171c          	L48_LF0:
  578  0000171c  20020000	addi	r2,r0,#0
  579  00001720  23c3fff8	addi	r3,r30,#-8
  580  00001724          	L59_LF0:
  581  00001724  23bdfff8	addi	r29,r29,#-8
  582  00001728  8c68ffd0	lw	r8,-48(r3)
  583  0000172c  afa80000	sw	(r29),r8
  584  00001730  0c0001dc	jal	_mbox_close
  585  00001734  54000000	nop; not filled.
  586  00001738  23bd0008	addi	r29,r29,#8
  587  0000173c  6021ffff	seqi	r1,r1,#-1
  588  00001740  1420ffcc	bnez	r1,L67_LF0
  589  00001744  54000000	nop; not filled.
  590  00001748  20630004	addi	r3,r3,#4
  591  0000174c  20420001	addi	r2,r2,#1
  592  00001750  70410002	slei	r1,r2,#2
  593  00001754  1420ffcc	bnez	r1,L59_LF0
  594  00001758  54000000	nop; not filled.
  595  0000175c          	L55_LF0:
  596  0000175c  64810000	snei	r1,r4,#0
  597  00001760  1420002c	bnez	r1,L62_LF0
  598  00001764  54000000	nop; not filled.
  599  00001768  23bdfff8	addi	r29,r29,#-8
  600  0000176c  3c080000	lhi	r8,((LC18_LF0)>>16)&0xffff
  601  00001770  2508332c	addui	r8,r8,(LC18_LF0)&0xffff
  602  00001774  afa80000	sw	(r29),r8
  603  00001778  afa50004	sw	4(r29),r5
  604  0000177c  0c0000c4	jal	_Printf
  605  00001780  54000000	nop; not filled.
  606  00001784  0c0001c4	jal	_Exit
  607  00001788  54000000	nop; not filled.
  608  0000178c  23bd0008	addi	r29,r29,#8
  609  00001790          	L62_LF0:
  610  00001790  23bdfff8	addi	r29,r29,#-8
  611  00001794  3c080000	lhi	r8,((LC19_LF0)>>16)&0xffff
  612  00001798  25083360	addui	r8,r8,(LC19_LF0)&0xffff
  613  0000179c  afa80000	sw	(r29),r8
  614  000017a0  afa50004	sw	4(r29),r5
  615  000017a4  0c00009c	jal	_Printf
  616  000017a8  54000000	nop; not filled.
  617  000017ac  afa70000	sw	(r29),r7
  618  000017b0  0c0000e4	jal	_sem_signal
  619  000017b4  54000000	nop; not filled.
  620  000017b8  23bd0008	addi	r29,r29,#8
  621  000017bc  6021ffff	seqi	r1,r1,#-1
  622  000017c0  1020002c	beqz	r1,L63_LF0
  623  000017c4  54000000	nop; not filled.
  624  000017c8  23bdfff8	addi	r29,r29,#-8
  625  000017cc  3c080000	lhi	r8,((LC20_LF0)>>16)&0xffff
  626  000017d0  25083378	addui	r8,r8,(LC20_LF0)&0xffff
  627  000017d4  afa80000	sw	(r29),r8
  628  000017d8  afa50004	sw	4(r29),r5
  629  000017dc  0c000064	jal	_Printf
  630  000017e0  54000000	nop; not filled.
  631  000017e4  0c000164	jal	_Exit
  632  000017e8  54000000	nop; not filled.
  633  000017ec  23bd0008	addi	r29,r29,#8
  634  000017f0          	L63_LF0:
  635  000017f0  20010000	addi	r1,r0,#0
  636  000017f4  0c000ef0	jal	_exit
  637  000017f8  54000000	nop
  638  000017fc          	.endproc _main
  639                      ;;;
  640                      ;;; Stub functions for DLX traps.
  641                      ;;;
  642                      ;;; Ethan L. Miller, 1999.  Released to the public domain.
  643                      ;;;
  644                      ;;; The traps such as Open and Close
  645                      ;;; (note the capital letters) are for use by user programs.  The traps
  646                      ;;; with names such as open and close (lower case) are for use by the OS.
  647                      ;;;
  650  000017fc          	.align 2
  652                      ;;; The following are the traps to be used by user-level programs
  653                      ;;;
  655  000017fc          	.align 2
  656  000017fc          	.proc _Open
  657  000017fc          	.global _Open
  658  000017fc          	_Open:
  659                      ;;; Note that trap #0x213 actually causes a trap vector in the OS of
  660                      ;;; 0x1213.  The same is true for other user traps.  Thus, a user trap
  661                      ;;; with trap #0x240 will result in a trap vector of 0x1240 in the OS.
  662  000017fc  44000213	trap	#0x213
  663  00001800  4be00000	jr	r31
  664  00001804  54000000	nop
  665  00001808          	.endproc _Open
  667  00001808          	.proc _Close
  668  00001808          	.global _Close
  669  00001808          	_Close:
  670  00001808  44000214	trap	#0x214
  671  0000180c  4be00000	jr	r31
  672  00001810  54000000	nop
  673  00001814          	.endproc _Close
  675  00001814          	.proc _Read
  676  00001814          	.global _Read
  677  00001814          	_Read:
  678  00001814  44000210	trap	#0x210
  679  00001818  4be00000	jr	r31
  680  0000181c  54000000	nop
  681  00001820          	.endproc _Read
  683  00001820          	.proc _Write
  684  00001820          	.global _Write
  685  00001820          	_Write:
  686  00001820  44000211	trap	#0x211
  687  00001824  4be00000	jr	r31
  688  00001828  54000000	nop
  689  0000182c          	.endproc _Write
  691  0000182c          	.proc _Lseek
  692  0000182c          	.global _Lseek
  693  0000182c          	_Lseek:
  694  0000182c  44000212	trap	#0x212
  695  00001830  4be00000	jr	r31
  696  00001834  54000000	nop
  697  00001838          	.endproc _Lseek
  699  00001838          	.proc _Putchar
  700  00001838          	.global _Putchar
  701  00001838          	_Putchar:
  702  00001838  44000280	trap	#0x280
  703  0000183c  4be00000	jr	r31
  704  00001840  54000000	nop
  705  00001844          	.endproc _Putchar
  707  00001844          	.proc _Printf
  708  00001844          	.global _Printf
  709  00001844          	_Printf:
  710  00001844  44000201	trap	#0x201
  711  00001848  4be00000	jr	r31
  712  0000184c  54000000	nop
  713  00001850          	.endproc _Printf
  715  00001850          	.proc _getpid
  716  00001850          	.global _getpid
  717  00001850          	_getpid:
  718  00001850  44000431	trap	#0x431
  719  00001854  4be00000	jr	r31
  720  00001858  54000000	nop
  721  0000185c          	.endproc _getpid
  723  0000185c          	.proc _process_create
  724  0000185c          	.global _process_create
  725  0000185c          	_process_create:
  726  0000185c  44000432	trap	#0x432
  727  00001860  4be00000	jr	r31
  728  00001864  54000000	nop
  729  00001868          	.endproc _process_create
  731  00001868          	.proc _shmget
  732  00001868          	.global _shmget
  733  00001868          	_shmget:
  734  00001868  44000440	trap	#0x440
  735  0000186c  4be00000	jr	r31
  736  00001870  54000000	nop
  737  00001874          	.endproc _shmget
  739  00001874          	.proc _shmat
  740  00001874          	.global _shmat
  741  00001874          	_shmat:
  742  00001874  44000441	trap	#0x441
  743  00001878  4be00000	jr	r31
  744  0000187c  54000000	nop
  745  00001880          	.endproc _shmat
  747  00001880          	.proc _sem_create
  748  00001880          	.global _sem_create
  749  00001880          	_sem_create:
  750  00001880  44000450	trap	#0x450
  751  00001884  4be00000	jr	r31
  752  00001888  54000000	nop
  753  0000188c          	.endproc _sem_create
  755  0000188c          	.proc _sem_wait
  756  0000188c          	.global _sem_wait
  757  0000188c          	_sem_wait:
  758  0000188c  44000451	trap	#0x451
  759  00001890  4be00000	jr	r31
  760  00001894  54000000	nop
  761  00001898          	.endproc _sem_wait
  763  00001898          	.proc _sem_signal
  764  00001898          	.global _sem_signal
  765  00001898          	_sem_signal:
  766  00001898  44000452	trap	#0x452
  767  0000189c  4be00000	jr	r31
  768  000018a0  54000000	nop
  769  000018a4          	.endproc _sem_signal
  771  000018a4          	.proc _lock_create
  772  000018a4          	.global _lock_create
  773  000018a4          	_lock_create:
  774  000018a4  44000453	trap	#0x453
  775  000018a8  4be00000	jr	r31
  776  000018ac  54000000	nop
  777  000018b0          	.endproc _lock_create
  779  000018b0          	.proc _lock_acquire
  780  000018b0          	.global _lock_acquire
  781  000018b0          	_lock_acquire:
  782  000018b0  44000454	trap	#0x454
  783  000018b4  4be00000	jr	r31
  784  000018b8  54000000	nop
  785  000018bc          	.endproc _lock_acquire
  787  000018bc          	.proc _lock_release
  788  000018bc          	.global _lock_release
  789  000018bc          	_lock_release:
  790  000018bc  44000455	trap	#0x455
  791  000018c0  4be00000	jr	r31
  792  000018c4  54000000	nop
  793  000018c8          	.endproc _lock_release
  795  000018c8          	.proc _cond_create
  796  000018c8          	.global _cond_create
  797  000018c8          	_cond_create:
  798  000018c8  44000456	trap	#0x456
  799  000018cc  4be00000	jr	r31
  800  000018d0  54000000	nop
  801  000018d4          	.endproc _cond_create
  803  000018d4          	.proc _cond_wait
  804  000018d4          	.global _cond_wait
  805  000018d4          	_cond_wait:
  806  000018d4  44000457	trap	#0x457
  807  000018d8  4be00000	jr	r31
  808  000018dc  54000000	nop
  809  000018e0          	.endproc _cond_wait
  811  000018e0          	.proc _cond_signal
  812  000018e0          	.global _cond_signal
  813  000018e0          	_cond_signal:
  814  000018e0  44000458	trap	#0x458
  815  000018e4  4be00000	jr	r31
  816  000018e8  54000000	nop
  817  000018ec          	.endproc _cond_signal
  819  000018ec          	.proc _cond_broadcast
  820  000018ec          	.global _cond_broadcast
  821  000018ec          	_cond_broadcast:
  822  000018ec  44000459	trap	#0x459
  823  000018f0  4be00000	jr	r31
  824  000018f4  54000000	nop
  825  000018f8          	.endproc _cond_broadcast
  827  000018f8          	.proc _mbox_create
  828  000018f8          	.global _mbox_create
  829  000018f8          	_mbox_create:
  830  000018f8  44000460	trap	#0x460
  831  000018fc  4be00000	jr	r31
  832  00001900  54000000	nop
  833  00001904          	.endproc _mbox_create
  835  00001904          	.proc _mbox_open
  836  00001904          	.global _mbox_open
  837  00001904          	_mbox_open:
  838  00001904  44000461	trap	#0x461
  839  00001908  4be00000	jr	r31
  840  0000190c  54000000	nop
  841  00001910          	.endproc _mbox_open
  843  00001910          	.proc _mbox_close
  844  00001910          	.global _mbox_close
  845  00001910          	_mbox_close:
  846  00001910  44000462	trap	#0x462
  847  00001914  4be00000	jr	r31
  848  00001918  54000000	nop
  849  0000191c          	.endproc _mbox_close
  851  0000191c          	.proc _mbox_send
  852  0000191c          	.global _mbox_send
  853  0000191c          	_mbox_send:
  854  0000191c  44000463	trap	#0x463
  855  00001920  4be00000	jr	r31
  856  00001924  54000000	nop
  857  00001928          	.endproc _mbox_send
  859  00001928          	.proc _mbox_recv
  860  00001928          	.global _mbox_recv
  861  00001928          	_mbox_recv:
  862  00001928  44000464	trap	#0x464
  863  0000192c  4be00000	jr	r31
  864  00001930  54000000	nop
  865  00001934          	.endproc _mbox_recv
  867  00001934          	.proc _sleep
  868  00001934          	.global _sleep
  869  00001934          	_sleep:
  870  00001934  44000465	trap	#0x465
  871  00001938  4be00000	jr	r31
  872  0000193c  54000000	nop
  873  00001940          	.endproc _sleep
  875  00001940          	.proc _yield
  876  00001940          	.global _yield
  877  00001940          	_yield:
  878  00001940  44000466	trap	#0x466
  879  00001944  4be00000	jr	r31
  880  00001948  54000000	nop
  881  0000194c          	.endproc _yield
  884  0000194c          	.proc _Exit
  885  0000194c          	.global _Exit
  886  0000194c          	_Exit:
  887  0000194c  44000500	trap	#0x500
  888  00001950  4be00000	jr	r31
  889  00001954  54000000	nop
  890  00001958          	.endproc _Exit
  891                      ; Compiled by GCC
  893  00001958          	.align 2
  894  00001958          	.proc _isspace
  895  00001958          	.global _isspace
  896  00001958          	_isspace:
  897                      ;  Function 'isspace'; 0 bytes of locals, 3 regs to save.
  898  00001958  afbefffc	sw	-4(r29),r30; push fp
  899  0000195c  001df020	add	r30,r0,r29; fp = sp
  900  00001960  afbffff8	sw	-8(r29),r31; push ret addr
  901  00001964  2fbd0018	subui	r29,r29,#24; alloc local storage
  902  00001968  afa20000	sw	0(r29),r2
  903  0000196c  afa30004	sw	4(r29),r3
  904  00001970  afa40008	sw	8(r29),r4
  905  00001974  83c20003	lb	r2,3(r30)
  906  00001978  20010000	addi	r1,r0,#0
  907  0000197c  304300ff	andi	r3,r2,#0x00ff
  908  00001980  60640020	seqi	r4,r3,#32
  909  00001984  1480002c	bnez	r4,L3_LF2
  910  00001988  54000000	nop; delay slot nop
  911  0000198c  304300ff	andi	r3,r2,#0x00ff
  912  00001990  60640009	seqi	r4,r3,#9
  913  00001994  1480001c	bnez	r4,L3_LF2
  914  00001998  54000000	nop; delay slot nop
  915  0000199c  304300ff	andi	r3,r2,#0x00ff
  916  000019a0  6064000a	seqi	r4,r3,#10
  917  000019a4  1480000c	bnez	r4,L3_LF2
  918  000019a8  54000000	nop; delay slot nop
  919  000019ac  08000008	j	L2_LF2
  920  000019b0  54000000	nop; delay slot nop
  921  000019b4          	L3_LF2:
  922  000019b4  20010001	addi	r1,r0,#1
  923  000019b8          	L2_LF2:
  924  000019b8  08000004	j	L1_LF2
  925  000019bc  54000000	nop; delay slot nop
  926  000019c0          	L1_LF2:
  927  000019c0  8fa20000	lw	r2,0(r29)
  928  000019c4  8fa30004	lw	r3,4(r29)
  929  000019c8  8fa40008	lw	r4,8(r29)
  930  000019cc  8fdffff8	lw	r31,-8(r30)
  931  000019d0  001ee820	add	r29,r0,r30
  932  000019d4  8fdefffc	lw	r30,-4(r30)
  933  000019d8  4be00000	jr	r31
  934  000019dc  54000000	nop
  935  000019e0          	.endproc _isspace
  936  000019e0          	.align 2
  937  000019e0          	.proc _isxdigit
  938  000019e0          	.global _isxdigit
  939  000019e0          	_isxdigit:
  940                      ;  Function 'isxdigit'; 0 bytes of locals, 3 regs to save.
  941  000019e0  afbefffc	sw	-4(r29),r30; push fp
  942  000019e4  001df020	add	r30,r0,r29; fp = sp
  943  000019e8  afbffff8	sw	-8(r29),r31; push ret addr
  944  000019ec  2fbd0018	subui	r29,r29,#24; alloc local storage
  945  000019f0  afa20000	sw	0(r29),r2
  946  000019f4  afa30004	sw	4(r29),r3
  947  000019f8  afa40008	sw	8(r29),r4
  948  000019fc  83c20003	lb	r2,3(r30)
  949  00001a00  20010000	addi	r1,r0,#0
  950  00001a04  304300ff	andi	r3,r2,#0x00ff
  951  00001a08  6c64002f	sgtui	r4,r3,#47
  952  00001a0c  1080001c	beqz	r4,L7_LF2
  953  00001a10  54000000	nop; delay slot nop
  954  00001a14  304300ff	andi	r3,r2,#0x00ff
  955  00001a18  70640039	sleui	r4,r3,#57
  956  00001a1c  1480005c	bnez	r4,L6_LF2
  957  00001a20  54000000	nop; delay slot nop
  958  00001a24  08000004	j	L7_LF2
  959  00001a28  54000000	nop; delay slot nop
  960  00001a2c          	L7_LF2:
  961  00001a2c  304300ff	andi	r3,r2,#0x00ff
  962  00001a30  6c640060	sgtui	r4,r3,#96
  963  00001a34  1080001c	beqz	r4,L8_LF2
  964  00001a38  54000000	nop; delay slot nop
  965  00001a3c  304300ff	andi	r3,r2,#0x00ff
  966  00001a40  70640066	sleui	r4,r3,#102
  967  00001a44  14800034	bnez	r4,L6_LF2
  968  00001a48  54000000	nop; delay slot nop
  969  00001a4c  08000004	j	L8_LF2
  970  00001a50  54000000	nop; delay slot nop
  971  00001a54          	L8_LF2:
  972  00001a54  304300ff	andi	r3,r2,#0x00ff
  973  00001a58  6c640040	sgtui	r4,r3,#64
  974  00001a5c  10800020	beqz	r4,L5_LF2
  975  00001a60  54000000	nop; delay slot nop
  976  00001a64  304300ff	andi	r3,r2,#0x00ff
  977  00001a68  70640041	sleui	r4,r3,#65
  978  00001a6c  1480000c	bnez	r4,L6_LF2
  979  00001a70  54000000	nop; delay slot nop
  980  00001a74  08000008	j	L5_LF2
  981  00001a78  54000000	nop; delay slot nop
  982  00001a7c          	L6_LF2:
  983  00001a7c  20010001	addi	r1,r0,#1
  984  00001a80          	L5_LF2:
  985  00001a80  08000004	j	L4_LF2
  986  00001a84  54000000	nop; delay slot nop
  987  00001a88          	L4_LF2:
  988  00001a88  8fa20000	lw	r2,0(r29)
  989  00001a8c  8fa30004	lw	r3,4(r29)
  990  00001a90  8fa40008	lw	r4,8(r29)
  991  00001a94  8fdffff8	lw	r31,-8(r30)
  992  00001a98  001ee820	add	r29,r0,r30
  993  00001a9c  8fdefffc	lw	r30,-4(r30)
  994  00001aa0  4be00000	jr	r31
  995  00001aa4  54000000	nop
  996  00001aa8          	.endproc _isxdigit
  997  00001aa8          	.align 2
  998  00001aa8          	.proc _dstrcpy
  999  00001aa8          	.global _dstrcpy
 1000  00001aa8          	_dstrcpy:
 1001                      ;  Function 'dstrcpy'; 8 bytes of locals, 2 regs to save.
 1002  00001aa8  afbefffc	sw	-4(r29),r30; push fp
 1003  00001aac  001df020	add	r30,r0,r29; fp = sp
 1004  00001ab0  afbffff8	sw	-8(r29),r31; push ret addr
 1005  00001ab4  2fbd0018	subui	r29,r29,#24; alloc local storage
 1006  00001ab8  afa20000	sw	0(r29),r2
 1007  00001abc  afa30004	sw	4(r29),r3
 1008  00001ac0  8fc10000	lw	r1,(r30)
 1009  00001ac4  afc1fff4	sw	-12(r30),r1
 1010  00001ac8          	L10_LF2:
 1011  00001ac8  8fc10000	lw	r1,(r30)
 1012  00001acc  20220001	addi	r2,r1,#1
 1013  00001ad0  afc20000	sw	(r30),r2
 1014  00001ad4  8fc20004	lw	r2,4(r30)
 1015  00001ad8  20430001	addi	r3,r2,#1
 1016  00001adc  afc30004	sw	4(r30),r3
 1017  00001ae0  80420000	lb	r2,(r2)
 1018  00001ae4  a0220000	sb	(r1),r2
 1019  00001ae8  a3c2fff3	sb	-13(r30),r2
 1020  00001aec          	L12_LF2:
 1021  00001aec  93c1fff3	lbu	r1,-13(r30)
 1022  00001af0  64220000	snei	r2,r1,#0
 1023  00001af4  1440000c	bnez	r2,L13_LF2
 1024  00001af8  54000000	nop; delay slot nop
 1025  00001afc  0800000c	j	L11_LF2
 1026  00001b00  54000000	nop; delay slot nop
 1027  00001b04          	L13_LF2:
 1028  00001b04  0bffffc0	j	L10_LF2
 1029  00001b08  54000000	nop; delay slot nop
 1030  00001b0c          	L11_LF2:
 1031  00001b0c  8fc1fff4	lw	r1,-12(r30)
 1032  00001b10  08000004	j	L9_LF2
 1033  00001b14  54000000	nop; delay slot nop
 1034  00001b18          	L9_LF2:
 1035  00001b18  8fa20000	lw	r2,0(r29)
 1036  00001b1c  8fa30004	lw	r3,4(r29)
 1037  00001b20  8fdffff8	lw	r31,-8(r30)
 1038  00001b24  001ee820	add	r29,r0,r30
 1039  00001b28  8fdefffc	lw	r30,-4(r30)
 1040  00001b2c  4be00000	jr	r31
 1041  00001b30  54000000	nop
 1042  00001b34          	.endproc _dstrcpy
 1043  00001b34          	.align 2
 1044  00001b34          	.proc _dstrncpy
 1045  00001b34          	.global _dstrncpy
 1046  00001b34          	_dstrncpy:
 1047                      ;  Function 'dstrncpy'; 8 bytes of locals, 2 regs to save.
 1048  00001b34  afbefffc	sw	-4(r29),r30; push fp
 1049  00001b38  001df020	add	r30,r0,r29; fp = sp
 1050  00001b3c  afbffff8	sw	-8(r29),r31; push ret addr
 1051  00001b40  2fbd0018	subui	r29,r29,#24; alloc local storage
 1052  00001b44  afa20000	sw	0(r29),r2
 1053  00001b48  afa30004	sw	4(r29),r3
 1054  00001b4c  8fc10000	lw	r1,(r30)
 1055  00001b50  afc1fff4	sw	-12(r30),r1
 1056  00001b54          	L15_LF2:
 1057  00001b54  8fc10008	lw	r1,8(r30)
 1058  00001b58  2022ffff	addi	r2,r1,#-1
 1059  00001b5c  afc20008	sw	8(r30),r2
 1060  00001b60  70210000	slei	r1,r1,#0
 1061  00001b64  1020000c	beqz	r1,L18_LF2
 1062  00001b68  54000000	nop; delay slot nop
 1063  00001b6c  08000048	j	L16_LF2
 1064  00001b70  54000000	nop; delay slot nop
 1065  00001b74          	L18_LF2:
 1066  00001b74  8fc10000	lw	r1,(r30)
 1067  00001b78  20220001	addi	r2,r1,#1
 1068  00001b7c  afc20000	sw	(r30),r2
 1069  00001b80  8fc20004	lw	r2,4(r30)
 1070  00001b84  20430001	addi	r3,r2,#1
 1071  00001b88  afc30004	sw	4(r30),r3
 1072  00001b8c  80420000	lb	r2,(r2)
 1073  00001b90  a0220000	sb	(r1),r2
 1074  00001b94  a3c2fff3	sb	-13(r30),r2
 1075  00001b98          	L17_LF2:
 1076  00001b98  93c1fff3	lbu	r1,-13(r30)
 1077  00001b9c  64220000	snei	r2,r1,#0
 1078  00001ba0  1440000c	bnez	r2,L19_LF2
 1079  00001ba4  54000000	nop; delay slot nop
 1080  00001ba8  0800000c	j	L16_LF2
 1081  00001bac  54000000	nop; delay slot nop
 1082  00001bb0          	L19_LF2:
 1083  00001bb0  0bffffa0	j	L15_LF2
 1084  00001bb4  54000000	nop; delay slot nop
 1085  00001bb8          	L16_LF2:
 1086  00001bb8  8fc1fff4	lw	r1,-12(r30)
 1087  00001bbc  08000004	j	L14_LF2
 1088  00001bc0  54000000	nop; delay slot nop
 1089  00001bc4          	L14_LF2:
 1090  00001bc4  8fa20000	lw	r2,0(r29)
 1091  00001bc8  8fa30004	lw	r3,4(r29)
 1092  00001bcc  8fdffff8	lw	r31,-8(r30)
 1093  00001bd0  001ee820	add	r29,r0,r30
 1094  00001bd4  8fdefffc	lw	r30,-4(r30)
 1095  00001bd8  4be00000	jr	r31
 1096  00001bdc  54000000	nop
 1097  00001be0          	.endproc _dstrncpy
 1098  00001be0          	.align 2
 1099  00001be0          	.proc _dstrcat
 1100  00001be0          	.global _dstrcat
 1101  00001be0          	_dstrcat:
 1102                      ;  Function 'dstrcat'; 8 bytes of locals, 1 regs to save.
 1103  00001be0  afbefffc	sw	-4(r29),r30; push fp
 1104  00001be4  001df020	add	r30,r0,r29; fp = sp
 1105  00001be8  afbffff8	sw	-8(r29),r31; push ret addr
 1106  00001bec  2fbd0018	subui	r29,r29,#24; alloc local storage
 1107  00001bf0  afa20000	sw	0(r29),r2
 1108  00001bf4  8fc10000	lw	r1,(r30)
 1109  00001bf8  afc1fff4	sw	-12(r30),r1
 1110  00001bfc          	L21_LF2:
 1111  00001bfc  8fc10000	lw	r1,(r30)
 1112  00001c00  90220000	lbu	r2,(r1)
 1113  00001c04  64410000	snei	r1,r2,#0
 1114  00001c08  1420000c	bnez	r1,L23_LF2
 1115  00001c0c  54000000	nop; delay slot nop
 1116  00001c10  0800001c	j	L22_LF2
 1117  00001c14  54000000	nop; delay slot nop
 1118  00001c18          	L23_LF2:
 1119  00001c18  8fc20000	lw	r2,(r30)
 1120  00001c1c  20410001	addi	r1,r2,#1
 1121  00001c20  00011020	add	r2,r0,r1
 1122  00001c24  afc20000	sw	(r30),r2
 1123  00001c28  0bffffd0	j	L21_LF2
 1124  00001c2c  54000000	nop; delay slot nop
 1125  00001c30          	L22_LF2:
 1126  00001c30  23bdfff8	addi	r29,r29,#-8
 1127  00001c34  001d0820	add	r1,r0,r29
 1128  00001c38  8fc20000	lw	r2,(r30)
 1129  00001c3c  ac220000	sw	(r1),r2
 1130  00001c40  8fc20004	lw	r2,4(r30)
 1131  00001c44  ac220004	sw	4(r1),r2
 1132  00001c48  0ffffe5c	jal	_dstrcpy
 1133  00001c4c  54000000	nop; delay slot nop
 1134  00001c50  23bd0008	addi	r29,r29,#8
 1135  00001c54  8fc1fff4	lw	r1,-12(r30)
 1136  00001c58  08000004	j	L20_LF2
 1137  00001c5c  54000000	nop; delay slot nop
 1138  00001c60          	L20_LF2:
 1139  00001c60  8fa20000	lw	r2,0(r29)
 1140  00001c64  8fdffff8	lw	r31,-8(r30)
 1141  00001c68  001ee820	add	r29,r0,r30
 1142  00001c6c  8fdefffc	lw	r30,-4(r30)
 1143  00001c70  4be00000	jr	r31
 1144  00001c74  54000000	nop
 1145  00001c78          	.endproc _dstrcat
 1146  00001c78          	.align 2
 1147  00001c78          	.proc _dstrncmp
 1148  00001c78          	.global _dstrncmp
 1149  00001c78          	_dstrncmp:
 1150                      ;  Function 'dstrncmp'; 8 bytes of locals, 2 regs to save.
 1151  00001c78  afbefffc	sw	-4(r29),r30; push fp
 1152  00001c7c  001df020	add	r30,r0,r29; fp = sp
 1153  00001c80  afbffff8	sw	-8(r29),r31; push ret addr
 1154  00001c84  2fbd0018	subui	r29,r29,#24; alloc local storage
 1155  00001c88  afa20000	sw	0(r29),r2
 1156  00001c8c  afa30004	sw	4(r29),r3
 1157  00001c90  54000000	nop
 1158  00001c94  20010000	addi	r1,r0,#0
 1159  00001c98  afc1fff4	sw	-12(r30),r1
 1160  00001c9c          	L25_LF2:
 1161  00001c9c  8fc1fff4	lw	r1,-12(r30)
 1162  00001ca0  8fc20008	lw	r2,8(r30)
 1163  00001ca4  0022082a	slt	r1,r1,r2
 1164  00001ca8  1420000c	bnez	r1,L28_LF2
 1165  00001cac  54000000	nop; delay slot nop
 1166  00001cb0  08000088	j	L26_LF2
 1167  00001cb4  54000000	nop; delay slot nop
 1168  00001cb8          	L28_LF2:
 1169  00001cb8  8fc10004	lw	r1,4(r30)
 1170  00001cbc  90220000	lbu	r2,(r1)
 1171  00001cc0  64410000	snei	r1,r2,#0
 1172  00001cc4  14200018	bnez	r1,L29_LF2
 1173  00001cc8  54000000	nop; delay slot nop
 1174  00001ccc  20010000	addi	r1,r0,#0
 1175  00001cd0  080000d8	j	L24_LF2
 1176  00001cd4  54000000	nop; delay slot nop
 1177  00001cd8  08000028	j	L30_LF2
 1178  00001cdc  54000000	nop; delay slot nop
 1179  00001ce0          	L29_LF2:
 1180  00001ce0  8fc10000	lw	r1,(r30)
 1181  00001ce4  8fc20004	lw	r2,4(r30)
 1182  00001ce8  90210000	lbu	r1,(r1)
 1183  00001cec  90420000	lbu	r2,(r2)
 1184  00001cf0  00220829	sne	r1,r1,r2
 1185  00001cf4  1020000c	beqz	r1,L30_LF2
 1186  00001cf8  54000000	nop; delay slot nop
 1187  00001cfc  0800003c	j	L26_LF2
 1188  00001d00  54000000	nop; delay slot nop
 1189  00001d04          	L31_LF2:
 1190  00001d04          	L30_LF2:
 1191  00001d04  8fc20000	lw	r2,(r30)
 1192  00001d08  20410001	addi	r1,r2,#1
 1193  00001d0c  00011020	add	r2,r0,r1
 1194  00001d10  afc20000	sw	(r30),r2
 1195  00001d14  8fc20004	lw	r2,4(r30)
 1196  00001d18  20410001	addi	r1,r2,#1
 1197  00001d1c  00011020	add	r2,r0,r1
 1198  00001d20  afc20004	sw	4(r30),r2
 1199  00001d24          	L27_LF2:
 1200  00001d24  8fc2fff4	lw	r2,-12(r30)
 1201  00001d28  20410001	addi	r1,r2,#1
 1202  00001d2c  00011020	add	r2,r0,r1
 1203  00001d30  afc2fff4	sw	-12(r30),r2
 1204  00001d34  0bffff64	j	L25_LF2
 1205  00001d38  54000000	nop; delay slot nop
 1206  00001d3c          	L26_LF2:
 1207  00001d3c  8fc1fff4	lw	r1,-12(r30)
 1208  00001d40  8fc20008	lw	r2,8(r30)
 1209  00001d44  00220828	seq	r1,r1,r2
 1210  00001d48  10200018	beqz	r1,L32_LF2
 1211  00001d4c  54000000	nop; delay slot nop
 1212  00001d50  20010000	addi	r1,r0,#0
 1213  00001d54  08000054	j	L24_LF2
 1214  00001d58  54000000	nop; delay slot nop
 1215  00001d5c  0800004c	j	L33_LF2
 1216  00001d60  54000000	nop; delay slot nop
 1217  00001d64          	L32_LF2:
 1218  00001d64  8fc20000	lw	r2,(r30)
 1219  00001d68  90410000	lbu	r1,(r2)
 1220  00001d6c  8fc20004	lw	r2,4(r30)
 1221  00001d70  90430000	lbu	r3,(r2)
 1222  00001d74  00230822	sub	r1,r1,r3
 1223  00001d78  74220000	sgei	r2,r1,#0
 1224  00001d7c  10400020	beqz	r2,L34_LF2
 1225  00001d80  54000000	nop; delay slot nop
 1226  00001d84  8fc10000	lw	r1,(r30)
 1227  00001d88  8fc20004	lw	r2,4(r30)
 1228  00001d8c  90210000	lbu	r1,(r1)
 1229  00001d90  90420000	lbu	r2,(r2)
 1230  00001d94  00220829	sne	r1,r1,r2
 1231  00001d98  08000008	j	L35_LF2
 1232  00001d9c  54000000	nop; delay slot nop
 1233  00001da0          	L34_LF2:
 1234  00001da0  2001ffff	addi	r1,r0,#-1
 1235  00001da4          	L35_LF2:
 1236  00001da4  08000004	j	L24_LF2
 1237  00001da8  54000000	nop; delay slot nop
 1238  00001dac          	L33_LF2:
 1239  00001dac          	L24_LF2:
 1240  00001dac  8fa20000	lw	r2,0(r29)
 1241  00001db0  8fa30004	lw	r3,4(r29)
 1242  00001db4  8fdffff8	lw	r31,-8(r30)
 1243  00001db8  001ee820	add	r29,r0,r30
 1244  00001dbc  8fdefffc	lw	r30,-4(r30)
 1245  00001dc0  4be00000	jr	r31
 1246  00001dc4  54000000	nop
 1247  00001dc8          	.endproc _dstrncmp
 1248  00001dc8          	.align 2
 1249  00001dc8          	.proc _dstrlen
 1250  00001dc8          	.global _dstrlen
 1251  00001dc8          	_dstrlen:
 1252                      ;  Function 'dstrlen'; 8 bytes of locals, 1 regs to save.
 1253  00001dc8  afbefffc	sw	-4(r29),r30; push fp
 1254  00001dcc  001df020	add	r30,r0,r29; fp = sp
 1255  00001dd0  afbffff8	sw	-8(r29),r31; push ret addr
 1256  00001dd4  2fbd0018	subui	r29,r29,#24; alloc local storage
 1257  00001dd8  afa20000	sw	0(r29),r2
 1258  00001ddc  20010000	addi	r1,r0,#0
 1259  00001de0  afc1fff4	sw	-12(r30),r1
 1260  00001de4          	L37_LF2:
 1261  00001de4  8fc10000	lw	r1,(r30)
 1262  00001de8  20220001	addi	r2,r1,#1
 1263  00001dec  afc20000	sw	(r30),r2
 1264  00001df0  90210000	lbu	r1,(r1)
 1265  00001df4  64220000	snei	r2,r1,#0
 1266  00001df8  1440000c	bnez	r2,L39_LF2
 1267  00001dfc  54000000	nop; delay slot nop
 1268  00001e00  0800001c	j	L38_LF2
 1269  00001e04  54000000	nop; delay slot nop
 1270  00001e08          	L39_LF2:
 1271  00001e08  8fc2fff4	lw	r2,-12(r30)
 1272  00001e0c  20410001	addi	r1,r2,#1
 1273  00001e10  00011020	add	r2,r0,r1
 1274  00001e14  afc2fff4	sw	-12(r30),r2
 1275  00001e18  0bffffc8	j	L37_LF2
 1276  00001e1c  54000000	nop; delay slot nop
 1277  00001e20          	L38_LF2:
 1278  00001e20  8fc1fff4	lw	r1,-12(r30)
 1279  00001e24  08000004	j	L36_LF2
 1280  00001e28  54000000	nop; delay slot nop
 1281  00001e2c          	L36_LF2:
 1282  00001e2c  8fa20000	lw	r2,0(r29)
 1283  00001e30  8fdffff8	lw	r31,-8(r30)
 1284  00001e34  001ee820	add	r29,r0,r30
 1285  00001e38  8fdefffc	lw	r30,-4(r30)
 1286  00001e3c  4be00000	jr	r31
 1287  00001e40  54000000	nop
 1288  00001e44          	.endproc _dstrlen
 1289  00001e44          	.align 2
 1290  00001e44          	.proc _dstrstr
 1291  00001e44          	.global _dstrstr
 1292  00001e44          	_dstrstr:
 1293                      ;  Function 'dstrstr'; 8 bytes of locals, 1 regs to save.
 1294  00001e44  afbefffc	sw	-4(r29),r30; push fp
 1295  00001e48  001df020	add	r30,r0,r29; fp = sp
 1296  00001e4c  afbffff8	sw	-8(r29),r31; push ret addr
 1297  00001e50  2fbd0018	subui	r29,r29,#24; alloc local storage
 1298  00001e54  afa20000	sw	0(r29),r2
 1299  00001e58  23bdfff8	addi	r29,r29,#-8
 1300  00001e5c  001d0820	add	r1,r0,r29
 1301  00001e60  8fc20004	lw	r2,4(r30)
 1302  00001e64  ac220000	sw	(r1),r2
 1303  00001e68  0fffff5c	jal	_dstrlen
 1304  00001e6c  54000000	nop; delay slot nop
 1305  00001e70  23bd0008	addi	r29,r29,#8
 1306  00001e74  afc1fff4	sw	-12(r30),r1
 1307  00001e78          	L41_LF2:
 1308  00001e78  8fc10000	lw	r1,(r30)
 1309  00001e7c  90220000	lbu	r2,(r1)
 1310  00001e80  64410000	snei	r1,r2,#0
 1311  00001e84  1420000c	bnez	r1,L43_LF2
 1312  00001e88  54000000	nop; delay slot nop
 1313  00001e8c  08000060	j	L42_LF2
 1314  00001e90  54000000	nop; delay slot nop
 1315  00001e94          	L43_LF2:
 1316  00001e94  23bdfff0	addi	r29,r29,#-16
 1317  00001e98  001d0820	add	r1,r0,r29
 1318  00001e9c  8fc20000	lw	r2,(r30)
 1319  00001ea0  ac220000	sw	(r1),r2
 1320  00001ea4  8fc20004	lw	r2,4(r30)
 1321  00001ea8  ac220004	sw	4(r1),r2
 1322  00001eac  8fc2fff4	lw	r2,-12(r30)
 1323  00001eb0  ac220008	sw	8(r1),r2
 1324  00001eb4  0ffffdc0	jal	_dstrncmp
 1325  00001eb8  54000000	nop; delay slot nop
 1326  00001ebc  23bd0010	addi	r29,r29,#16
 1327  00001ec0  64220000	snei	r2,r1,#0
 1328  00001ec4  14400010	bnez	r2,L44_LF2
 1329  00001ec8  54000000	nop; delay slot nop
 1330  00001ecc  8fc10000	lw	r1,(r30)
 1331  00001ed0  08000028	j	L40_LF2
 1332  00001ed4  54000000	nop; delay slot nop
 1333  00001ed8          	L44_LF2:
 1334  00001ed8  8fc20000	lw	r2,(r30)
 1335  00001edc  20410001	addi	r1,r2,#1
 1336  00001ee0  00011020	add	r2,r0,r1
 1337  00001ee4  afc20000	sw	(r30),r2
 1338  00001ee8  0bffff8c	j	L41_LF2
 1339  00001eec  54000000	nop; delay slot nop
 1340  00001ef0          	L42_LF2:
 1341  00001ef0  20010000	addi	r1,r0,#0
 1342  00001ef4  08000004	j	L40_LF2
 1343  00001ef8  54000000	nop; delay slot nop
 1344  00001efc          	L40_LF2:
 1345  00001efc  8fa20000	lw	r2,0(r29)
 1346  00001f00  8fdffff8	lw	r31,-8(r30)
 1347  00001f04  001ee820	add	r29,r0,r30
 1348  00001f08  8fdefffc	lw	r30,-4(r30)
 1349  00001f0c  4be00000	jr	r31
 1350  00001f10  54000000	nop
 1351  00001f14          	.endproc _dstrstr
 1352  00001f14          	.align 2
 1353  00001f14          	.proc _dmindex
 1354  00001f14          	.global _dmindex
 1355  00001f14          	_dmindex:
 1356                      ;  Function 'dmindex'; 8 bytes of locals, 1 regs to save.
 1357  00001f14  afbefffc	sw	-4(r29),r30; push fp
 1358  00001f18  001df020	add	r30,r0,r29; fp = sp
 1359  00001f1c  afbffff8	sw	-8(r29),r31; push ret addr
 1360  00001f20  2fbd0018	subui	r29,r29,#24; alloc local storage
 1361  00001f24  afa20000	sw	0(r29),r2
 1362  00001f28  54000000	nop
 1363  00001f2c          	L46_LF2:
 1364  00001f2c  8fc10000	lw	r1,(r30)
 1365  00001f30  90220000	lbu	r2,(r1)
 1366  00001f34  64410000	snei	r1,r2,#0
 1367  00001f38  1420000c	bnez	r1,L48_LF2
 1368  00001f3c  54000000	nop; delay slot nop
 1369  00001f40  08000070	j	L47_LF2
 1370  00001f44  54000000	nop; delay slot nop
 1371  00001f48          	L48_LF2:
 1372  00001f48  8fc10004	lw	r1,4(r30)
 1373  00001f4c  afc1fff4	sw	-12(r30),r1
 1374  00001f50          	L49_LF2:
 1375  00001f50  8fc1fff4	lw	r1,-12(r30)
 1376  00001f54  90220000	lbu	r2,(r1)
 1377  00001f58  64410000	snei	r1,r2,#0
 1378  00001f5c  1420000c	bnez	r1,L52_LF2
 1379  00001f60  54000000	nop; delay slot nop
 1380  00001f64  08000044	j	L50_LF2
 1381  00001f68  54000000	nop; delay slot nop
 1382  00001f6c          	L52_LF2:
 1383  00001f6c  8fc10000	lw	r1,(r30)
 1384  00001f70  8fc2fff4	lw	r2,-12(r30)
 1385  00001f74  90210000	lbu	r1,(r1)
 1386  00001f78  90420000	lbu	r2,(r2)
 1387  00001f7c  00220828	seq	r1,r1,r2
 1388  00001f80  10200010	beqz	r1,L51_LF2
 1389  00001f84  54000000	nop; delay slot nop
 1390  00001f88  8fc10000	lw	r1,(r30)
 1391  00001f8c  08000030	j	L45_LF2
 1392  00001f90  54000000	nop; delay slot nop
 1393  00001f94          	L53_LF2:
 1394  00001f94          	L51_LF2:
 1395  00001f94  8fc2fff4	lw	r2,-12(r30)
 1396  00001f98  20410001	addi	r1,r2,#1
 1397  00001f9c  00011020	add	r2,r0,r1
 1398  00001fa0  afc2fff4	sw	-12(r30),r2
 1399  00001fa4  0bffffa8	j	L49_LF2
 1400  00001fa8  54000000	nop; delay slot nop
 1401  00001fac          	L50_LF2:
 1402  00001fac  0bffff7c	j	L46_LF2
 1403  00001fb0  54000000	nop; delay slot nop
 1404  00001fb4          	L47_LF2:
 1405  00001fb4  20010000	addi	r1,r0,#0
 1406  00001fb8  08000004	j	L45_LF2
 1407  00001fbc  54000000	nop; delay slot nop
 1408  00001fc0          	L45_LF2:
 1409  00001fc0  8fa20000	lw	r2,0(r29)
 1410  00001fc4  8fdffff8	lw	r31,-8(r30)
 1411  00001fc8  001ee820	add	r29,r0,r30
 1412  00001fcc  8fdefffc	lw	r30,-4(r30)
 1413  00001fd0  4be00000	jr	r31
 1414  00001fd4  54000000	nop
 1415  00001fd8          	.endproc _dmindex
 1416  00001fd8          	.align 2
 1417  00001fd8          	.proc _dindex
 1418  00001fd8          	.global _dindex
 1419  00001fd8          	_dindex:
 1420                      ;  Function 'dindex'; 0 bytes of locals, 1 regs to save.
 1421  00001fd8  afbefffc	sw	-4(r29),r30; push fp
 1422  00001fdc  001df020	add	r30,r0,r29; fp = sp
 1423  00001fe0  afbffff8	sw	-8(r29),r31; push ret addr
 1424  00001fe4  2fbd0010	subui	r29,r29,#16; alloc local storage
 1425  00001fe8  afa20000	sw	0(r29),r2
 1426  00001fec  54000000	nop
 1427  00001ff0          	L55_LF2:
 1428  00001ff0  8fc10000	lw	r1,(r30)
 1429  00001ff4  90220000	lbu	r2,(r1)
 1430  00001ff8  64410000	snei	r1,r2,#0
 1431  00001ffc  1420000c	bnez	r1,L57_LF2
 1432  00002000  54000000	nop; delay slot nop
 1433  00002004  08000040	j	L56_LF2
 1434  00002008  54000000	nop; delay slot nop
 1435  0000200c          	L57_LF2:
 1436  0000200c  8fc10000	lw	r1,(r30)
 1437  00002010  90220000	lbu	r2,(r1)
 1438  00002014  8fc10004	lw	r1,4(r30)
 1439  00002018  00411028	seq	r2,r2,r1
 1440  0000201c  10400010	beqz	r2,L58_LF2
 1441  00002020  54000000	nop; delay slot nop
 1442  00002024  8fc10000	lw	r1,(r30)
 1443  00002028  08000028	j	L54_LF2
 1444  0000202c  54000000	nop; delay slot nop
 1445  00002030          	L58_LF2:
 1446  00002030  8fc20000	lw	r2,(r30)
 1447  00002034  20410001	addi	r1,r2,#1
 1448  00002038  00011020	add	r2,r0,r1
 1449  0000203c  afc20000	sw	(r30),r2
 1450  00002040  0bffffac	j	L55_LF2
 1451  00002044  54000000	nop; delay slot nop
 1452  00002048          	L56_LF2:
 1453  00002048  20010000	addi	r1,r0,#0
 1454  0000204c  08000004	j	L54_LF2
 1455  00002050  54000000	nop; delay slot nop
 1456  00002054          	L54_LF2:
 1457  00002054  8fa20000	lw	r2,0(r29)
 1458  00002058  8fdffff8	lw	r31,-8(r30)
 1459  0000205c  001ee820	add	r29,r0,r30
 1460  00002060  8fdefffc	lw	r30,-4(r30)
 1461  00002064  4be00000	jr	r31
 1462  00002068  54000000	nop
 1463  0000206c          	.endproc _dindex
 1464  0000206c          	.align 2
 1465  0000206c          	.proc _ditoa
 1466  0000206c          	.global _ditoa
 1467  0000206c          	_ditoa:
 1468                      ;  Function 'ditoa'; 8 bytes of locals, 2 regs to save.
 1469  0000206c  afbefffc	sw	-4(r29),r30; push fp
 1470  00002070  001df020	add	r30,r0,r29; fp = sp
 1471  00002074  afbffff8	sw	-8(r29),r31; push ret addr
 1472  00002078  2fbd0018	subui	r29,r29,#24; alloc local storage
 1473  0000207c  afa20000	sw	0(r29),r2
 1474  00002080  afa30004	sw	4(r29),r3
 1475  00002084  8fc10000	lw	r1,(r30)
 1476  00002088  68220000	slti	r2,r1,#0
 1477  0000208c  1040002c	beqz	r2,L60_LF2
 1478  00002090  54000000	nop; delay slot nop
 1479  00002094  8fc10004	lw	r1,4(r30)
 1480  00002098  20220001	addi	r2,r1,#1
 1481  0000209c  afc20004	sw	4(r30),r2
 1482  000020a0  2002002d	addi	r2,r0,(#0x2d)&0xff
 1483  000020a4  a0220000	sb	(r1),r2
 1484  000020a8  8fc10000	lw	r1,(r30)
 1485  000020ac  00011022	sub	r2,r0,r1
 1486  000020b0  afc20000	sw	(r30),r2
 1487  000020b4  08000118	j	L61_LF2
 1488  000020b8  54000000	nop; delay slot nop
 1489  000020bc          	L60_LF2:
 1490  000020bc  8fc10000	lw	r1,(r30)
 1491  000020c0  64220000	snei	r2,r1,#0
 1492  000020c4  14400020	bnez	r2,L62_LF2
 1493  000020c8  54000000	nop; delay slot nop
 1494  000020cc  8fc10004	lw	r1,4(r30)
 1495  000020d0  20220001	addi	r2,r1,#1
 1496  000020d4  afc20004	sw	4(r30),r2
 1497  000020d8  20020030	addi	r2,r0,(#0x30)&0xff
 1498  000020dc  a0220000	sb	(r1),r2
 1499  000020e0  080000ec	j	L61_LF2
 1500  000020e4  54000000	nop; delay slot nop
 1501  000020e8          	L62_LF2:
 1502  000020e8  20010001	addi	r1,r0,#1
 1503  000020ec  afc1fff4	sw	-12(r30),r1
 1504  000020f0          	L64_LF2:
 1505  000020f0  8fc1fff4	lw	r1,-12(r30)
 1506  000020f4  8fc20000	lw	r2,(r30)
 1507  000020f8  0022082c	sle	r1,r1,r2
 1508  000020fc  1420000c	bnez	r1,L66_LF2
 1509  00002100  54000000	nop; delay slot nop
 1510  00002104  08000024	j	L65_LF2
 1511  00002108  54000000	nop; delay slot nop
 1512  0000210c          	L67_LF2:
 1513  0000210c          	L66_LF2:
 1514  0000210c  8fc1fff4	lw	r1,-12(r30)
 1515  00002110  00011820	add	r3,r0,r1
 1516  00002114  50620002	slli	r2,r3,#0x2
 1517  00002118  00411020	add	r2,r2,r1
 1518  0000211c  50410001	slli	r1,r2,#0x1
 1519  00002120  afc1fff4	sw	-12(r30),r1
 1520  00002124  0bffffc8	j	L64_LF2
 1521  00002128  54000000	nop; delay slot nop
 1522  0000212c          	L65_LF2:
 1523  0000212c  54000000	nop
 1524  00002130          	L68_LF2:
 1525  00002130  8fc1fff4	lw	r1,-12(r30)
 1526  00002134  2002000a	addi	r2,r0,#10
 1527  00002138  00200035	movi2fp	f0,r1
 1528  0000213c  00400835	movi2fp	f1,r2
 1529  00002140  0401000f	div	f0,f0,f1
 1530  00002144  00000834	movfp2i	r1,f0
 1531  00002148  afc1fff4	sw	-12(r30),r1
 1532  0000214c  8fc10004	lw	r1,4(r30)
 1533  00002150  20220001	addi	r2,r1,#1
 1534  00002154  afc20004	sw	4(r30),r2
 1535  00002158  8fc20000	lw	r2,(r30)
 1536  0000215c  8fc3fff4	lw	r3,-12(r30)
 1537  00002160  00400035	movi2fp	f0,r2
 1538  00002164  00600835	movi2fp	f1,r3
 1539  00002168  0401000f	div	f0,f0,f1
 1540  0000216c  00001034	movfp2i	r2,f0
 1541  00002170  00021820	add	r3,r0,r2
 1542  00002174  20620030	addi	r2,r3,#48
 1543  00002178  a0220000	sb	(r1),r2
 1544  0000217c  8fc10000	lw	r1,(r30)
 1545  00002180  8fc3fff4	lw	r3,-12(r30)
 1546  00002184  00200035	movi2fp	f0,r1
 1547  00002188  00600835	movi2fp	f1,r3
 1548  0000218c  0401000f	div	f0,f0,f1
 1549  00002190  00001034	movfp2i	r2,f0
 1550  00002194  8fc3fff4	lw	r3,-12(r30)
 1551  00002198  00400035	movi2fp	f0,r2
 1552  0000219c  00600835	movi2fp	f1,r3
 1553  000021a0  0401000e	mult	f0,f0,f1
 1554  000021a4  00001034	movfp2i	r2,f0
 1555  000021a8  00220822	sub	r1,r1,r2
 1556  000021ac  afc10000	sw	(r30),r1
 1557  000021b0          	L70_LF2:
 1558  000021b0  8fc1fff4	lw	r1,-12(r30)
 1559  000021b4  6c220001	sgti	r2,r1,#1
 1560  000021b8  1440000c	bnez	r2,L71_LF2
 1561  000021bc  54000000	nop; delay slot nop
 1562  000021c0  0800000c	j	L61_LF2
 1563  000021c4  54000000	nop; delay slot nop
 1564  000021c8          	L71_LF2:
 1565  000021c8  0bffff64	j	L68_LF2
 1566  000021cc  54000000	nop; delay slot nop
 1567  000021d0          	L69_LF2:
 1568  000021d0          	L63_LF2:
 1569  000021d0          	L61_LF2:
 1570  000021d0  8fc10004	lw	r1,4(r30)
 1571  000021d4  20020000	addi	r2,r0,(#0x0)&0xff
 1572  000021d8  a0220000	sb	(r1),r2
 1573  000021dc          	L59_LF2:
 1574  000021dc  8fa20000	lw	r2,0(r29)
 1575  000021e0  8fa30004	lw	r3,4(r29)
 1576  000021e4  8fdffff8	lw	r31,-8(r30)
 1577  000021e8  001ee820	add	r29,r0,r30
 1578  000021ec  8fdefffc	lw	r30,-4(r30)
 1579  000021f0  4be00000	jr	r31
 1580  000021f4  54000000	nop
 1581  000021f8          	.endproc _ditoa
 1582  000021f8          	.align 2
 1583  000021f8          	.proc _dstrtol
 1584  000021f8          	.global _dstrtol
 1585  000021f8          	_dstrtol:
 1586                      ;  Function 'dstrtol'; 16 bytes of locals, 1 regs to save.
 1587  000021f8  afbefffc	sw	-4(r29),r30; push fp
 1588  000021fc  001df020	add	r30,r0,r29; fp = sp
 1589  00002200  afbffff8	sw	-8(r29),r31; push ret addr
 1590  00002204  2fbd0020	subui	r29,r29,#32; alloc local storage
 1591  00002208  afa20000	sw	0(r29),r2
 1592  0000220c  20010000	addi	r1,r0,#0
 1593  00002210  afc1fff4	sw	-12(r30),r1
 1594  00002214          	L73_LF2:
 1595  00002214  8fc10000	lw	r1,(r30)
 1596  00002218  90220000	lbu	r2,(r1)
 1597  0000221c  60410020	seqi	r1,r2,#32
 1598  00002220  14200034	bnez	r1,L75_LF2
 1599  00002224  54000000	nop; delay slot nop
 1600  00002228  8fc10000	lw	r1,(r30)
 1601  0000222c  90220000	lbu	r2,(r1)
 1602  00002230  60410009	seqi	r1,r2,#9
 1603  00002234  14200020	bnez	r1,L75_LF2
 1604  00002238  54000000	nop; delay slot nop
 1605  0000223c  8fc10000	lw	r1,(r30)
 1606  00002240  90220000	lbu	r2,(r1)
 1607  00002244  6041000a	seqi	r1,r2,#10
 1608  00002248  1420000c	bnez	r1,L75_LF2
 1609  0000224c  54000000	nop; delay slot nop
 1610  00002250  0800001c	j	L74_LF2
 1611  00002254  54000000	nop; delay slot nop
 1612  00002258          	L75_LF2:
 1613  00002258  8fc20000	lw	r2,(r30)
 1614  0000225c  20410001	addi	r1,r2,#1
 1615  00002260  00011020	add	r2,r0,r1
 1616  00002264  afc20000	sw	(r30),r2
 1617  00002268  0bffffa8	j	L73_LF2
 1618  0000226c  54000000	nop; delay slot nop
 1619  00002270          	L74_LF2:
 1620  00002270  8fc10004	lw	r1,4(r30)
 1621  00002274  64220000	snei	r2,r1,#0
 1622  00002278  10400010	beqz	r2,L76_LF2
 1623  0000227c  54000000	nop; delay slot nop
 1624  00002280  8fc10004	lw	r1,4(r30)
 1625  00002284  8fc20000	lw	r2,(r30)
 1626  00002288  ac220000	sw	(r1),r2
 1627  0000228c          	L76_LF2:
 1628  0000228c  8fc10000	lw	r1,(r30)
 1629  00002290  90220000	lbu	r2,(r1)
 1630  00002294  64410000	snei	r1,r2,#0
 1631  00002298  14200010	bnez	r1,L77_LF2
 1632  0000229c  54000000	nop; delay slot nop
 1633  000022a0  8fc1fff4	lw	r1,-12(r30)
 1634  000022a4  08000294	j	L72_LF2
 1635  000022a8  54000000	nop; delay slot nop
 1636  000022ac          	L77_LF2:
 1637  000022ac  8fc10000	lw	r1,(r30)
 1638  000022b0  90220000	lbu	r2,(r1)
 1639  000022b4  6041002d	seqi	r1,r2,#45
 1640  000022b8  10200024	beqz	r1,L78_LF2
 1641  000022bc  54000000	nop; delay slot nop
 1642  000022c0  2001ffff	addi	r1,r0,#-1
 1643  000022c4  afc1ffec	sw	-20(r30),r1
 1644  000022c8  8fc20000	lw	r2,(r30)
 1645  000022cc  20410001	addi	r1,r2,#1
 1646  000022d0  00011020	add	r2,r0,r1
 1647  000022d4  afc20000	sw	(r30),r2
 1648  000022d8  0800000c	j	L79_LF2
 1649  000022dc  54000000	nop; delay slot nop
 1650  000022e0          	L78_LF2:
 1651  000022e0  20010001	addi	r1,r0,#1
 1652  000022e4  afc1ffec	sw	-20(r30),r1
 1653  000022e8          	L79_LF2:
 1654  000022e8  8fc10008	lw	r1,8(r30)
 1655  000022ec  64220000	snei	r2,r1,#0
 1656  000022f0  14400090	bnez	r2,L80_LF2
 1657  000022f4  54000000	nop; delay slot nop
 1658  000022f8  8fc10000	lw	r1,(r30)
 1659  000022fc  90220000	lbu	r2,(r1)
 1660  00002300  60410030	seqi	r1,r2,#48
 1661  00002304  10200074	beqz	r1,L81_LF2
 1662  00002308  54000000	nop; delay slot nop
 1663  0000230c  8fc20000	lw	r2,(r30)
 1664  00002310  20410001	addi	r1,r2,#1
 1665  00002314  00011020	add	r2,r0,r1
 1666  00002318  afc20000	sw	(r30),r2
 1667  0000231c  8fc10000	lw	r1,(r30)
 1668  00002320  90220000	lbu	r2,(r1)
 1669  00002324  60410078	seqi	r1,r2,#120
 1670  00002328  14200020	bnez	r1,L83_LF2
 1671  0000232c  54000000	nop; delay slot nop
 1672  00002330  8fc10000	lw	r1,(r30)
 1673  00002334  90220000	lbu	r2,(r1)
 1674  00002338  60410058	seqi	r1,r2,#88
 1675  0000233c  1420000c	bnez	r1,L83_LF2
 1676  00002340  54000000	nop; delay slot nop
 1677  00002344  08000024	j	L82_LF2
 1678  00002348  54000000	nop; delay slot nop
 1679  0000234c          	L83_LF2:
 1680  0000234c  20010010	addi	r1,r0,#16
 1681  00002350  afc10008	sw	8(r30),r1
 1682  00002354  8fc20000	lw	r2,(r30)
 1683  00002358  20410001	addi	r1,r2,#1
 1684  0000235c  00011020	add	r2,r0,r1
 1685  00002360  afc20000	sw	(r30),r2
 1686  00002364  0800000c	j	L84_LF2
 1687  00002368  54000000	nop; delay slot nop
 1688  0000236c          	L82_LF2:
 1689  0000236c  20010008	addi	r1,r0,#8
 1690  00002370  afc10008	sw	8(r30),r1
 1691  00002374          	L84_LF2:
 1692  00002374  0800000c	j	L80_LF2
 1693  00002378  54000000	nop; delay slot nop
 1694  0000237c          	L81_LF2:
 1695  0000237c  2001000a	addi	r1,r0,#10
 1696  00002380  afc10008	sw	8(r30),r1
 1697  00002384          	L85_LF2:
 1698  00002384          	L80_LF2:
 1699  00002384  8fc10008	lw	r1,8(r30)
 1700  00002388  70220000	slei	r2,r1,#0
 1701  0000238c  1440001c	bnez	r2,L87_LF2
 1702  00002390  54000000	nop; delay slot nop
 1703  00002394  8fc10008	lw	r1,8(r30)
 1704  00002398  6c220010	sgti	r2,r1,#16
 1705  0000239c  1440000c	bnez	r2,L87_LF2
 1706  000023a0  54000000	nop; delay slot nop
 1707  000023a4  08000010	j	L86_LF2
 1708  000023a8  54000000	nop; delay slot nop
 1709  000023ac          	L87_LF2:
 1710  000023ac  8fc1fff4	lw	r1,-12(r30)
 1711  000023b0  08000188	j	L72_LF2
 1712  000023b4  54000000	nop; delay slot nop
 1713  000023b8          	L86_LF2:
 1714  000023b8  54000000	nop
 1715  000023bc          	L88_LF2:
 1716  000023bc  8fc10000	lw	r1,(r30)
 1717  000023c0  90220000	lbu	r2,(r1)
 1718  000023c4  6c41002f	sgtui	r1,r2,#47
 1719  000023c8  10200030	beqz	r1,L91_LF2
 1720  000023cc  54000000	nop; delay slot nop
 1721  000023d0  8fc10000	lw	r1,(r30)
 1722  000023d4  90220000	lbu	r2,(r1)
 1723  000023d8  70410039	sleui	r1,r2,#57
 1724  000023dc  1020001c	beqz	r1,L91_LF2
 1725  000023e0  54000000	nop; delay slot nop
 1726  000023e4  8fc10000	lw	r1,(r30)
 1727  000023e8  90220000	lbu	r2,(r1)
 1728  000023ec  2041ffd0	addi	r1,r2,#-48
 1729  000023f0  afc1fff0	sw	-16(r30),r1
 1730  000023f4  0800008c	j	L92_LF2
 1731  000023f8  54000000	nop; delay slot nop
 1732  000023fc          	L91_LF2:
 1733  000023fc  8fc10000	lw	r1,(r30)
 1734  00002400  90220000	lbu	r2,(r1)
 1735  00002404  6c410060	sgtui	r1,r2,#96
 1736  00002408  10200030	beqz	r1,L93_LF2
 1737  0000240c  54000000	nop; delay slot nop
 1738  00002410  8fc10000	lw	r1,(r30)
 1739  00002414  90220000	lbu	r2,(r1)
 1740  00002418  7041007a	sleui	r1,r2,#122
 1741  0000241c  1020001c	beqz	r1,L93_LF2
 1742  00002420  54000000	nop; delay slot nop
 1743  00002424  8fc10000	lw	r1,(r30)
 1744  00002428  90220000	lbu	r2,(r1)
 1745  0000242c  2041ffa9	addi	r1,r2,#-87
 1746  00002430  afc1fff0	sw	-16(r30),r1
 1747  00002434  0800004c	j	L92_LF2
 1748  00002438  54000000	nop; delay slot nop
 1749  0000243c          	L93_LF2:
 1750  0000243c  8fc10000	lw	r1,(r30)
 1751  00002440  90220000	lbu	r2,(r1)
 1752  00002444  6c410040	sgtui	r1,r2,#64
 1753  00002448  10200030	beqz	r1,L95_LF2
 1754  0000244c  54000000	nop; delay slot nop
 1755  00002450  8fc10000	lw	r1,(r30)
 1756  00002454  90220000	lbu	r2,(r1)
 1757  00002458  7041005a	sleui	r1,r2,#90
 1758  0000245c  1020001c	beqz	r1,L95_LF2
 1759  00002460  54000000	nop; delay slot nop
 1760  00002464  8fc10000	lw	r1,(r30)
 1761  00002468  90220000	lbu	r2,(r1)
 1762  0000246c  2041ffc9	addi	r1,r2,#-55
 1763  00002470  afc1fff0	sw	-16(r30),r1
 1764  00002474  0800000c	j	L92_LF2
 1765  00002478  54000000	nop; delay slot nop
 1766  0000247c          	L95_LF2:
 1767  0000247c  200103e8	addi	r1,r0,#1000
 1768  00002480  afc1fff0	sw	-16(r30),r1
 1769  00002484          	L96_LF2:
 1770  00002484          	L94_LF2:
 1771  00002484          	L92_LF2:
 1772  00002484  8fc1fff0	lw	r1,-16(r30)
 1773  00002488  8fc20008	lw	r2,8(r30)
 1774  0000248c  0022082a	slt	r1,r1,r2
 1775  00002490  10200040	beqz	r1,L90_LF2
 1776  00002494  54000000	nop; delay slot nop
 1777  00002498  8fc1fff4	lw	r1,-12(r30)
 1778  0000249c  8fc20008	lw	r2,8(r30)
 1779  000024a0  00200035	movi2fp	f0,r1
 1780  000024a4  00400835	movi2fp	f1,r2
 1781  000024a8  0401000e	mult	f0,f0,f1
 1782  000024ac  00000834	movfp2i	r1,f0
 1783  000024b0  afc1fff4	sw	-12(r30),r1
 1784  000024b4  8fc1fff4	lw	r1,-12(r30)
 1785  000024b8  8fc2fff0	lw	r2,-16(r30)
 1786  000024bc  00220820	add	r1,r1,r2
 1787  000024c0  afc1fff4	sw	-12(r30),r1
 1788  000024c4  8fc20000	lw	r2,(r30)
 1789  000024c8  20410001	addi	r1,r2,#1
 1790  000024cc  00011020	add	r2,r0,r1
 1791  000024d0  afc20000	sw	(r30),r2
 1792  000024d4          	L97_LF2:
 1793  000024d4          	L90_LF2:
 1794  000024d4  8fc1fff0	lw	r1,-16(r30)
 1795  000024d8  8fc20008	lw	r2,8(r30)
 1796  000024dc  0022082a	slt	r1,r1,r2
 1797  000024e0  1420000c	bnez	r1,L98_LF2
 1798  000024e4  54000000	nop; delay slot nop
 1799  000024e8  0800000c	j	L89_LF2
 1800  000024ec  54000000	nop; delay slot nop
 1801  000024f0          	L98_LF2:
 1802  000024f0  0bfffec8	j	L88_LF2
 1803  000024f4  54000000	nop; delay slot nop
 1804  000024f8          	L89_LF2:
 1805  000024f8  8fc10004	lw	r1,4(r30)
 1806  000024fc  64220000	snei	r2,r1,#0
 1807  00002500  10400010	beqz	r2,L99_LF2
 1808  00002504  54000000	nop; delay slot nop
 1809  00002508  8fc10004	lw	r1,4(r30)
 1810  0000250c  8fc20000	lw	r2,(r30)
 1811  00002510  ac220000	sw	(r1),r2
 1812  00002514          	L99_LF2:
 1813  00002514  8fc1fff4	lw	r1,-12(r30)
 1814  00002518  8fc2ffec	lw	r2,-20(r30)
 1815  0000251c  00200035	movi2fp	f0,r1
 1816  00002520  00400835	movi2fp	f1,r2
 1817  00002524  0401000e	mult	f0,f0,f1
 1818  00002528  00000834	movfp2i	r1,f0
 1819  0000252c  afc1fff4	sw	-12(r30),r1
 1820  00002530  8fc1fff4	lw	r1,-12(r30)
 1821  00002534  08000004	j	L72_LF2
 1822  00002538  54000000	nop; delay slot nop
 1823  0000253c          	L72_LF2:
 1824  0000253c  8fa20000	lw	r2,0(r29)
 1825  00002540  8fdffff8	lw	r31,-8(r30)
 1826  00002544  001ee820	add	r29,r0,r30
 1827  00002548  8fdefffc	lw	r30,-4(r30)
 1828  0000254c  4be00000	jr	r31
 1829  00002550  54000000	nop
 1830  00002554          	.endproc _dstrtol
 1831  00002554          	.align 2
 1832  00002554          	.proc _bcopy
 1833  00002554          	.global _bcopy
 1834  00002554          	_bcopy:
 1835                      ;  Function 'bcopy'; 0 bytes of locals, 2 regs to save.
 1836  00002554  afbefffc	sw	-4(r29),r30; push fp
 1837  00002558  001df020	add	r30,r0,r29; fp = sp
 1838  0000255c  afbffff8	sw	-8(r29),r31; push ret addr
 1839  00002560  2fbd0010	subui	r29,r29,#16; alloc local storage
 1840  00002564  afa20000	sw	0(r29),r2
 1841  00002568  afa30004	sw	4(r29),r3
 1842  0000256c  54000000	nop
 1843  00002570          	L101_LF2:
 1844  00002570  8fc10008	lw	r1,8(r30)
 1845  00002574  2022ffff	addi	r2,r1,#-1
 1846  00002578  afc20008	sw	8(r30),r2
 1847  0000257c  6c210000	sgti	r1,r1,#0
 1848  00002580  1420000c	bnez	r1,L103_LF2
 1849  00002584  54000000	nop; delay slot nop
 1850  00002588  0800002c	j	L102_LF2
 1851  0000258c  54000000	nop; delay slot nop
 1852  00002590          	L103_LF2:
 1853  00002590  8fc10004	lw	r1,4(r30)
 1854  00002594  20220001	addi	r2,r1,#1
 1855  00002598  afc20004	sw	4(r30),r2
 1856  0000259c  8fc20000	lw	r2,(r30)
 1857  000025a0  20430001	addi	r3,r2,#1
 1858  000025a4  afc30000	sw	(r30),r3
 1859  000025a8  80420000	lb	r2,(r2)
 1860  000025ac  a0220000	sb	(r1),r2
 1861  000025b0  0bffffbc	j	L101_LF2
 1862  000025b4  54000000	nop; delay slot nop
 1863  000025b8          	L102_LF2:
 1864  000025b8          	L100_LF2:
 1865  000025b8  8fa20000	lw	r2,0(r29)
 1866  000025bc  8fa30004	lw	r3,4(r29)
 1867  000025c0  8fdffff8	lw	r31,-8(r30)
 1868  000025c4  001ee820	add	r29,r0,r30
 1869  000025c8  8fdefffc	lw	r30,-4(r30)
 1870  000025cc  4be00000	jr	r31
 1871  000025d0  54000000	nop
 1872  000025d4          	.endproc _bcopy
 1873  000025d4          	.align 2
 1874  000025d4          	.proc _bzero
 1875  000025d4          	.global _bzero
 1876  000025d4          	_bzero:
 1877                      ;  Function 'bzero'; 0 bytes of locals, 1 regs to save.
 1878  000025d4  afbefffc	sw	-4(r29),r30; push fp
 1879  000025d8  001df020	add	r30,r0,r29; fp = sp
 1880  000025dc  afbffff8	sw	-8(r29),r31; push ret addr
 1881  000025e0  2fbd0010	subui	r29,r29,#16; alloc local storage
 1882  000025e4  afa20000	sw	0(r29),r2
 1883  000025e8  54000000	nop
 1884  000025ec          	L105_LF2:
 1885  000025ec  8fc10004	lw	r1,4(r30)
 1886  000025f0  2022ffff	addi	r2,r1,#-1
 1887  000025f4  afc20004	sw	4(r30),r2
 1888  000025f8  6c210000	sgti	r1,r1,#0
 1889  000025fc  1420000c	bnez	r1,L107_LF2
 1890  00002600  54000000	nop; delay slot nop
 1891  00002604  08000020	j	L106_LF2
 1892  00002608  54000000	nop; delay slot nop
 1893  0000260c          	L107_LF2:
 1894  0000260c  8fc10000	lw	r1,(r30)
 1895  00002610  20220001	addi	r2,r1,#1
 1896  00002614  afc20000	sw	(r30),r2
 1897  00002618  20020000	addi	r2,r0,(#0x0)&0xff
 1898  0000261c  a0220000	sb	(r1),r2
 1899  00002620  0bffffc8	j	L105_LF2
 1900  00002624  54000000	nop; delay slot nop
 1901  00002628          	L106_LF2:
 1902  00002628          	L104_LF2:
 1903  00002628  8fa20000	lw	r2,0(r29)
 1904  0000262c  8fdffff8	lw	r31,-8(r30)
 1905  00002630  001ee820	add	r29,r0,r30
 1906  00002634  8fdefffc	lw	r30,-4(r30)
 1907  00002638  4be00000	jr	r31
 1908  0000263c  54000000	nop
 1909  00002640          	.endproc _bzero
 1910  00002640          	.align 2
 1911  00002640          	.proc _min
 1912  00002640          	.global _min
 1913  00002640          	_min:
 1914                      ;  Function 'min'; 0 bytes of locals, 2 regs to save.
 1915  00002640  afbefffc	sw	-4(r29),r30; push fp
 1916  00002644  001df020	add	r30,r0,r29; fp = sp
 1917  00002648  afbffff8	sw	-8(r29),r31; push ret addr
 1918  0000264c  2fbd0010	subui	r29,r29,#16; alloc local storage
 1919  00002650  afa20000	sw	0(r29),r2
 1920  00002654  afa30004	sw	4(r29),r3
 1921  00002658  8fc10000	lw	r1,(r30)
 1922  0000265c  8fc20004	lw	r2,4(r30)
 1923  00002660  0022182c	sle	r3,r1,r2
 1924  00002664  14600008	bnez	r3,L109_LF2
 1925  00002668  54000000	nop; delay slot nop
 1926  0000266c  8fc10004	lw	r1,4(r30)
 1927  00002670          	L109_LF2:
 1928  00002670  08000004	j	L108_LF2
 1929  00002674  54000000	nop; delay slot nop
 1930  00002678          	L108_LF2:
 1931  00002678  8fa20000	lw	r2,0(r29)
 1932  0000267c  8fa30004	lw	r3,4(r29)
 1933  00002680  8fdffff8	lw	r31,-8(r30)
 1934  00002684  001ee820	add	r29,r0,r30
 1935  00002688  8fdefffc	lw	r30,-4(r30)
 1936  0000268c  4be00000	jr	r31
 1937  00002690  54000000	nop
 1938  00002694          	.endproc _min
 1939  00002694          	.align 2
 1940  00002694          	.proc _max
 1941  00002694          	.global _max
 1942  00002694          	_max:
 1943                      ;  Function 'max'; 0 bytes of locals, 2 regs to save.
 1944  00002694  afbefffc	sw	-4(r29),r30; push fp
 1945  00002698  001df020	add	r30,r0,r29; fp = sp
 1946  0000269c  afbffff8	sw	-8(r29),r31; push ret addr
 1947  000026a0  2fbd0010	subui	r29,r29,#16; alloc local storage
 1948  000026a4  afa20000	sw	0(r29),r2
 1949  000026a8  afa30004	sw	4(r29),r3
 1950  000026ac  8fc10000	lw	r1,(r30)
 1951  000026b0  8fc20004	lw	r2,4(r30)
 1952  000026b4  0022182d	sge	r3,r1,r2
 1953  000026b8  14600008	bnez	r3,L111_LF2
 1954  000026bc  54000000	nop; delay slot nop
 1955  000026c0  8fc10004	lw	r1,4(r30)
 1956  000026c4          	L111_LF2:
 1957  000026c4  08000004	j	L110_LF2
 1958  000026c8  54000000	nop; delay slot nop
 1959  000026cc          	L110_LF2:
 1960  000026cc  8fa20000	lw	r2,0(r29)
 1961  000026d0  8fa30004	lw	r3,4(r29)
 1962  000026d4  8fdffff8	lw	r31,-8(r30)
 1963  000026d8  001ee820	add	r29,r0,r30
 1964  000026dc  8fdefffc	lw	r30,-4(r30)
 1965  000026e0  4be00000	jr	r31
 1966  000026e4  54000000	nop
 1967  000026e8          	.endproc _max
 1968                      ;;; Ethan L. Miller, 1999.  Released to the public domain
 1969                      ;;;
 1970                      ;;; Most of the traps are called in files from libtraps.
 1973  000026e8          	.align 2
 1974  000026e8          	.proc _exit
 1975  000026e8          	.global _exit
 1976  000026e8          	_exit:
 1977  000026e8  44000300	trap	#0x300
 1978  000026ec  4be00000	jr	r31
 1979  000026f0  54000000	nop
 1980  000026f4          	.endproc _exit
 1982                      ; for the benefit of gcc.
 1983  000026f4          	.proc ___main
 1984  000026f4          	.global ___main
 1985  000026f4          	___main:
 1986  000026f4  4be00000	jr	r31
 1987  000026f8  54000000	nop
 1988  000026fc          	.endproc ___main
 1989  000026fc          	.text
 1990  000026fc          	.global _etext
 1991  000026fc          	_etext:
 1992  000026fc          	.align 3
 1993  00002700          	.data
 1994  000033a9          	.global _edata
 1995  000033a9          	_edata:
